<html>
<head>
<title>TestNG:  Sprint 2 Tests</title>
<link href="../testng.css" rel="stylesheet" type="text/css" />
<link href="../my-testng.css" rel="stylesheet" type="text/css" />

<style type="text/css">
.log { display: none;} 
.stack-trace { display: none;} 
</style>
<script type="text/javascript">
<!--
function flip(e) {
  current = e.style.display;
  if (current == 'block') {
    e.style.display = 'none';
    return 0;
  }
  else {
    e.style.display = 'block';
    return 1;
  }
}

function toggleBox(szDivId, elem, msg1, msg2)
{
  var res = -1;  if (document.getElementById) {
    res = flip(document.getElementById(szDivId));
  }
  else if (document.all) {
    // this is the way old msie versions work
    res = flip(document.all[szDivId]);
  }
  if(elem) {
    if(res == 0) elem.innerHTML = msg1; else elem.innerHTML = msg2;
  }

}

function toggleAllBoxes() {
  if (document.getElementsByTagName) {
    d = document.getElementsByTagName('div');
    for (i = 0; i < d.length; i++) {
      if (d[i].className == 'log') {
        flip(d[i]);
      }
    }
  }
}

// -->
</script>

</head>
<body>
<h2 align='center'>Sprint 2 Tests</h2><table border='1' align="center">
<tr>
<td>Tests passed/Failed/Skipped:</td><td>13/1/0</td>
</tr><tr>
<td>Started on:</td><td>Wed Aug 18 16:06:06 EDT 2021</td>
</tr>
<tr><td>Total time:</td><td>83 seconds (83615 ms)</td>
</tr><tr>
<td>Included groups:</td><td></td>
</tr><tr>
<td>Excluded groups:</td><td></td>
</tr>
</table><p/>
<small><i>(Hover the method name to see the test class name)</i></small><p/>
<table width='100%' border='1' class='invocation-failed'>
<tr><td colspan='4' align='center'><b>FAILED TESTS</b></td></tr>
<tr><td><b>Test method</b></td>
<td width="30%"><b>Exception</b></td>
<td width="10%"><b>Time (seconds)</b></td>
<td><b>Instance</b></td>
</tr>
<tr>
<td title='tests.PersonalInformationTests.verifyWithNoCredentials()'><b>verifyWithNoCredentials</b><br>Test class: tests.PersonalInformationTests</td>
<td><div><pre>java.lang.AssertionError: Date of birth field is not mandatory. expected [true] but found [false]
	at org.testng.Assert.fail(Assert.java:99)
	at org.testng.Assert.failNotEquals(Assert.java:1037)
	at org.testng.Assert.assertTrue(Assert.java:45)
	at tests.PersonalInformationTests.verifyWithNoCredentials(PersonalInformationTests.java:75)
	at sun.reflect.NativeMethodAccessorImpl.invoke0(Native Method)
	at sun.reflect.NativeMethodAccessorImpl.invoke(NativeMethodAccessorImpl.java:62)
	at sun.reflect.DelegatingMethodAccessorImpl.invoke(DelegatingMethodAccessorImpl.java:43)
	at java.lang.reflect.Method.invoke(Method.java:498)
	at org.testng.internal.MethodInvocationHelper.invokeMethod(MethodInvocationHelper.java:133)
	at org.testng.internal.TestInvoker.invokeMethod(TestInvoker.java:598)
	at org.testng.internal.TestInvoker.invokeTestMethod(TestInvoker.java:173)
	at org.testng.internal.MethodRunner.runInSequence(MethodRunner.java:46)
	at org.testng.internal.TestInvoker$MethodInvocationAgent.invoke(TestInvoker.java:824)
	at org.testng.internal.TestInvoker.invokeTestMethods(TestInvoker.java:146)
	at org.testng.internal.TestMethodWorker.invokeTestMethods(TestMethodWorker.java:146)
	at org.testng.internal.TestMethodWorker.run(TestMethodWorker.java:128)
	at java.util.ArrayList.forEach(ArrayList.java:1259)
	at org.testng.TestRunner.privateRun(TestRunner.java:794)
	at org.testng.TestRunner.run(TestRunner.java:596)
	at org.testng.SuiteRunner.runTest(SuiteRunner.java:377)
	at org.testng.SuiteRunner.runSequentially(SuiteRunner.java:371)
	at org.testng.SuiteRunner.privateRun(SuiteRunner.java:332)
	at org.testng.SuiteRunner.run(SuiteRunner.java:276)
	at org.testng.SuiteRunnerWorker.runSuite(SuiteRunnerWorker.java:53)
	at org.testng.SuiteRunnerWorker.run(SuiteRunnerWorker.java:96)
	at org.testng.TestNG.runSuitesSequentially(TestNG.java:1212)
	at org.testng.TestNG.runSuitesLocally(TestNG.java:1134)
	at org.testng.TestNG.runSuites(TestNG.java:1063)
	at org.testng.TestNG.run(TestNG.java:1031)
	at org.apache.maven.surefire.testng.TestNGExecutor.run(TestNGExecutor.java:284)
	at org.apache.maven.surefire.testng.TestNGXmlTestSuite.execute(TestNGXmlTestSuite.java:75)
	at org.apache.maven.surefire.testng.TestNGProvider.invoke(TestNGProvider.java:119)
	at org.apache.maven.surefire.booter.ForkedBooter.runSuitesInProcess(ForkedBooter.java:428)
	at org.apache.maven.surefire.booter.ForkedBooter.execute(ForkedBooter.java:162)
	at org.apache.maven.surefire.booter.ForkedBooter.run(ForkedBooter.java:562)
	at org.apache.maven.surefire.booter.ForkedBooter.main(ForkedBooter.java:548)
</pre></div><a href='#' onClick='toggleBox("stack-trace347238032", this, "Click to show all stack frames", "Click to hide stack frames")'>Click to show all stack frames</a>
<div class='stack-trace' id='stack-trace347238032'><pre>java.lang.AssertionError: Date of birth field is not mandatory. expected [true] but found [false]
	at org.testng.Assert.fail(Assert.java:99)
	at org.testng.Assert.failNotEquals(Assert.java:1037)
	at org.testng.Assert.assertTrue(Assert.java:45)
	at tests.PersonalInformationTests.verifyWithNoCredentials(PersonalInformationTests.java:75)
	at sun.reflect.NativeMethodAccessorImpl.invoke0(Native Method)
	at sun.reflect.NativeMethodAccessorImpl.invoke(NativeMethodAccessorImpl.java:62)
	at sun.reflect.DelegatingMethodAccessorImpl.invoke(DelegatingMethodAccessorImpl.java:43)
	at java.lang.reflect.Method.invoke(Method.java:498)
	at org.testng.internal.MethodInvocationHelper.invokeMethod(MethodInvocationHelper.java:133)
	at org.testng.internal.TestInvoker.invokeMethod(TestInvoker.java:598)
	at org.testng.internal.TestInvoker.invokeTestMethod(TestInvoker.java:173)
	at org.testng.internal.MethodRunner.runInSequence(MethodRunner.java:46)
	at org.testng.internal.TestInvoker$MethodInvocationAgent.invoke(TestInvoker.java:824)
	at org.testng.internal.TestInvoker.invokeTestMethods(TestInvoker.java:146)
	at org.testng.internal.TestMethodWorker.invokeTestMethods(TestMethodWorker.java:146)
	at org.testng.internal.TestMethodWorker.run(TestMethodWorker.java:128)
	at java.util.ArrayList.forEach(ArrayList.java:1259)
	at org.testng.TestRunner.privateRun(TestRunner.java:794)
	at org.testng.TestRunner.run(TestRunner.java:596)
	at org.testng.SuiteRunner.runTest(SuiteRunner.java:377)
	at org.testng.SuiteRunner.runSequentially(SuiteRunner.java:371)
	at org.testng.SuiteRunner.privateRun(SuiteRunner.java:332)
	at org.testng.SuiteRunner.run(SuiteRunner.java:276)
	at org.testng.SuiteRunnerWorker.runSuite(SuiteRunnerWorker.java:53)
	at org.testng.SuiteRunnerWorker.run(SuiteRunnerWorker.java:96)
	at org.testng.TestNG.runSuitesSequentially(TestNG.java:1212)
	at org.testng.TestNG.runSuitesLocally(TestNG.java:1134)
	at org.testng.TestNG.runSuites(TestNG.java:1063)
	at org.testng.TestNG.run(TestNG.java:1031)
	at org.apache.maven.surefire.testng.TestNGExecutor.run(TestNGExecutor.java:284)
	at org.apache.maven.surefire.testng.TestNGXmlTestSuite.execute(TestNGXmlTestSuite.java:75)
	at org.apache.maven.surefire.testng.TestNGProvider.invoke(TestNGProvider.java:119)
	at org.apache.maven.surefire.booter.ForkedBooter.runSuitesInProcess(ForkedBooter.java:428)
	at org.apache.maven.surefire.booter.ForkedBooter.execute(ForkedBooter.java:162)
	at org.apache.maven.surefire.booter.ForkedBooter.run(ForkedBooter.java:562)
	at org.apache.maven.surefire.booter.ForkedBooter.main(ForkedBooter.java:548)
</pre></div></td>
<td>0</td>
<td>tests.PersonalInformationTests@2f490758</td></tr>
</table><p>
<table width='100%' border='1' class='invocation-passed'>
<tr><td colspan='4' align='center'><b>PASSED TESTS</b></td></tr>
<tr><td><b>Test method</b></td>
<td width="30%"><b>Exception</b></td>
<td width="10%"><b>Time (seconds)</b></td>
<td><b>Instance</b></td>
</tr>
<tr>
<td title='tests.PersonalInformationTests.verifyWithValidCredentials()'><b>verifyWithValidCredentials</b><br>Test class: tests.PersonalInformationTests<br>Parameters: Rudy, Bride, Killner, bkillnerd@prlog.org, 01/21/1992, 852-07-3385, 271-269-6706, 226-468-2448</td>
<td></td>
<td>3</td>
<td>tests.PersonalInformationTests@2f490758</td></tr>
<tr>
<td title='tests.PersonalInformationTests.verifyWithValidCredentials()'><b>verifyWithValidCredentials</b><br>Test class: tests.PersonalInformationTests<br>Parameters: Jeremie, Britte, Vivians, bvivians0@latimes.com, 12/08/1980, 525-13-6745, 825-706-8697, 184-796-5750</td>
<td></td>
<td>4</td>
<td>tests.PersonalInformationTests@2f490758</td></tr>
<tr>
<td title='tests.PreApprovalDetailsTests.negativeTestPreApprovalDetailsWithoutData()'><b>negativeTestPreApprovalDetailsWithoutData</b><br>Test class: tests.PreApprovalDetailsTests</td>
<td></td>
<td>0</td>
<td>tests.PreApprovalDetailsTests@7181ae3f</td></tr>
<tr>
<td title='tests.PreApprovalDetailsTests.positiveTestPreApprovalDetails()'><b>positiveTestPreApprovalDetails</b><br>Test class: tests.PreApprovalDetailsTests</td>
<td></td>
<td>1</td>
<td>tests.PreApprovalDetailsTests@7181ae3f</td></tr>
<tr>
<td title='tests.LoginTests.loginWithInvalidPassword()'><b>loginWithInvalidPassword</b><br>Test class: tests.LoginTests</td>
<td></td>
<td>0</td>
<td>tests.LoginTests@f4168b8</td></tr>
<tr>
<td title='tests.PersonalInformationTests.verifyWithValidCredentials()'><b>verifyWithValidCredentials</b><br>Test class: tests.PersonalInformationTests<br>Parameters: Janenna, Lotta, Sainthill, lsainthillh@who.int, 11/18/1996, 829-91-7489, 691-539-9138, 266-952-3602</td>
<td></td>
<td>3</td>
<td>tests.PersonalInformationTests@2f490758</td></tr>
<tr>
<td title='tests.SignUpTests.signUpWithoutData()'><b>signUpWithoutData</b><br>Test class: tests.SignUpTests</td>
<td></td>
<td>0</td>
<td>tests.SignUpTests@6e2c9341</td></tr>
<tr>
<td title='tests.SignUpTests.signUpWithFaker()'><b>signUpWithFaker</b><br>Test class: tests.SignUpTests</td>
<td></td>
<td>1</td>
<td>tests.SignUpTests@6e2c9341</td></tr>
<tr>
<td title='tests.SignUpTests.signUpWithWrongEmailInput()'><b>signUpWithWrongEmailInput</b><br>Test class: tests.SignUpTests</td>
<td></td>
<td>0</td>
<td>tests.SignUpTests@6e2c9341</td></tr>
<tr>
<td title='tests.LoginTests.appHealthCheck()'><b>appHealthCheck</b><br>Test class: tests.LoginTests</td>
<td></td>
<td>0</td>
<td>tests.LoginTests@f4168b8</td></tr>
<tr>
<td title='tests.LoginTests.loginWithValidCredentials()'><b>loginWithValidCredentials</b><br>Test class: tests.LoginTests</td>
<td></td>
<td>1</td>
<td>tests.LoginTests@f4168b8</td></tr>
<tr>
<td title='tests.LoginTests.loginWithNoCredentials()'><b>loginWithNoCredentials</b><br>Test class: tests.LoginTests</td>
<td></td>
<td>0</td>
<td>tests.LoginTests@f4168b8</td></tr>
<tr>
<td title='tests.LoginTests.loginWithInvalidUsername()'><b>loginWithInvalidUsername</b><br>Test class: tests.LoginTests</td>
<td></td>
<td>0</td>
<td>tests.LoginTests@f4168b8</td></tr>
</table><p>
</body>
</html>