<!DOCTYPE html>

<html>
  <head>
  <meta charset='utf-8'>
  <title>TestNG reports</title>

    <link type="text/css" href="testng-reports1.css" rel="stylesheet" id="ultra" />
    <link type="text/css" href="testng-reports.css" rel="stylesheet" id="retro" disabled="false"/>
    <script type="text/javascript" src="jquery.min.js"></script>
    <script type="text/javascript" src="testng-reports.js"></script>
    <script type="text/javascript" src="https://www.google.com/jsapi"></script>
    <script type='text/javascript'>
      google.load('visualization', '1', {packages:['table']});
      google.setOnLoadCallback(drawTable);
      var suiteTableInitFunctions = new Array();
      var suiteTableData = new Array();
    </script>
    <!--
      <script type="text/javascript" src="jquery-ui/js/jquery-ui-1.8.16.custom.min.js"></script>
     -->
  </head>

  <body>
    <div class="top-banner-root">
      <span class="top-banner-title-font">Test results</span>
      <button class="button" id="button">Switch Retro Theme</button> <!-- button -->
      <br/>
      <span class="top-banner-font-1">1 suite, 4 failed tests</span>
    </div> <!-- top-banner-root -->
    <div class="navigator-root">
      <div class="navigator-suite-header">
        <span>All suites</span>
        <a href="#" class="collapse-all-link" title="Collapse/expand all the suites">
          <img class="collapse-all-icon" src="collapseall.gif">
          </img> <!-- collapse-all-icon -->
        </a> <!-- collapse-all-link -->
      </div> <!-- navigator-suite-header -->
      <div class="suite">
        <div class="rounded-window">
          <div class="suite-header light-rounded-window-top">
            <a href="#" class="navigator-link" panel-name="suite-Sprint_2_Parallel_Test_Suite">
              <span class="suite-name border-failed">Sprint 2 Parallel Test Suite</span>
            </a> <!-- navigator-link -->
          </div> <!-- suite-header light-rounded-window-top -->
          <div class="navigator-suite-content">
            <div class="suite-section-title">
              <span>Info</span>
            </div> <!-- suite-section-title -->
            <div class="suite-section-content">
              <ul>
                <li>
                  <a href="#" class="navigator-link " panel-name="test-xml-Sprint_2_Parallel_Test_Suite">
                    <span>C:\Users\parvi\IdeaProjects\duo_bank_project\sprint_2_parallel_classes.xml</span>
                  </a> <!-- navigator-link  -->
                </li>
                <li>
                  <a href="#" class="navigator-link " panel-name="testlist-Sprint_2_Parallel_Test_Suite">
                    <span class="test-stats">1 test</span>
                  </a> <!-- navigator-link  -->
                </li>
                <li>
                  <a href="#" class="navigator-link " panel-name="group-Sprint_2_Parallel_Test_Suite">
                    <span>1 group</span>
                  </a> <!-- navigator-link  -->
                </li>
                <li>
                  <a href="#" class="navigator-link " panel-name="times-Sprint_2_Parallel_Test_Suite">
                    <span>Times</span>
                  </a> <!-- navigator-link  -->
                </li>
                <li>
                  <a href="#" class="navigator-link " panel-name="reporter-Sprint_2_Parallel_Test_Suite">
                    <span>Reporter output</span>
                  </a> <!-- navigator-link  -->
                </li>
                <li>
                  <a href="#" class="navigator-link " panel-name="ignored-methods-Sprint_2_Parallel_Test_Suite">
                    <span>Ignored methods</span>
                  </a> <!-- navigator-link  -->
                </li>
                <li>
                  <a href="#" class="navigator-link " panel-name="chronological-Sprint_2_Parallel_Test_Suite">
                    <span>Chronological view</span>
                  </a> <!-- navigator-link  -->
                </li>
              </ul>
            </div> <!-- suite-section-content -->
            <div class="result-section">
              <div class="suite-section-title">
                <span>Results</span>
              </div> <!-- suite-section-title -->
              <div class="suite-section-content">
                <ul>
                  <li>
                    <span class="method-stats">36 methods, 4 failed,  17 skipped,  15 passed</span>
                  </li>
                  <li>
                    <span class="method-list-title failed">Failed methods</span>
                    <span class="show-or-hide-methods failed">
                      <a href="#" panel-name="suite-Sprint_2_Parallel_Test_Suite" class="hide-methods failed suite-Sprint_2_Parallel_Test_Suite"> (hide)</a> <!-- hide-methods failed suite-Sprint_2_Parallel_Test_Suite -->
                      <a href="#" panel-name="suite-Sprint_2_Parallel_Test_Suite" class="show-methods failed suite-Sprint_2_Parallel_Test_Suite"> (show)</a> <!-- show-methods failed suite-Sprint_2_Parallel_Test_Suite -->
                    </span>
                    <div class="method-list-content failed suite-Sprint_2_Parallel_Test_Suite">
                      <span>
                        <img width="3%" src="failed.png"/>
                        <a href="#" class="method navigator-link" panel-name="suite-Sprint_2_Parallel_Test_Suite" title="tests.EconsentTests" hash-for-method="EconsentWithNoCredetials">EconsentWithNoCredetials</a> <!-- method navigator-link -->
                      </span>
                      <br/>
                      <span>
                        <img width="3%" src="failed.png"/>
                        <a href="#" class="method navigator-link" panel-name="suite-Sprint_2_Parallel_Test_Suite" title="tests.CreditReportTest" hash-for-method="negativeAnswerForCreditReport">negativeAnswerForCreditReport</a> <!-- method navigator-link -->
                      </span>
                      <br/>
                      <span>
                        <img width="3%" src="failed.png"/>
                        <a href="#" class="method navigator-link" panel-name="suite-Sprint_2_Parallel_Test_Suite" title="tests.ExpensesTests" hash-for-method="verifyWithNoCredentials">verifyWithNoCredentials</a> <!-- method navigator-link -->
                      </span>
                      <br/>
                      <span>
                        <img width="3%" src="failed.png"/>
                        <a href="#" class="method navigator-link" panel-name="suite-Sprint_2_Parallel_Test_Suite" title="tests.EmploymentAndIncomeTests" hash-for-method="verifyWithNoCredentials">verifyWithNoCredentials</a> <!-- method navigator-link -->
                      </span>
                      <br/>
                    </div> <!-- method-list-content failed suite-Sprint_2_Parallel_Test_Suite -->
                  </li>
                  <li>
                    <span class="method-list-title skipped">Skipped methods</span>
                    <span class="show-or-hide-methods skipped">
                      <a href="#" panel-name="suite-Sprint_2_Parallel_Test_Suite" class="hide-methods skipped suite-Sprint_2_Parallel_Test_Suite"> (hide)</a> <!-- hide-methods skipped suite-Sprint_2_Parallel_Test_Suite -->
                      <a href="#" panel-name="suite-Sprint_2_Parallel_Test_Suite" class="show-methods skipped suite-Sprint_2_Parallel_Test_Suite"> (show)</a> <!-- show-methods skipped suite-Sprint_2_Parallel_Test_Suite -->
                    </span>
                    <div class="method-list-content skipped suite-Sprint_2_Parallel_Test_Suite">
                      <span>
                        <img width="3%" src="skipped.png"/>
                        <a href="#" class="method navigator-link" panel-name="suite-Sprint_2_Parallel_Test_Suite" title="tests.CreditReportTest" hash-for-method="positiveAnswerForCreditReport">positiveAnswerForCreditReport</a> <!-- method navigator-link -->
                      </span>
                      <br/>
                      <span>
                        <img width="3%" src="skipped.png"/>
                        <a href="#" class="method navigator-link" panel-name="suite-Sprint_2_Parallel_Test_Suite" title="tests.PersonalInformationTests" hash-for-method="verifyEmailFieldWithInvalidEmailAddress(Jeremie, Britte, Vivians, ..bvivians0gmail.com, 12/08/1980, 525-13-6745, 825-706-8697, 184-796-5750)">verifyEmailFieldWithInvalidEmailAddress(Jeremie, Britte, Vivians, ..bvivians0gmail.com, 12/08/1980, 525-13-6745, 825-706-8697, 184-796-5750)</a> <!-- method navigator-link -->
                      </span>
                      <br/>
                      <span>
                        <img width="3%" src="skipped.png"/>
                        <a href="#" class="method navigator-link" panel-name="suite-Sprint_2_Parallel_Test_Suite" title="tests.PersonalInformationTests" hash-for-method="verifyEmailFieldWithInvalidEmailAddress(Jeremie, Britte, Vivians, bv@ivi@ans0gmail.com, 12/08/1980, 525-13-6745, 825-706-8697, 184-796-5750)">verifyEmailFieldWithInvalidEmailAddress(Jeremie, Britte, Vivians, bv@ivi@ans0gmail.com, 12/08/1980, 525-13-6745, 825-706-8697, 184-796-5750)</a> <!-- method navigator-link -->
                      </span>
                      <br/>
                      <span>
                        <img width="3%" src="skipped.png"/>
                        <a href="#" class="method navigator-link" panel-name="suite-Sprint_2_Parallel_Test_Suite" title="tests.PersonalInformationTests" hash-for-method="verifyEmailFieldWithInvalidEmailAddress(Jeremie, Britte, Vivians, bvivians, 12/08/1980, 525-13-6745, 825-706-8697, 184-796-5750)">verifyEmailFieldWithInvalidEmailAddress(Jeremie, Britte, Vivians, bvivians, 12/08/1980, 525-13-6745, 825-706-8697, 184-796-5750)</a> <!-- method navigator-link -->
                      </span>
                      <br/>
                      <span>
                        <img width="3%" src="skipped.png"/>
                        <a href="#" class="method navigator-link" panel-name="suite-Sprint_2_Parallel_Test_Suite" title="tests.PersonalInformationTests" hash-for-method="verifyEmailFieldWithInvalidEmailAddress(Jeremie, Britte, Vivians, &quot;bvivians0&quot;gmail.com, 12/08/1980, 525-13-6745, 825-706-8697, 184-796-5750)">verifyEmailFieldWithInvalidEmailAddress(Jeremie, Britte, Vivians, "bvivians0"gmail.com, 12/08/1980, 525-13-6745, 825-706-8697, 184-796-5750)</a> <!-- method navigator-link -->
                      </span>
                      <br/>
                      <span>
                        <img width="3%" src="skipped.png"/>
                        <a href="#" class="method navigator-link" panel-name="suite-Sprint_2_Parallel_Test_Suite" title="tests.PersonalInformationTests" hash-for-method="verifyEmailFieldWithInvalidEmailAddress(Jeremie, Britte, Vivians, bvivians0gmail..com, 12/08/1980, 525-13-6745, 825-706-8697, 184-796-5750)">verifyEmailFieldWithInvalidEmailAddress(Jeremie, Britte, Vivians, bvivians0gmail..com, 12/08/1980, 525-13-6745, 825-706-8697, 184-796-5750)</a> <!-- method navigator-link -->
                      </span>
                      <br/>
                      <span>
                        <img width="3%" src="skipped.png"/>
                        <a href="#" class="method navigator-link" panel-name="suite-Sprint_2_Parallel_Test_Suite" title="tests.PersonalInformationTests" hash-for-method="verifyEmailFieldWithInvalidEmailAddress(Jeremie, Britte, Vivians, b vivians 0gmail.com, 12/08/1980, 525-13-6745, 825-706-8697, 184-796-5750)">verifyEmailFieldWithInvalidEmailAddress(Jeremie, Britte, Vivians, b vivians 0gmail.com, 12/08/1980, 525-13-6745, 825-706-8697, 184-796-5750)</a> <!-- method navigator-link -->
                      </span>
                      <br/>
                      <span>
                        <img width="3%" src="skipped.png"/>
                        <a href="#" class="method navigator-link" panel-name="suite-Sprint_2_Parallel_Test_Suite" title="tests.PersonalInformationTests" hash-for-method="verifyNameFieldsWithNumericCredentials(!@#$%^&amp;*, !@#$%^&amp;*, !@#$%^&amp;*, lsainthillh@who.int, 11/18/1996, 829-91-7489, 691-539-9138, 266-952-36...)">verifyNameFieldsWithNumericCredentials(!@#$%^&*, !@#$%^&*, !@#$%^&*, lsainthillh@who.int, 11/18/1996, 829-91-7489, 691-539-9138, 266-952-36...)</a> <!-- method navigator-link -->
                      </span>
                      <br/>
                      <span>
                        <img width="3%" src="skipped.png"/>
                        <a href="#" class="method navigator-link" panel-name="suite-Sprint_2_Parallel_Test_Suite" title="tests.PersonalInformationTests" hash-for-method="verifyNameFieldsWithNumericCredentials(Jeremie 123&amp;, Britte 123&amp;, Vivians 123&amp;, bvivians0@latimes.com, 12/08/1980, 525-13-6745, 825-706-869...)">verifyNameFieldsWithNumericCredentials(Jeremie 123&, Britte 123&, Vivians 123&, bvivians0@latimes.com, 12/08/1980, 525-13-6745, 825-706-869...)</a> <!-- method navigator-link -->
                      </span>
                      <br/>
                      <span>
                        <img width="3%" src="skipped.png"/>
                        <a href="#" class="method navigator-link" panel-name="suite-Sprint_2_Parallel_Test_Suite" title="tests.PersonalInformationTests" hash-for-method="verifyNameFieldsWithNumericCredentials(123456789, 123456789, 123456789, bkillnerd@prlog.org, 01/21/1992, 852-07-3385, 271-269-6706, 226-468...)">verifyNameFieldsWithNumericCredentials(123456789, 123456789, 123456789, bkillnerd@prlog.org, 01/21/1992, 852-07-3385, 271-269-6706, 226-468...)</a> <!-- method navigator-link -->
                      </span>
                      <br/>
                      <span>
                        <img width="3%" src="skipped.png"/>
                        <a href="#" class="method navigator-link" panel-name="suite-Sprint_2_Parallel_Test_Suite" title="tests.PersonalInformationTests" hash-for-method="verifyRequiredFields">verifyRequiredFields</a> <!-- method navigator-link -->
                      </span>
                      <br/>
                      <span>
                        <img width="3%" src="skipped.png"/>
                        <a href="#" class="method navigator-link" panel-name="suite-Sprint_2_Parallel_Test_Suite" title="tests.PersonalInformationTests" hash-for-method="verifyWithNoCredentials">verifyWithNoCredentials</a> <!-- method navigator-link -->
                      </span>
                      <br/>
                      <span>
                        <img width="3%" src="skipped.png"/>
                        <a href="#" class="method navigator-link" panel-name="suite-Sprint_2_Parallel_Test_Suite" title="tests.ExpensesTests" hash-for-method="verifyWithRentCheckBox">verifyWithRentCheckBox</a> <!-- method navigator-link -->
                      </span>
                      <br/>
                      <span>
                        <img width="3%" src="skipped.png"/>
                        <a href="#" class="method navigator-link" panel-name="suite-Sprint_2_Parallel_Test_Suite" title="tests.PersonalInformationTests" hash-for-method="verifyWithValidCredentials">verifyWithValidCredentials</a> <!-- method navigator-link -->
                      </span>
                      <br/>
                      <span>
                        <img width="3%" src="skipped.png"/>
                        <a href="#" class="method navigator-link" panel-name="suite-Sprint_2_Parallel_Test_Suite" title="tests.PersonalInformationTests" hash-for-method="verifyWithValidCredentialsFromCsvFile(Janenna, Lotta, Sainthill, lsainthillh@who.int, 11/18/1996, 829-91-7489, 691-539-9138, 266-952-3602)">verifyWithValidCredentialsFromCsvFile(Janenna, Lotta, Sainthill, lsainthillh@who.int, 11/18/1996, 829-91-7489, 691-539-9138, 266-952-3602)</a> <!-- method navigator-link -->
                      </span>
                      <br/>
                      <span>
                        <img width="3%" src="skipped.png"/>
                        <a href="#" class="method navigator-link" panel-name="suite-Sprint_2_Parallel_Test_Suite" title="tests.PersonalInformationTests" hash-for-method="verifyWithValidCredentialsFromCsvFile(Jeremie, Britte, Vivians, bvivians0@latimes.com, 12/08/1980, 525-13-6745, 825-706-8697, 184-796-5750)">verifyWithValidCredentialsFromCsvFile(Jeremie, Britte, Vivians, bvivians0@latimes.com, 12/08/1980, 525-13-6745, 825-706-8697, 184-796-5750)</a> <!-- method navigator-link -->
                      </span>
                      <br/>
                      <span>
                        <img width="3%" src="skipped.png"/>
                        <a href="#" class="method navigator-link" panel-name="suite-Sprint_2_Parallel_Test_Suite" title="tests.PersonalInformationTests" hash-for-method="verifyWithValidCredentialsFromCsvFile(Rudy, Bride, Killner, bkillnerd@prlog.org, 01/21/1992, 852-07-3385, 271-269-6706, 226-468-2448)">verifyWithValidCredentialsFromCsvFile(Rudy, Bride, Killner, bkillnerd@prlog.org, 01/21/1992, 852-07-3385, 271-269-6706, 226-468-2448)</a> <!-- method navigator-link -->
                      </span>
                      <br/>
                    </div> <!-- method-list-content skipped suite-Sprint_2_Parallel_Test_Suite -->
                  </li>
                  <li>
                    <span class="method-list-title passed">Passed methods</span>
                    <span class="show-or-hide-methods passed">
                      <a href="#" panel-name="suite-Sprint_2_Parallel_Test_Suite" class="hide-methods passed suite-Sprint_2_Parallel_Test_Suite"> (hide)</a> <!-- hide-methods passed suite-Sprint_2_Parallel_Test_Suite -->
                      <a href="#" panel-name="suite-Sprint_2_Parallel_Test_Suite" class="show-methods passed suite-Sprint_2_Parallel_Test_Suite"> (show)</a> <!-- show-methods passed suite-Sprint_2_Parallel_Test_Suite -->
                    </span>
                    <div class="method-list-content passed suite-Sprint_2_Parallel_Test_Suite">
                      <span>
                        <img width="3%" src="passed.png"/>
                        <a href="#" class="method navigator-link" panel-name="suite-Sprint_2_Parallel_Test_Suite" title="tests.EconsentTests" hash-for-method="EconsentWithInValidCredentials">EconsentWithInValidCredentials</a> <!-- method navigator-link -->
                      </span>
                      <br/>
                      <span>
                        <img width="3%" src="passed.png"/>
                        <a href="#" class="method navigator-link" panel-name="suite-Sprint_2_Parallel_Test_Suite" title="tests.EconsentTests" hash-for-method="EconsentWithValidCredentials">EconsentWithValidCredentials</a> <!-- method navigator-link -->
                      </span>
                      <br/>
                      <span>
                        <img width="3%" src="passed.png"/>
                        <a href="#" class="method navigator-link" panel-name="suite-Sprint_2_Parallel_Test_Suite" title="tests.LoginTests" hash-for-method="appHealthCheck">appHealthCheck</a> <!-- method navigator-link -->
                      </span>
                      <br/>
                      <span>
                        <img width="3%" src="passed.png"/>
                        <a href="#" class="method navigator-link" panel-name="suite-Sprint_2_Parallel_Test_Suite" title="tests.LoginTests" hash-for-method="loginWithInvalidPassword">loginWithInvalidPassword</a> <!-- method navigator-link -->
                      </span>
                      <br/>
                      <span>
                        <img width="3%" src="passed.png"/>
                        <a href="#" class="method navigator-link" panel-name="suite-Sprint_2_Parallel_Test_Suite" title="tests.LoginTests" hash-for-method="loginWithInvalidUsername">loginWithInvalidUsername</a> <!-- method navigator-link -->
                      </span>
                      <br/>
                      <span>
                        <img width="3%" src="passed.png"/>
                        <a href="#" class="method navigator-link" panel-name="suite-Sprint_2_Parallel_Test_Suite" title="tests.LoginTests" hash-for-method="loginWithNoCredentials">loginWithNoCredentials</a> <!-- method navigator-link -->
                      </span>
                      <br/>
                      <span>
                        <img width="3%" src="passed.png"/>
                        <a href="#" class="method navigator-link" panel-name="suite-Sprint_2_Parallel_Test_Suite" title="tests.LoginTests" hash-for-method="loginWithValidCredentials">loginWithValidCredentials</a> <!-- method navigator-link -->
                      </span>
                      <br/>
                      <span>
                        <img width="3%" src="passed.png"/>
                        <a href="#" class="method navigator-link" panel-name="suite-Sprint_2_Parallel_Test_Suite" title="tests.PreApprovalDetailsTests" hash-for-method="negativeTestPreApprovalDetailsWithoutData">negativeTestPreApprovalDetailsWithoutData</a> <!-- method navigator-link -->
                      </span>
                      <br/>
                      <span>
                        <img width="3%" src="passed.png"/>
                        <a href="#" class="method navigator-link" panel-name="suite-Sprint_2_Parallel_Test_Suite" title="tests.PreApprovalDetailsTests" hash-for-method="positiveTestPreApprovalDetails">positiveTestPreApprovalDetails</a> <!-- method navigator-link -->
                      </span>
                      <br/>
                      <span>
                        <img width="3%" src="passed.png"/>
                        <a href="#" class="method navigator-link" panel-name="suite-Sprint_2_Parallel_Test_Suite" title="tests.SignUpTests" hash-for-method="signUpWithFaker">signUpWithFaker</a> <!-- method navigator-link -->
                      </span>
                      <br/>
                      <span>
                        <img width="3%" src="passed.png"/>
                        <a href="#" class="method navigator-link" panel-name="suite-Sprint_2_Parallel_Test_Suite" title="tests.SignUpTests" hash-for-method="signUpWithWrongEmailInput">signUpWithWrongEmailInput</a> <!-- method navigator-link -->
                      </span>
                      <br/>
                      <span>
                        <img width="3%" src="passed.png"/>
                        <a href="#" class="method navigator-link" panel-name="suite-Sprint_2_Parallel_Test_Suite" title="tests.SignUpTests" hash-for-method="signUpWithoutData">signUpWithoutData</a> <!-- method navigator-link -->
                      </span>
                      <br/>
                      <span>
                        <img width="3%" src="passed.png"/>
                        <a href="#" class="method navigator-link" panel-name="suite-Sprint_2_Parallel_Test_Suite" title="tests.PersonalInformationTests" hash-for-method="verifyEmailFieldWithInvalidEmailAddress(Jeremie, Britte, Vivians, gmail.com, 12/08/1980, 525-13-6745, 825-706-8697, 184-796-5750)">verifyEmailFieldWithInvalidEmailAddress(Jeremie, Britte, Vivians, gmail.com, 12/08/1980, 525-13-6745, 825-706-8697, 184-796-5750)</a> <!-- method navigator-link -->
                      </span>
                      <br/>
                      <span>
                        <img width="3%" src="passed.png"/>
                        <a href="#" class="method navigator-link" panel-name="suite-Sprint_2_Parallel_Test_Suite" title="tests.ExpensesTests" hash-for-method="verifyWithOwnCheckBox">verifyWithOwnCheckBox</a> <!-- method navigator-link -->
                      </span>
                      <br/>
                      <span>
                        <img width="3%" src="passed.png"/>
                        <a href="#" class="method navigator-link" panel-name="suite-Sprint_2_Parallel_Test_Suite" title="tests.EmploymentAndIncomeTests" hash-for-method="verifyWithValidDataEmploymentAndIncome">verifyWithValidDataEmploymentAndIncome</a> <!-- method navigator-link -->
                      </span>
                      <br/>
                    </div> <!-- method-list-content passed suite-Sprint_2_Parallel_Test_Suite -->
                  </li>
                </ul>
              </div> <!-- suite-section-content -->
            </div> <!-- result-section -->
          </div> <!-- navigator-suite-content -->
        </div> <!-- rounded-window -->
      </div> <!-- suite -->
    </div> <!-- navigator-root -->
    <div class="wrapper">
      <div class="main-panel-root">
        <div panel-name="suite-Sprint_2_Parallel_Test_Suite" class="panel Sprint_2_Parallel_Test_Suite">
          <div class="suite-Sprint_2_Parallel_Test_Suite-class-failed">
            <div class="main-panel-header rounded-window-top">
              <img src="failed.png"/>
              <span class="class-name">tests.ExpensesTests</span>
            </div> <!-- main-panel-header rounded-window-top -->
            <div class="main-panel-content rounded-window-bottom">
              <div class="method">
                <div class="method-content">
                  <a name="verifyWithNoCredentials">
                  </a> <!-- verifyWithNoCredentials -->
                  <span class="method-name">verifyWithNoCredentials</span>
                  <div class="stack-trace">org.openqa.selenium.NoSuchElementException: no such element: Unable to locate element: {&quot;method&quot;:&quot;xpath&quot;,&quot;selector&quot;:&quot;//a[@id=&apos;steps-uid-0-t-3&apos;]//span[.=&apos;current step: &apos;]&quot;}
  (Session info: chrome=92.0.4515.159)
For documentation on this error, please visit: https://www.seleniumhq.org/exceptions/no_such_element.html
Build info: version: &apos;3.141.59&apos;, revision: &apos;e82be7d358&apos;, time: &apos;2018-11-14T08:17:03&apos;
System info: host: &apos;DESKTOP-P8JIU9Q&apos;, ip: &apos;192.168.1.158&apos;, os.name: &apos;Windows 10&apos;, os.arch: &apos;amd64&apos;, os.version: &apos;10.0&apos;, java.version: &apos;1.8.0_281&apos;
Driver info: org.openqa.selenium.chrome.ChromeDriver
Capabilities {acceptInsecureCerts: false, browserName: chrome, browserVersion: 92.0.4515.159, chrome: {chromedriverVersion: 92.0.4515.107 (87a818b10553..., userDataDir: C:\Users\parvi\AppData\Loca...}, goog:chromeOptions: {debuggerAddress: localhost:56148}, javascriptEnabled: true, networkConnectionEnabled: false, pageLoadStrategy: normal, platform: WINDOWS, platformName: WINDOWS, proxy: Proxy(), setWindowRect: true, strictFileInteractability: false, timeouts: {implicit: 0, pageLoad: 300000, script: 30000}, unhandledPromptBehavior: dismiss and notify, webauthn:extension:credBlob: true, webauthn:extension:largeBlob: true, webauthn:virtualAuthenticators: true}
Session ID: e2ec4c059d8964e394c8164713a770f7
*** Element info: {Using=xpath, value=//a[@id=&apos;steps-uid-0-t-3&apos;]//span[.=&apos;current step: &apos;]}
	at sun.reflect.NativeConstructorAccessorImpl.newInstance0(Native Method)
	at sun.reflect.NativeConstructorAccessorImpl.newInstance(NativeConstructorAccessorImpl.java:62)
	at sun.reflect.DelegatingConstructorAccessorImpl.newInstance(DelegatingConstructorAccessorImpl.java:45)
	at java.lang.reflect.Constructor.newInstance(Constructor.java:423)
	at org.openqa.selenium.remote.http.W3CHttpResponseCodec.createException(W3CHttpResponseCodec.java:187)
	at org.openqa.selenium.remote.http.W3CHttpResponseCodec.decode(W3CHttpResponseCodec.java:122)
	at org.openqa.selenium.remote.http.W3CHttpResponseCodec.decode(W3CHttpResponseCodec.java:49)
	at org.openqa.selenium.remote.HttpCommandExecutor.execute(HttpCommandExecutor.java:158)
	at org.openqa.selenium.remote.service.DriverCommandExecutor.execute(DriverCommandExecutor.java:83)
	at org.openqa.selenium.remote.RemoteWebDriver.execute(RemoteWebDriver.java:552)
	at org.openqa.selenium.remote.RemoteWebDriver.findElement(RemoteWebDriver.java:323)
	at org.openqa.selenium.remote.RemoteWebDriver.findElementByXPath(RemoteWebDriver.java:428)
	at org.openqa.selenium.By$ByXPath.findElement(By.java:353)
	at org.openqa.selenium.remote.RemoteWebDriver.findElement(RemoteWebDriver.java:315)
	at tests.ExpensesTests.verifyWithNoCredentials(ExpensesTests.java:59)
	at sun.reflect.NativeMethodAccessorImpl.invoke0(Native Method)
	at sun.reflect.NativeMethodAccessorImpl.invoke(NativeMethodAccessorImpl.java:62)
	at sun.reflect.DelegatingMethodAccessorImpl.invoke(DelegatingMethodAccessorImpl.java:43)
	at java.lang.reflect.Method.invoke(Method.java:498)
	at org.testng.internal.MethodInvocationHelper.invokeMethod(MethodInvocationHelper.java:133)
	at org.testng.internal.TestInvoker.invokeMethod(TestInvoker.java:598)
	at org.testng.internal.TestInvoker.invokeTestMethod(TestInvoker.java:173)
	at org.testng.internal.MethodRunner.runInSequence(MethodRunner.java:46)
	at org.testng.internal.TestInvoker$MethodInvocationAgent.invoke(TestInvoker.java:824)
	at org.testng.internal.TestInvoker.invokeTestMethods(TestInvoker.java:146)
	at org.testng.internal.TestMethodWorker.invokeTestMethods(TestMethodWorker.java:146)
	at org.testng.internal.TestMethodWorker.run(TestMethodWorker.java:128)
	at java.util.concurrent.ThreadPoolExecutor.runWorker(ThreadPoolExecutor.java:1149)
	at java.util.concurrent.ThreadPoolExecutor$Worker.run(ThreadPoolExecutor.java:624)
	at java.lang.Thread.run(Thread.java:748)

</div> <!-- stack-trace -->
                </div> <!-- method-content -->
              </div> <!-- method -->
            </div> <!-- main-panel-content rounded-window-bottom -->
          </div> <!-- suite-Sprint_2_Parallel_Test_Suite-class-failed -->
          <div class="suite-Sprint_2_Parallel_Test_Suite-class-failed">
            <div class="main-panel-header rounded-window-top">
              <img src="failed.png"/>
              <span class="class-name">tests.EconsentTests</span>
            </div> <!-- main-panel-header rounded-window-top -->
            <div class="main-panel-content rounded-window-bottom">
              <div class="method">
                <div class="method-content">
                  <a name="EconsentWithNoCredetials">
                  </a> <!-- EconsentWithNoCredetials -->
                  <span class="method-name">EconsentWithNoCredetials</span>
                  <div class="stack-trace">java.lang.AssertionError: expected [false] but found [true]
	at org.testng.Assert.fail(Assert.java:99)
	at org.testng.Assert.failNotEquals(Assert.java:1037)
	at org.testng.Assert.assertFalse(Assert.java:67)
	at org.testng.Assert.assertFalse(Assert.java:77)
	at tests.EconsentTests.EconsentWithNoCredetials(EconsentTests.java:62)
	at sun.reflect.NativeMethodAccessorImpl.invoke0(Native Method)
	at sun.reflect.NativeMethodAccessorImpl.invoke(NativeMethodAccessorImpl.java:62)
	at sun.reflect.DelegatingMethodAccessorImpl.invoke(DelegatingMethodAccessorImpl.java:43)
	at java.lang.reflect.Method.invoke(Method.java:498)
	at org.testng.internal.MethodInvocationHelper.invokeMethod(MethodInvocationHelper.java:133)
	at org.testng.internal.TestInvoker.invokeMethod(TestInvoker.java:598)
	at org.testng.internal.TestInvoker.invokeTestMethod(TestInvoker.java:173)
	at org.testng.internal.MethodRunner.runInSequence(MethodRunner.java:46)
	at org.testng.internal.TestInvoker$MethodInvocationAgent.invoke(TestInvoker.java:824)
	at org.testng.internal.TestInvoker.invokeTestMethods(TestInvoker.java:146)
	at org.testng.internal.TestMethodWorker.invokeTestMethods(TestMethodWorker.java:146)
	at org.testng.internal.TestMethodWorker.run(TestMethodWorker.java:128)
	at java.util.concurrent.ThreadPoolExecutor.runWorker(ThreadPoolExecutor.java:1149)
	at java.util.concurrent.ThreadPoolExecutor$Worker.run(ThreadPoolExecutor.java:624)
	at java.lang.Thread.run(Thread.java:748)

</div> <!-- stack-trace -->
                </div> <!-- method-content -->
              </div> <!-- method -->
            </div> <!-- main-panel-content rounded-window-bottom -->
          </div> <!-- suite-Sprint_2_Parallel_Test_Suite-class-failed -->
          <div class="suite-Sprint_2_Parallel_Test_Suite-class-failed">
            <div class="main-panel-header rounded-window-top">
              <img src="failed.png"/>
              <span class="class-name">tests.CreditReportTest</span>
            </div> <!-- main-panel-header rounded-window-top -->
            <div class="main-panel-content rounded-window-bottom">
              <div class="method">
                <div class="method-content">
                  <a name="negativeAnswerForCreditReport">
                  </a> <!-- negativeAnswerForCreditReport -->
                  <span class="method-name">negativeAnswerForCreditReport</span>
                  <div class="stack-trace">java.lang.AssertionError: expected [false] but found [true]
	at org.testng.Assert.fail(Assert.java:99)
	at org.testng.Assert.failNotEquals(Assert.java:1037)
	at org.testng.Assert.assertFalse(Assert.java:67)
	at org.testng.Assert.assertFalse(Assert.java:77)
	at tests.CreditReportTest.negativeAnswerForCreditReport(CreditReportTest.java:48)
	at sun.reflect.NativeMethodAccessorImpl.invoke0(Native Method)
	at sun.reflect.NativeMethodAccessorImpl.invoke(NativeMethodAccessorImpl.java:62)
	at sun.reflect.DelegatingMethodAccessorImpl.invoke(DelegatingMethodAccessorImpl.java:43)
	at java.lang.reflect.Method.invoke(Method.java:498)
	at org.testng.internal.MethodInvocationHelper.invokeMethod(MethodInvocationHelper.java:133)
	at org.testng.internal.TestInvoker.invokeMethod(TestInvoker.java:598)
	at org.testng.internal.TestInvoker.invokeTestMethod(TestInvoker.java:173)
	at org.testng.internal.MethodRunner.runInSequence(MethodRunner.java:46)
	at org.testng.internal.TestInvoker$MethodInvocationAgent.invoke(TestInvoker.java:824)
	at org.testng.internal.TestInvoker.invokeTestMethods(TestInvoker.java:146)
	at org.testng.internal.TestMethodWorker.invokeTestMethods(TestMethodWorker.java:146)
	at org.testng.internal.TestMethodWorker.run(TestMethodWorker.java:128)
	at java.util.concurrent.ThreadPoolExecutor.runWorker(ThreadPoolExecutor.java:1149)
	at java.util.concurrent.ThreadPoolExecutor$Worker.run(ThreadPoolExecutor.java:624)
	at java.lang.Thread.run(Thread.java:748)

</div> <!-- stack-trace -->
                </div> <!-- method-content -->
              </div> <!-- method -->
            </div> <!-- main-panel-content rounded-window-bottom -->
          </div> <!-- suite-Sprint_2_Parallel_Test_Suite-class-failed -->
          <div class="suite-Sprint_2_Parallel_Test_Suite-class-failed">
            <div class="main-panel-header rounded-window-top">
              <img src="failed.png"/>
              <span class="class-name">tests.EmploymentAndIncomeTests</span>
            </div> <!-- main-panel-header rounded-window-top -->
            <div class="main-panel-content rounded-window-bottom">
              <div class="method">
                <div class="method-content">
                  <a name="verifyWithNoCredentials">
                  </a> <!-- verifyWithNoCredentials -->
                  <span class="method-name">verifyWithNoCredentials</span>
                  <div class="stack-trace">org.openqa.selenium.NoSuchElementException: no such element: Unable to locate element: {&quot;method&quot;:&quot;xpath&quot;,&quot;selector&quot;:&quot;//a[@id=&apos;steps-uid-0-t-4&apos;]//span[.=&apos;current step: &apos;]&quot;}
  (Session info: chrome=92.0.4515.159)
For documentation on this error, please visit: https://www.seleniumhq.org/exceptions/no_such_element.html
Build info: version: &apos;3.141.59&apos;, revision: &apos;e82be7d358&apos;, time: &apos;2018-11-14T08:17:03&apos;
System info: host: &apos;DESKTOP-P8JIU9Q&apos;, ip: &apos;192.168.1.158&apos;, os.name: &apos;Windows 10&apos;, os.arch: &apos;amd64&apos;, os.version: &apos;10.0&apos;, java.version: &apos;1.8.0_281&apos;
Driver info: org.openqa.selenium.chrome.ChromeDriver
Capabilities {acceptInsecureCerts: false, browserName: chrome, browserVersion: 92.0.4515.159, chrome: {chromedriverVersion: 92.0.4515.107 (87a818b10553..., userDataDir: C:\Users\parvi\AppData\Loca...}, goog:chromeOptions: {debuggerAddress: localhost:57791}, javascriptEnabled: true, networkConnectionEnabled: false, pageLoadStrategy: normal, platform: WINDOWS, platformName: WINDOWS, proxy: Proxy(), setWindowRect: true, strictFileInteractability: false, timeouts: {implicit: 0, pageLoad: 300000, script: 30000}, unhandledPromptBehavior: dismiss and notify, webauthn:extension:credBlob: true, webauthn:extension:largeBlob: true, webauthn:virtualAuthenticators: true}
Session ID: 7988a813cc635a189c156ab6039625f6
*** Element info: {Using=xpath, value=//a[@id=&apos;steps-uid-0-t-4&apos;]//span[.=&apos;current step: &apos;]}
	at sun.reflect.NativeConstructorAccessorImpl.newInstance0(Native Method)
	at sun.reflect.NativeConstructorAccessorImpl.newInstance(NativeConstructorAccessorImpl.java:62)
	at sun.reflect.DelegatingConstructorAccessorImpl.newInstance(DelegatingConstructorAccessorImpl.java:45)
	at java.lang.reflect.Constructor.newInstance(Constructor.java:423)
	at org.openqa.selenium.remote.http.W3CHttpResponseCodec.createException(W3CHttpResponseCodec.java:187)
	at org.openqa.selenium.remote.http.W3CHttpResponseCodec.decode(W3CHttpResponseCodec.java:122)
	at org.openqa.selenium.remote.http.W3CHttpResponseCodec.decode(W3CHttpResponseCodec.java:49)
	at org.openqa.selenium.remote.HttpCommandExecutor.execute(HttpCommandExecutor.java:158)
	at org.openqa.selenium.remote.service.DriverCommandExecutor.execute(DriverCommandExecutor.java:83)
	at org.openqa.selenium.remote.RemoteWebDriver.execute(RemoteWebDriver.java:552)
	at org.openqa.selenium.remote.RemoteWebDriver.findElement(RemoteWebDriver.java:323)
	at org.openqa.selenium.remote.RemoteWebDriver.findElementByXPath(RemoteWebDriver.java:428)
	at org.openqa.selenium.By$ByXPath.findElement(By.java:353)
	at org.openqa.selenium.remote.RemoteWebDriver.findElement(RemoteWebDriver.java:315)
	at tests.EmploymentAndIncomeTests.verifyWithNoCredentials(EmploymentAndIncomeTests.java:63)
	at sun.reflect.NativeMethodAccessorImpl.invoke0(Native Method)
	at sun.reflect.NativeMethodAccessorImpl.invoke(NativeMethodAccessorImpl.java:62)
	at sun.reflect.DelegatingMethodAccessorImpl.invoke(DelegatingMethodAccessorImpl.java:43)
	at java.lang.reflect.Method.invoke(Method.java:498)
	at org.testng.internal.MethodInvocationHelper.invokeMethod(MethodInvocationHelper.java:133)
	at org.testng.internal.TestInvoker.invokeMethod(TestInvoker.java:598)
	at org.testng.internal.TestInvoker.invokeTestMethod(TestInvoker.java:173)
	at org.testng.internal.MethodRunner.runInSequence(MethodRunner.java:46)
	at org.testng.internal.TestInvoker$MethodInvocationAgent.invoke(TestInvoker.java:824)
	at org.testng.internal.TestInvoker.invokeTestMethods(TestInvoker.java:146)
	at org.testng.internal.TestMethodWorker.invokeTestMethods(TestMethodWorker.java:146)
	at org.testng.internal.TestMethodWorker.run(TestMethodWorker.java:128)
	at java.util.concurrent.ThreadPoolExecutor.runWorker(ThreadPoolExecutor.java:1149)
	at java.util.concurrent.ThreadPoolExecutor$Worker.run(ThreadPoolExecutor.java:624)
	at java.lang.Thread.run(Thread.java:748)

</div> <!-- stack-trace -->
                </div> <!-- method-content -->
              </div> <!-- method -->
            </div> <!-- main-panel-content rounded-window-bottom -->
          </div> <!-- suite-Sprint_2_Parallel_Test_Suite-class-failed -->
          <div class="suite-Sprint_2_Parallel_Test_Suite-class-skipped">
            <div class="main-panel-header rounded-window-top">
              <img src="skipped.png"/>
              <span class="class-name">tests.ExpensesTests</span>
            </div> <!-- main-panel-header rounded-window-top -->
            <div class="main-panel-content rounded-window-bottom">
              <div class="method">
                <div class="method-content">
                  <a name="verifyWithRentCheckBox">
                  </a> <!-- verifyWithRentCheckBox -->
                  <span class="method-name">verifyWithRentCheckBox</span>
                  <div class="stack-trace">org.openqa.selenium.NoSuchElementException: no such element: Unable to locate element: {&quot;method&quot;:&quot;xpath&quot;,&quot;selector&quot;:&quot;//*[@id=&apos;realtor1&apos;]&quot;}
  (Session info: chrome=92.0.4515.159)
For documentation on this error, please visit: https://www.seleniumhq.org/exceptions/no_such_element.html
Build info: version: &apos;3.141.59&apos;, revision: &apos;e82be7d358&apos;, time: &apos;2018-11-14T08:17:03&apos;
System info: host: &apos;DESKTOP-P8JIU9Q&apos;, ip: &apos;192.168.1.158&apos;, os.name: &apos;Windows 10&apos;, os.arch: &apos;amd64&apos;, os.version: &apos;10.0&apos;, java.version: &apos;1.8.0_281&apos;
Driver info: org.openqa.selenium.chrome.ChromeDriver
Capabilities {acceptInsecureCerts: false, browserName: chrome, browserVersion: 92.0.4515.159, chrome: {chromedriverVersion: 92.0.4515.107 (87a818b10553..., userDataDir: C:\Users\parvi\AppData\Loca...}, goog:chromeOptions: {debuggerAddress: localhost:57127}, javascriptEnabled: true, networkConnectionEnabled: false, pageLoadStrategy: normal, platform: WINDOWS, platformName: WINDOWS, proxy: Proxy(), setWindowRect: true, strictFileInteractability: false, timeouts: {implicit: 0, pageLoad: 300000, script: 30000}, unhandledPromptBehavior: dismiss and notify, webauthn:extension:credBlob: true, webauthn:extension:largeBlob: true, webauthn:virtualAuthenticators: true}
Session ID: 736eee2ab2b390ea07b1cf1ba9418911
*** Element info: {Using=xpath, value=//*[@id=&apos;realtor1&apos;]}
	at sun.reflect.NativeConstructorAccessorImpl.newInstance0(Native Method)
	at sun.reflect.NativeConstructorAccessorImpl.newInstance(NativeConstructorAccessorImpl.java:62)
	at sun.reflect.DelegatingConstructorAccessorImpl.newInstance(DelegatingConstructorAccessorImpl.java:45)
	at java.lang.reflect.Constructor.newInstance(Constructor.java:423)
	at org.openqa.selenium.remote.http.W3CHttpResponseCodec.createException(W3CHttpResponseCodec.java:187)
	at org.openqa.selenium.remote.http.W3CHttpResponseCodec.decode(W3CHttpResponseCodec.java:122)
	at org.openqa.selenium.remote.http.W3CHttpResponseCodec.decode(W3CHttpResponseCodec.java:49)
	at org.openqa.selenium.remote.HttpCommandExecutor.execute(HttpCommandExecutor.java:158)
	at org.openqa.selenium.remote.service.DriverCommandExecutor.execute(DriverCommandExecutor.java:83)
	at org.openqa.selenium.remote.RemoteWebDriver.execute(RemoteWebDriver.java:552)
	at org.openqa.selenium.remote.RemoteWebDriver.findElement(RemoteWebDriver.java:323)
	at org.openqa.selenium.remote.RemoteWebDriver.findElementByXPath(RemoteWebDriver.java:428)
	at org.openqa.selenium.By$ByXPath.findElement(By.java:353)
	at org.openqa.selenium.remote.RemoteWebDriver.findElement(RemoteWebDriver.java:315)
	at org.openqa.selenium.support.pagefactory.DefaultElementLocator.findElement(DefaultElementLocator.java:69)
	at org.openqa.selenium.support.pagefactory.internal.LocatingElementHandler.invoke(LocatingElementHandler.java:38)
	at com.sun.proxy.$Proxy14.isSelected(Unknown Source)
	at tests.PreApprovalDetailsTests.positiveTestPreApprovalDetails(PreApprovalDetailsTests.java:34)
	at tests.ExpensesTests.loginSetup(ExpensesTests.java:29)
	at sun.reflect.NativeMethodAccessorImpl.invoke0(Native Method)
	at sun.reflect.NativeMethodAccessorImpl.invoke(NativeMethodAccessorImpl.java:62)
	at sun.reflect.DelegatingMethodAccessorImpl.invoke(DelegatingMethodAccessorImpl.java:43)
	at java.lang.reflect.Method.invoke(Method.java:498)
	at org.testng.internal.MethodInvocationHelper.invokeMethod(MethodInvocationHelper.java:133)
	at org.testng.internal.MethodInvocationHelper.invokeMethodConsideringTimeout(MethodInvocationHelper.java:62)
	at org.testng.internal.ConfigInvoker.invokeConfigurationMethod(ConfigInvoker.java:385)
	at org.testng.internal.ConfigInvoker.invokeConfigurations(ConfigInvoker.java:321)
	at org.testng.internal.TestInvoker.runConfigMethods(TestInvoker.java:700)
	at org.testng.internal.TestInvoker.invokeMethod(TestInvoker.java:527)
	at org.testng.internal.TestInvoker.invokeTestMethod(TestInvoker.java:173)
	at org.testng.internal.MethodRunner.runInSequence(MethodRunner.java:46)
	at org.testng.internal.TestInvoker$MethodInvocationAgent.invoke(TestInvoker.java:824)
	at org.testng.internal.TestInvoker.invokeTestMethods(TestInvoker.java:146)
	at org.testng.internal.TestMethodWorker.invokeTestMethods(TestMethodWorker.java:146)
	at org.testng.internal.TestMethodWorker.run(TestMethodWorker.java:128)
	at java.util.concurrent.ThreadPoolExecutor.runWorker(ThreadPoolExecutor.java:1149)
	at java.util.concurrent.ThreadPoolExecutor$Worker.run(ThreadPoolExecutor.java:624)
	at java.lang.Thread.run(Thread.java:748)

</div> <!-- stack-trace -->
                </div> <!-- method-content -->
              </div> <!-- method -->
            </div> <!-- main-panel-content rounded-window-bottom -->
          </div> <!-- suite-Sprint_2_Parallel_Test_Suite-class-skipped -->
          <div class="suite-Sprint_2_Parallel_Test_Suite-class-skipped">
            <div class="main-panel-header rounded-window-top">
              <img src="skipped.png"/>
              <span class="class-name">tests.CreditReportTest</span>
            </div> <!-- main-panel-header rounded-window-top -->
            <div class="main-panel-content rounded-window-bottom">
              <div class="method">
                <div class="method-content">
                  <a name="positiveAnswerForCreditReport">
                  </a> <!-- positiveAnswerForCreditReport -->
                  <span class="method-name">positiveAnswerForCreditReport</span>
                  <div class="stack-trace">org.openqa.selenium.NoSuchElementException: no such element: Unable to locate element: {&quot;method&quot;:&quot;xpath&quot;,&quot;selector&quot;:&quot;//*[@id=&apos;realtor1&apos;]&quot;}
  (Session info: chrome=92.0.4515.159)
For documentation on this error, please visit: https://www.seleniumhq.org/exceptions/no_such_element.html
Build info: version: &apos;3.141.59&apos;, revision: &apos;e82be7d358&apos;, time: &apos;2018-11-14T08:17:03&apos;
System info: host: &apos;DESKTOP-P8JIU9Q&apos;, ip: &apos;192.168.1.158&apos;, os.name: &apos;Windows 10&apos;, os.arch: &apos;amd64&apos;, os.version: &apos;10.0&apos;, java.version: &apos;1.8.0_281&apos;
Driver info: org.openqa.selenium.chrome.ChromeDriver
Capabilities {acceptInsecureCerts: false, browserName: chrome, browserVersion: 92.0.4515.159, chrome: {chromedriverVersion: 92.0.4515.107 (87a818b10553..., userDataDir: C:\Users\parvi\AppData\Loca...}, goog:chromeOptions: {debuggerAddress: localhost:56077}, javascriptEnabled: true, networkConnectionEnabled: false, pageLoadStrategy: normal, platform: WINDOWS, platformName: WINDOWS, proxy: Proxy(), setWindowRect: true, strictFileInteractability: false, timeouts: {implicit: 0, pageLoad: 300000, script: 30000}, unhandledPromptBehavior: dismiss and notify, webauthn:extension:credBlob: true, webauthn:extension:largeBlob: true, webauthn:virtualAuthenticators: true}
Session ID: 06a812d9d60b79428313f4aef945e848
*** Element info: {Using=xpath, value=//*[@id=&apos;realtor1&apos;]}
	at sun.reflect.NativeConstructorAccessorImpl.newInstance0(Native Method)
	at sun.reflect.NativeConstructorAccessorImpl.newInstance(NativeConstructorAccessorImpl.java:62)
	at sun.reflect.DelegatingConstructorAccessorImpl.newInstance(DelegatingConstructorAccessorImpl.java:45)
	at java.lang.reflect.Constructor.newInstance(Constructor.java:423)
	at org.openqa.selenium.remote.http.W3CHttpResponseCodec.createException(W3CHttpResponseCodec.java:187)
	at org.openqa.selenium.remote.http.W3CHttpResponseCodec.decode(W3CHttpResponseCodec.java:122)
	at org.openqa.selenium.remote.http.W3CHttpResponseCodec.decode(W3CHttpResponseCodec.java:49)
	at org.openqa.selenium.remote.HttpCommandExecutor.execute(HttpCommandExecutor.java:158)
	at org.openqa.selenium.remote.service.DriverCommandExecutor.execute(DriverCommandExecutor.java:83)
	at org.openqa.selenium.remote.RemoteWebDriver.execute(RemoteWebDriver.java:552)
	at org.openqa.selenium.remote.RemoteWebDriver.findElement(RemoteWebDriver.java:323)
	at org.openqa.selenium.remote.RemoteWebDriver.findElementByXPath(RemoteWebDriver.java:428)
	at org.openqa.selenium.By$ByXPath.findElement(By.java:353)
	at org.openqa.selenium.remote.RemoteWebDriver.findElement(RemoteWebDriver.java:315)
	at org.openqa.selenium.support.pagefactory.DefaultElementLocator.findElement(DefaultElementLocator.java:69)
	at org.openqa.selenium.support.pagefactory.internal.LocatingElementHandler.invoke(LocatingElementHandler.java:38)
	at com.sun.proxy.$Proxy14.isSelected(Unknown Source)
	at tests.PreApprovalDetailsTests.positiveTestPreApprovalDetails(PreApprovalDetailsTests.java:34)
	at tests.CreditReportTest.loginSetup(CreditReportTest.java:25)
	at sun.reflect.NativeMethodAccessorImpl.invoke0(Native Method)
	at sun.reflect.NativeMethodAccessorImpl.invoke(NativeMethodAccessorImpl.java:62)
	at sun.reflect.DelegatingMethodAccessorImpl.invoke(DelegatingMethodAccessorImpl.java:43)
	at java.lang.reflect.Method.invoke(Method.java:498)
	at org.testng.internal.MethodInvocationHelper.invokeMethod(MethodInvocationHelper.java:133)
	at org.testng.internal.MethodInvocationHelper.invokeMethodConsideringTimeout(MethodInvocationHelper.java:62)
	at org.testng.internal.ConfigInvoker.invokeConfigurationMethod(ConfigInvoker.java:385)
	at org.testng.internal.ConfigInvoker.invokeConfigurations(ConfigInvoker.java:321)
	at org.testng.internal.TestInvoker.runConfigMethods(TestInvoker.java:700)
	at org.testng.internal.TestInvoker.invokeMethod(TestInvoker.java:527)
	at org.testng.internal.TestInvoker.invokeTestMethod(TestInvoker.java:173)
	at org.testng.internal.MethodRunner.runInSequence(MethodRunner.java:46)
	at org.testng.internal.TestInvoker$MethodInvocationAgent.invoke(TestInvoker.java:824)
	at org.testng.internal.TestInvoker.invokeTestMethods(TestInvoker.java:146)
	at org.testng.internal.TestMethodWorker.invokeTestMethods(TestMethodWorker.java:146)
	at org.testng.internal.TestMethodWorker.run(TestMethodWorker.java:128)
	at java.util.concurrent.ThreadPoolExecutor.runWorker(ThreadPoolExecutor.java:1149)
	at java.util.concurrent.ThreadPoolExecutor$Worker.run(ThreadPoolExecutor.java:624)
	at java.lang.Thread.run(Thread.java:748)

</div> <!-- stack-trace -->
                </div> <!-- method-content -->
              </div> <!-- method -->
            </div> <!-- main-panel-content rounded-window-bottom -->
          </div> <!-- suite-Sprint_2_Parallel_Test_Suite-class-skipped -->
          <div class="suite-Sprint_2_Parallel_Test_Suite-class-skipped">
            <div class="main-panel-header rounded-window-top">
              <img src="skipped.png"/>
              <span class="class-name">tests.PersonalInformationTests</span>
            </div> <!-- main-panel-header rounded-window-top -->
            <div class="main-panel-content rounded-window-bottom">
              <div class="method">
                <div class="method-content">
                  <a name="verifyEmailFieldWithInvalidEmailAddress(Jeremie, Britte, Vivians, ..bvivians0gmail.com, 12/08/1980, 525-13-6745, 825-706-8697, 184-796-5750)">
                  </a> <!-- verifyEmailFieldWithInvalidEmailAddress(Jeremie, Britte, Vivians, ..bvivians0gmail.com, 12/08/1980, 525-13-6745, 825-706-8697, 184-796-5750) -->
                  <span class="method-name">verifyEmailFieldWithInvalidEmailAddress</span>
                  <span class="parameters">(Jeremie, Britte, Vivians, ..bvivians0gmail.com, 12/08/1980, 525-13-6745, 825-706-8697, 184-796-5750)</span>
                  <div class="stack-trace">org.openqa.selenium.NoSuchElementException: no such element: Unable to locate element: {&quot;method&quot;:&quot;xpath&quot;,&quot;selector&quot;:&quot;//*[@id=&apos;realtor1&apos;]&quot;}
  (Session info: chrome=92.0.4515.159)
For documentation on this error, please visit: https://www.seleniumhq.org/exceptions/no_such_element.html
Build info: version: &apos;3.141.59&apos;, revision: &apos;e82be7d358&apos;, time: &apos;2018-11-14T08:17:03&apos;
System info: host: &apos;DESKTOP-P8JIU9Q&apos;, ip: &apos;192.168.1.158&apos;, os.name: &apos;Windows 10&apos;, os.arch: &apos;amd64&apos;, os.version: &apos;10.0&apos;, java.version: &apos;1.8.0_281&apos;
Driver info: org.openqa.selenium.chrome.ChromeDriver
Capabilities {acceptInsecureCerts: false, browserName: chrome, browserVersion: 92.0.4515.159, chrome: {chromedriverVersion: 92.0.4515.107 (87a818b10553..., userDataDir: C:\Users\parvi\AppData\Loca...}, goog:chromeOptions: {debuggerAddress: localhost:51806}, javascriptEnabled: true, networkConnectionEnabled: false, pageLoadStrategy: normal, platform: WINDOWS, platformName: WINDOWS, proxy: Proxy(), setWindowRect: true, strictFileInteractability: false, timeouts: {implicit: 0, pageLoad: 300000, script: 30000}, unhandledPromptBehavior: dismiss and notify, webauthn:extension:credBlob: true, webauthn:extension:largeBlob: true, webauthn:virtualAuthenticators: true}
Session ID: 9172d8e6ab1849211e8b163d890e5c03
*** Element info: {Using=xpath, value=//*[@id=&apos;realtor1&apos;]}
	at sun.reflect.NativeConstructorAccessorImpl.newInstance0(Native Method)
	at sun.reflect.NativeConstructorAccessorImpl.newInstance(NativeConstructorAccessorImpl.java:62)
	at sun.reflect.DelegatingConstructorAccessorImpl.newInstance(DelegatingConstructorAccessorImpl.java:45)
	at java.lang.reflect.Constructor.newInstance(Constructor.java:423)
	at org.openqa.selenium.remote.http.W3CHttpResponseCodec.createException(W3CHttpResponseCodec.java:187)
	at org.openqa.selenium.remote.http.W3CHttpResponseCodec.decode(W3CHttpResponseCodec.java:122)
	at org.openqa.selenium.remote.http.W3CHttpResponseCodec.decode(W3CHttpResponseCodec.java:49)
	at org.openqa.selenium.remote.HttpCommandExecutor.execute(HttpCommandExecutor.java:158)
	at org.openqa.selenium.remote.service.DriverCommandExecutor.execute(DriverCommandExecutor.java:83)
	at org.openqa.selenium.remote.RemoteWebDriver.execute(RemoteWebDriver.java:552)
	at org.openqa.selenium.remote.RemoteWebDriver.findElement(RemoteWebDriver.java:323)
	at org.openqa.selenium.remote.RemoteWebDriver.findElementByXPath(RemoteWebDriver.java:428)
	at org.openqa.selenium.By$ByXPath.findElement(By.java:353)
	at org.openqa.selenium.remote.RemoteWebDriver.findElement(RemoteWebDriver.java:315)
	at org.openqa.selenium.support.pagefactory.DefaultElementLocator.findElement(DefaultElementLocator.java:69)
	at org.openqa.selenium.support.pagefactory.internal.LocatingElementHandler.invoke(LocatingElementHandler.java:38)
	at com.sun.proxy.$Proxy14.isSelected(Unknown Source)
	at tests.PreApprovalDetailsTests.positiveTestPreApprovalDetails(PreApprovalDetailsTests.java:34)
	at tests.PersonalInformationTests.loginSetup(PersonalInformationTests.java:31)
	at sun.reflect.NativeMethodAccessorImpl.invoke0(Native Method)
	at sun.reflect.NativeMethodAccessorImpl.invoke(NativeMethodAccessorImpl.java:62)
	at sun.reflect.DelegatingMethodAccessorImpl.invoke(DelegatingMethodAccessorImpl.java:43)
	at java.lang.reflect.Method.invoke(Method.java:498)
	at org.testng.internal.MethodInvocationHelper.invokeMethod(MethodInvocationHelper.java:133)
	at org.testng.internal.MethodInvocationHelper.invokeMethodConsideringTimeout(MethodInvocationHelper.java:62)
	at org.testng.internal.ConfigInvoker.invokeConfigurationMethod(ConfigInvoker.java:385)
	at org.testng.internal.ConfigInvoker.invokeConfigurations(ConfigInvoker.java:321)
	at org.testng.internal.TestInvoker.runConfigMethods(TestInvoker.java:700)
	at org.testng.internal.TestInvoker.invokeMethod(TestInvoker.java:527)
	at org.testng.internal.TestInvoker.invokeTestMethod(TestInvoker.java:173)
	at org.testng.internal.MethodRunner.runInSequence(MethodRunner.java:46)
	at org.testng.internal.TestInvoker$MethodInvocationAgent.invoke(TestInvoker.java:824)
	at org.testng.internal.TestInvoker.invokeTestMethods(TestInvoker.java:146)
	at org.testng.internal.TestMethodWorker.invokeTestMethods(TestMethodWorker.java:146)
	at org.testng.internal.TestMethodWorker.run(TestMethodWorker.java:128)
	at java.util.concurrent.ThreadPoolExecutor.runWorker(ThreadPoolExecutor.java:1149)
	at java.util.concurrent.ThreadPoolExecutor$Worker.run(ThreadPoolExecutor.java:624)
	at java.lang.Thread.run(Thread.java:748)

</div> <!-- stack-trace -->
                </div> <!-- method-content -->
              </div> <!-- method -->
              <div class="method">
                <div class="method-content">
                  <a name="verifyEmailFieldWithInvalidEmailAddress(Jeremie, Britte, Vivians, bv@ivi@ans0gmail.com, 12/08/1980, 525-13-6745, 825-706-8697, 184-796-5750)">
                  </a> <!-- verifyEmailFieldWithInvalidEmailAddress(Jeremie, Britte, Vivians, bv@ivi@ans0gmail.com, 12/08/1980, 525-13-6745, 825-706-8697, 184-796-5750) -->
                  <span class="method-name">verifyEmailFieldWithInvalidEmailAddress</span>
                  <span class="parameters">(Jeremie, Britte, Vivians, bv@ivi@ans0gmail.com, 12/08/1980, 525-13-6745, 825-706-8697, 184-796-5750)</span>
                  <div class="stack-trace">org.openqa.selenium.NoSuchElementException: no such element: Unable to locate element: {&quot;method&quot;:&quot;xpath&quot;,&quot;selector&quot;:&quot;//*[@id=&apos;realtor1&apos;]&quot;}
  (Session info: chrome=92.0.4515.159)
For documentation on this error, please visit: https://www.seleniumhq.org/exceptions/no_such_element.html
Build info: version: &apos;3.141.59&apos;, revision: &apos;e82be7d358&apos;, time: &apos;2018-11-14T08:17:03&apos;
System info: host: &apos;DESKTOP-P8JIU9Q&apos;, ip: &apos;192.168.1.158&apos;, os.name: &apos;Windows 10&apos;, os.arch: &apos;amd64&apos;, os.version: &apos;10.0&apos;, java.version: &apos;1.8.0_281&apos;
Driver info: org.openqa.selenium.chrome.ChromeDriver
Capabilities {acceptInsecureCerts: false, browserName: chrome, browserVersion: 92.0.4515.159, chrome: {chromedriverVersion: 92.0.4515.107 (87a818b10553..., userDataDir: C:\Users\parvi\AppData\Loca...}, goog:chromeOptions: {debuggerAddress: localhost:51806}, javascriptEnabled: true, networkConnectionEnabled: false, pageLoadStrategy: normal, platform: WINDOWS, platformName: WINDOWS, proxy: Proxy(), setWindowRect: true, strictFileInteractability: false, timeouts: {implicit: 0, pageLoad: 300000, script: 30000}, unhandledPromptBehavior: dismiss and notify, webauthn:extension:credBlob: true, webauthn:extension:largeBlob: true, webauthn:virtualAuthenticators: true}
Session ID: 9172d8e6ab1849211e8b163d890e5c03
*** Element info: {Using=xpath, value=//*[@id=&apos;realtor1&apos;]}
	at sun.reflect.NativeConstructorAccessorImpl.newInstance0(Native Method)
	at sun.reflect.NativeConstructorAccessorImpl.newInstance(NativeConstructorAccessorImpl.java:62)
	at sun.reflect.DelegatingConstructorAccessorImpl.newInstance(DelegatingConstructorAccessorImpl.java:45)
	at java.lang.reflect.Constructor.newInstance(Constructor.java:423)
	at org.openqa.selenium.remote.http.W3CHttpResponseCodec.createException(W3CHttpResponseCodec.java:187)
	at org.openqa.selenium.remote.http.W3CHttpResponseCodec.decode(W3CHttpResponseCodec.java:122)
	at org.openqa.selenium.remote.http.W3CHttpResponseCodec.decode(W3CHttpResponseCodec.java:49)
	at org.openqa.selenium.remote.HttpCommandExecutor.execute(HttpCommandExecutor.java:158)
	at org.openqa.selenium.remote.service.DriverCommandExecutor.execute(DriverCommandExecutor.java:83)
	at org.openqa.selenium.remote.RemoteWebDriver.execute(RemoteWebDriver.java:552)
	at org.openqa.selenium.remote.RemoteWebDriver.findElement(RemoteWebDriver.java:323)
	at org.openqa.selenium.remote.RemoteWebDriver.findElementByXPath(RemoteWebDriver.java:428)
	at org.openqa.selenium.By$ByXPath.findElement(By.java:353)
	at org.openqa.selenium.remote.RemoteWebDriver.findElement(RemoteWebDriver.java:315)
	at org.openqa.selenium.support.pagefactory.DefaultElementLocator.findElement(DefaultElementLocator.java:69)
	at org.openqa.selenium.support.pagefactory.internal.LocatingElementHandler.invoke(LocatingElementHandler.java:38)
	at com.sun.proxy.$Proxy14.isSelected(Unknown Source)
	at tests.PreApprovalDetailsTests.positiveTestPreApprovalDetails(PreApprovalDetailsTests.java:34)
	at tests.PersonalInformationTests.loginSetup(PersonalInformationTests.java:31)
	at sun.reflect.NativeMethodAccessorImpl.invoke0(Native Method)
	at sun.reflect.NativeMethodAccessorImpl.invoke(NativeMethodAccessorImpl.java:62)
	at sun.reflect.DelegatingMethodAccessorImpl.invoke(DelegatingMethodAccessorImpl.java:43)
	at java.lang.reflect.Method.invoke(Method.java:498)
	at org.testng.internal.MethodInvocationHelper.invokeMethod(MethodInvocationHelper.java:133)
	at org.testng.internal.MethodInvocationHelper.invokeMethodConsideringTimeout(MethodInvocationHelper.java:62)
	at org.testng.internal.ConfigInvoker.invokeConfigurationMethod(ConfigInvoker.java:385)
	at org.testng.internal.ConfigInvoker.invokeConfigurations(ConfigInvoker.java:321)
	at org.testng.internal.TestInvoker.runConfigMethods(TestInvoker.java:700)
	at org.testng.internal.TestInvoker.invokeMethod(TestInvoker.java:527)
	at org.testng.internal.TestInvoker.invokeTestMethod(TestInvoker.java:173)
	at org.testng.internal.MethodRunner.runInSequence(MethodRunner.java:46)
	at org.testng.internal.TestInvoker$MethodInvocationAgent.invoke(TestInvoker.java:824)
	at org.testng.internal.TestInvoker.invokeTestMethods(TestInvoker.java:146)
	at org.testng.internal.TestMethodWorker.invokeTestMethods(TestMethodWorker.java:146)
	at org.testng.internal.TestMethodWorker.run(TestMethodWorker.java:128)
	at java.util.concurrent.ThreadPoolExecutor.runWorker(ThreadPoolExecutor.java:1149)
	at java.util.concurrent.ThreadPoolExecutor$Worker.run(ThreadPoolExecutor.java:624)
	at java.lang.Thread.run(Thread.java:748)

</div> <!-- stack-trace -->
                </div> <!-- method-content -->
              </div> <!-- method -->
              <div class="method">
                <div class="method-content">
                  <a name="verifyEmailFieldWithInvalidEmailAddress(Jeremie, Britte, Vivians, bvivians, 12/08/1980, 525-13-6745, 825-706-8697, 184-796-5750)">
                  </a> <!-- verifyEmailFieldWithInvalidEmailAddress(Jeremie, Britte, Vivians, bvivians, 12/08/1980, 525-13-6745, 825-706-8697, 184-796-5750) -->
                  <span class="method-name">verifyEmailFieldWithInvalidEmailAddress</span>
                  <span class="parameters">(Jeremie, Britte, Vivians, bvivians, 12/08/1980, 525-13-6745, 825-706-8697, 184-796-5750)</span>
                  <div class="stack-trace">org.openqa.selenium.NoSuchElementException: no such element: Unable to locate element: {&quot;method&quot;:&quot;xpath&quot;,&quot;selector&quot;:&quot;//*[@id=&apos;realtor1&apos;]&quot;}
  (Session info: chrome=92.0.4515.159)
For documentation on this error, please visit: https://www.seleniumhq.org/exceptions/no_such_element.html
Build info: version: &apos;3.141.59&apos;, revision: &apos;e82be7d358&apos;, time: &apos;2018-11-14T08:17:03&apos;
System info: host: &apos;DESKTOP-P8JIU9Q&apos;, ip: &apos;192.168.1.158&apos;, os.name: &apos;Windows 10&apos;, os.arch: &apos;amd64&apos;, os.version: &apos;10.0&apos;, java.version: &apos;1.8.0_281&apos;
Driver info: org.openqa.selenium.chrome.ChromeDriver
Capabilities {acceptInsecureCerts: false, browserName: chrome, browserVersion: 92.0.4515.159, chrome: {chromedriverVersion: 92.0.4515.107 (87a818b10553..., userDataDir: C:\Users\parvi\AppData\Loca...}, goog:chromeOptions: {debuggerAddress: localhost:51806}, javascriptEnabled: true, networkConnectionEnabled: false, pageLoadStrategy: normal, platform: WINDOWS, platformName: WINDOWS, proxy: Proxy(), setWindowRect: true, strictFileInteractability: false, timeouts: {implicit: 0, pageLoad: 300000, script: 30000}, unhandledPromptBehavior: dismiss and notify, webauthn:extension:credBlob: true, webauthn:extension:largeBlob: true, webauthn:virtualAuthenticators: true}
Session ID: 9172d8e6ab1849211e8b163d890e5c03
*** Element info: {Using=xpath, value=//*[@id=&apos;realtor1&apos;]}
	at sun.reflect.NativeConstructorAccessorImpl.newInstance0(Native Method)
	at sun.reflect.NativeConstructorAccessorImpl.newInstance(NativeConstructorAccessorImpl.java:62)
	at sun.reflect.DelegatingConstructorAccessorImpl.newInstance(DelegatingConstructorAccessorImpl.java:45)
	at java.lang.reflect.Constructor.newInstance(Constructor.java:423)
	at org.openqa.selenium.remote.http.W3CHttpResponseCodec.createException(W3CHttpResponseCodec.java:187)
	at org.openqa.selenium.remote.http.W3CHttpResponseCodec.decode(W3CHttpResponseCodec.java:122)
	at org.openqa.selenium.remote.http.W3CHttpResponseCodec.decode(W3CHttpResponseCodec.java:49)
	at org.openqa.selenium.remote.HttpCommandExecutor.execute(HttpCommandExecutor.java:158)
	at org.openqa.selenium.remote.service.DriverCommandExecutor.execute(DriverCommandExecutor.java:83)
	at org.openqa.selenium.remote.RemoteWebDriver.execute(RemoteWebDriver.java:552)
	at org.openqa.selenium.remote.RemoteWebDriver.findElement(RemoteWebDriver.java:323)
	at org.openqa.selenium.remote.RemoteWebDriver.findElementByXPath(RemoteWebDriver.java:428)
	at org.openqa.selenium.By$ByXPath.findElement(By.java:353)
	at org.openqa.selenium.remote.RemoteWebDriver.findElement(RemoteWebDriver.java:315)
	at org.openqa.selenium.support.pagefactory.DefaultElementLocator.findElement(DefaultElementLocator.java:69)
	at org.openqa.selenium.support.pagefactory.internal.LocatingElementHandler.invoke(LocatingElementHandler.java:38)
	at com.sun.proxy.$Proxy14.isSelected(Unknown Source)
	at tests.PreApprovalDetailsTests.positiveTestPreApprovalDetails(PreApprovalDetailsTests.java:34)
	at tests.PersonalInformationTests.loginSetup(PersonalInformationTests.java:31)
	at sun.reflect.NativeMethodAccessorImpl.invoke0(Native Method)
	at sun.reflect.NativeMethodAccessorImpl.invoke(NativeMethodAccessorImpl.java:62)
	at sun.reflect.DelegatingMethodAccessorImpl.invoke(DelegatingMethodAccessorImpl.java:43)
	at java.lang.reflect.Method.invoke(Method.java:498)
	at org.testng.internal.MethodInvocationHelper.invokeMethod(MethodInvocationHelper.java:133)
	at org.testng.internal.MethodInvocationHelper.invokeMethodConsideringTimeout(MethodInvocationHelper.java:62)
	at org.testng.internal.ConfigInvoker.invokeConfigurationMethod(ConfigInvoker.java:385)
	at org.testng.internal.ConfigInvoker.invokeConfigurations(ConfigInvoker.java:321)
	at org.testng.internal.TestInvoker.runConfigMethods(TestInvoker.java:700)
	at org.testng.internal.TestInvoker.invokeMethod(TestInvoker.java:527)
	at org.testng.internal.TestInvoker.invokeTestMethod(TestInvoker.java:173)
	at org.testng.internal.MethodRunner.runInSequence(MethodRunner.java:46)
	at org.testng.internal.TestInvoker$MethodInvocationAgent.invoke(TestInvoker.java:824)
	at org.testng.internal.TestInvoker.invokeTestMethods(TestInvoker.java:146)
	at org.testng.internal.TestMethodWorker.invokeTestMethods(TestMethodWorker.java:146)
	at org.testng.internal.TestMethodWorker.run(TestMethodWorker.java:128)
	at java.util.concurrent.ThreadPoolExecutor.runWorker(ThreadPoolExecutor.java:1149)
	at java.util.concurrent.ThreadPoolExecutor$Worker.run(ThreadPoolExecutor.java:624)
	at java.lang.Thread.run(Thread.java:748)

</div> <!-- stack-trace -->
                </div> <!-- method-content -->
              </div> <!-- method -->
              <div class="method">
                <div class="method-content">
                  <a name="verifyEmailFieldWithInvalidEmailAddress(Jeremie, Britte, Vivians, &quot;bvivians0&quot;gmail.com, 12/08/1980, 525-13-6745, 825-706-8697, 184-796-5750)">
                  </a> <!-- verifyEmailFieldWithInvalidEmailAddress(Jeremie, Britte, Vivians, "bvivians0"gmail.com, 12/08/1980, 525-13-6745, 825-706-8697, 184-796-5750) -->
                  <span class="method-name">verifyEmailFieldWithInvalidEmailAddress</span>
                  <span class="parameters">(Jeremie, Britte, Vivians, "bvivians0"gmail.com, 12/08/1980, 525-13-6745, 825-706-8697, 184-796-5750)</span>
                  <div class="stack-trace">org.openqa.selenium.NoSuchElementException: no such element: Unable to locate element: {&quot;method&quot;:&quot;xpath&quot;,&quot;selector&quot;:&quot;//*[@id=&apos;realtor1&apos;]&quot;}
  (Session info: chrome=92.0.4515.159)
For documentation on this error, please visit: https://www.seleniumhq.org/exceptions/no_such_element.html
Build info: version: &apos;3.141.59&apos;, revision: &apos;e82be7d358&apos;, time: &apos;2018-11-14T08:17:03&apos;
System info: host: &apos;DESKTOP-P8JIU9Q&apos;, ip: &apos;192.168.1.158&apos;, os.name: &apos;Windows 10&apos;, os.arch: &apos;amd64&apos;, os.version: &apos;10.0&apos;, java.version: &apos;1.8.0_281&apos;
Driver info: org.openqa.selenium.chrome.ChromeDriver
Capabilities {acceptInsecureCerts: false, browserName: chrome, browserVersion: 92.0.4515.159, chrome: {chromedriverVersion: 92.0.4515.107 (87a818b10553..., userDataDir: C:\Users\parvi\AppData\Loca...}, goog:chromeOptions: {debuggerAddress: localhost:51806}, javascriptEnabled: true, networkConnectionEnabled: false, pageLoadStrategy: normal, platform: WINDOWS, platformName: WINDOWS, proxy: Proxy(), setWindowRect: true, strictFileInteractability: false, timeouts: {implicit: 0, pageLoad: 300000, script: 30000}, unhandledPromptBehavior: dismiss and notify, webauthn:extension:credBlob: true, webauthn:extension:largeBlob: true, webauthn:virtualAuthenticators: true}
Session ID: 9172d8e6ab1849211e8b163d890e5c03
*** Element info: {Using=xpath, value=//*[@id=&apos;realtor1&apos;]}
	at sun.reflect.NativeConstructorAccessorImpl.newInstance0(Native Method)
	at sun.reflect.NativeConstructorAccessorImpl.newInstance(NativeConstructorAccessorImpl.java:62)
	at sun.reflect.DelegatingConstructorAccessorImpl.newInstance(DelegatingConstructorAccessorImpl.java:45)
	at java.lang.reflect.Constructor.newInstance(Constructor.java:423)
	at org.openqa.selenium.remote.http.W3CHttpResponseCodec.createException(W3CHttpResponseCodec.java:187)
	at org.openqa.selenium.remote.http.W3CHttpResponseCodec.decode(W3CHttpResponseCodec.java:122)
	at org.openqa.selenium.remote.http.W3CHttpResponseCodec.decode(W3CHttpResponseCodec.java:49)
	at org.openqa.selenium.remote.HttpCommandExecutor.execute(HttpCommandExecutor.java:158)
	at org.openqa.selenium.remote.service.DriverCommandExecutor.execute(DriverCommandExecutor.java:83)
	at org.openqa.selenium.remote.RemoteWebDriver.execute(RemoteWebDriver.java:552)
	at org.openqa.selenium.remote.RemoteWebDriver.findElement(RemoteWebDriver.java:323)
	at org.openqa.selenium.remote.RemoteWebDriver.findElementByXPath(RemoteWebDriver.java:428)
	at org.openqa.selenium.By$ByXPath.findElement(By.java:353)
	at org.openqa.selenium.remote.RemoteWebDriver.findElement(RemoteWebDriver.java:315)
	at org.openqa.selenium.support.pagefactory.DefaultElementLocator.findElement(DefaultElementLocator.java:69)
	at org.openqa.selenium.support.pagefactory.internal.LocatingElementHandler.invoke(LocatingElementHandler.java:38)
	at com.sun.proxy.$Proxy14.isSelected(Unknown Source)
	at tests.PreApprovalDetailsTests.positiveTestPreApprovalDetails(PreApprovalDetailsTests.java:34)
	at tests.PersonalInformationTests.loginSetup(PersonalInformationTests.java:31)
	at sun.reflect.NativeMethodAccessorImpl.invoke0(Native Method)
	at sun.reflect.NativeMethodAccessorImpl.invoke(NativeMethodAccessorImpl.java:62)
	at sun.reflect.DelegatingMethodAccessorImpl.invoke(DelegatingMethodAccessorImpl.java:43)
	at java.lang.reflect.Method.invoke(Method.java:498)
	at org.testng.internal.MethodInvocationHelper.invokeMethod(MethodInvocationHelper.java:133)
	at org.testng.internal.MethodInvocationHelper.invokeMethodConsideringTimeout(MethodInvocationHelper.java:62)
	at org.testng.internal.ConfigInvoker.invokeConfigurationMethod(ConfigInvoker.java:385)
	at org.testng.internal.ConfigInvoker.invokeConfigurations(ConfigInvoker.java:321)
	at org.testng.internal.TestInvoker.runConfigMethods(TestInvoker.java:700)
	at org.testng.internal.TestInvoker.invokeMethod(TestInvoker.java:527)
	at org.testng.internal.TestInvoker.invokeTestMethod(TestInvoker.java:173)
	at org.testng.internal.MethodRunner.runInSequence(MethodRunner.java:46)
	at org.testng.internal.TestInvoker$MethodInvocationAgent.invoke(TestInvoker.java:824)
	at org.testng.internal.TestInvoker.invokeTestMethods(TestInvoker.java:146)
	at org.testng.internal.TestMethodWorker.invokeTestMethods(TestMethodWorker.java:146)
	at org.testng.internal.TestMethodWorker.run(TestMethodWorker.java:128)
	at java.util.concurrent.ThreadPoolExecutor.runWorker(ThreadPoolExecutor.java:1149)
	at java.util.concurrent.ThreadPoolExecutor$Worker.run(ThreadPoolExecutor.java:624)
	at java.lang.Thread.run(Thread.java:748)

</div> <!-- stack-trace -->
                </div> <!-- method-content -->
              </div> <!-- method -->
              <div class="method">
                <div class="method-content">
                  <a name="verifyEmailFieldWithInvalidEmailAddress(Jeremie, Britte, Vivians, bvivians0gmail..com, 12/08/1980, 525-13-6745, 825-706-8697, 184-796-5750)">
                  </a> <!-- verifyEmailFieldWithInvalidEmailAddress(Jeremie, Britte, Vivians, bvivians0gmail..com, 12/08/1980, 525-13-6745, 825-706-8697, 184-796-5750) -->
                  <span class="method-name">verifyEmailFieldWithInvalidEmailAddress</span>
                  <span class="parameters">(Jeremie, Britte, Vivians, bvivians0gmail..com, 12/08/1980, 525-13-6745, 825-706-8697, 184-796-5750)</span>
                  <div class="stack-trace">org.openqa.selenium.NoSuchElementException: no such element: Unable to locate element: {&quot;method&quot;:&quot;xpath&quot;,&quot;selector&quot;:&quot;//*[@id=&apos;realtor1&apos;]&quot;}
  (Session info: chrome=92.0.4515.159)
For documentation on this error, please visit: https://www.seleniumhq.org/exceptions/no_such_element.html
Build info: version: &apos;3.141.59&apos;, revision: &apos;e82be7d358&apos;, time: &apos;2018-11-14T08:17:03&apos;
System info: host: &apos;DESKTOP-P8JIU9Q&apos;, ip: &apos;192.168.1.158&apos;, os.name: &apos;Windows 10&apos;, os.arch: &apos;amd64&apos;, os.version: &apos;10.0&apos;, java.version: &apos;1.8.0_281&apos;
Driver info: org.openqa.selenium.chrome.ChromeDriver
Capabilities {acceptInsecureCerts: false, browserName: chrome, browserVersion: 92.0.4515.159, chrome: {chromedriverVersion: 92.0.4515.107 (87a818b10553..., userDataDir: C:\Users\parvi\AppData\Loca...}, goog:chromeOptions: {debuggerAddress: localhost:51806}, javascriptEnabled: true, networkConnectionEnabled: false, pageLoadStrategy: normal, platform: WINDOWS, platformName: WINDOWS, proxy: Proxy(), setWindowRect: true, strictFileInteractability: false, timeouts: {implicit: 0, pageLoad: 300000, script: 30000}, unhandledPromptBehavior: dismiss and notify, webauthn:extension:credBlob: true, webauthn:extension:largeBlob: true, webauthn:virtualAuthenticators: true}
Session ID: 9172d8e6ab1849211e8b163d890e5c03
*** Element info: {Using=xpath, value=//*[@id=&apos;realtor1&apos;]}
	at sun.reflect.NativeConstructorAccessorImpl.newInstance0(Native Method)
	at sun.reflect.NativeConstructorAccessorImpl.newInstance(NativeConstructorAccessorImpl.java:62)
	at sun.reflect.DelegatingConstructorAccessorImpl.newInstance(DelegatingConstructorAccessorImpl.java:45)
	at java.lang.reflect.Constructor.newInstance(Constructor.java:423)
	at org.openqa.selenium.remote.http.W3CHttpResponseCodec.createException(W3CHttpResponseCodec.java:187)
	at org.openqa.selenium.remote.http.W3CHttpResponseCodec.decode(W3CHttpResponseCodec.java:122)
	at org.openqa.selenium.remote.http.W3CHttpResponseCodec.decode(W3CHttpResponseCodec.java:49)
	at org.openqa.selenium.remote.HttpCommandExecutor.execute(HttpCommandExecutor.java:158)
	at org.openqa.selenium.remote.service.DriverCommandExecutor.execute(DriverCommandExecutor.java:83)
	at org.openqa.selenium.remote.RemoteWebDriver.execute(RemoteWebDriver.java:552)
	at org.openqa.selenium.remote.RemoteWebDriver.findElement(RemoteWebDriver.java:323)
	at org.openqa.selenium.remote.RemoteWebDriver.findElementByXPath(RemoteWebDriver.java:428)
	at org.openqa.selenium.By$ByXPath.findElement(By.java:353)
	at org.openqa.selenium.remote.RemoteWebDriver.findElement(RemoteWebDriver.java:315)
	at org.openqa.selenium.support.pagefactory.DefaultElementLocator.findElement(DefaultElementLocator.java:69)
	at org.openqa.selenium.support.pagefactory.internal.LocatingElementHandler.invoke(LocatingElementHandler.java:38)
	at com.sun.proxy.$Proxy14.isSelected(Unknown Source)
	at tests.PreApprovalDetailsTests.positiveTestPreApprovalDetails(PreApprovalDetailsTests.java:34)
	at tests.PersonalInformationTests.loginSetup(PersonalInformationTests.java:31)
	at sun.reflect.NativeMethodAccessorImpl.invoke0(Native Method)
	at sun.reflect.NativeMethodAccessorImpl.invoke(NativeMethodAccessorImpl.java:62)
	at sun.reflect.DelegatingMethodAccessorImpl.invoke(DelegatingMethodAccessorImpl.java:43)
	at java.lang.reflect.Method.invoke(Method.java:498)
	at org.testng.internal.MethodInvocationHelper.invokeMethod(MethodInvocationHelper.java:133)
	at org.testng.internal.MethodInvocationHelper.invokeMethodConsideringTimeout(MethodInvocationHelper.java:62)
	at org.testng.internal.ConfigInvoker.invokeConfigurationMethod(ConfigInvoker.java:385)
	at org.testng.internal.ConfigInvoker.invokeConfigurations(ConfigInvoker.java:321)
	at org.testng.internal.TestInvoker.runConfigMethods(TestInvoker.java:700)
	at org.testng.internal.TestInvoker.invokeMethod(TestInvoker.java:527)
	at org.testng.internal.TestInvoker.invokeTestMethod(TestInvoker.java:173)
	at org.testng.internal.MethodRunner.runInSequence(MethodRunner.java:46)
	at org.testng.internal.TestInvoker$MethodInvocationAgent.invoke(TestInvoker.java:824)
	at org.testng.internal.TestInvoker.invokeTestMethods(TestInvoker.java:146)
	at org.testng.internal.TestMethodWorker.invokeTestMethods(TestMethodWorker.java:146)
	at org.testng.internal.TestMethodWorker.run(TestMethodWorker.java:128)
	at java.util.concurrent.ThreadPoolExecutor.runWorker(ThreadPoolExecutor.java:1149)
	at java.util.concurrent.ThreadPoolExecutor$Worker.run(ThreadPoolExecutor.java:624)
	at java.lang.Thread.run(Thread.java:748)

</div> <!-- stack-trace -->
                </div> <!-- method-content -->
              </div> <!-- method -->
              <div class="method">
                <div class="method-content">
                  <a name="verifyEmailFieldWithInvalidEmailAddress(Jeremie, Britte, Vivians, b vivians 0gmail.com, 12/08/1980, 525-13-6745, 825-706-8697, 184-796-5750)">
                  </a> <!-- verifyEmailFieldWithInvalidEmailAddress(Jeremie, Britte, Vivians, b vivians 0gmail.com, 12/08/1980, 525-13-6745, 825-706-8697, 184-796-5750) -->
                  <span class="method-name">verifyEmailFieldWithInvalidEmailAddress</span>
                  <span class="parameters">(Jeremie, Britte, Vivians, b vivians 0gmail.com, 12/08/1980, 525-13-6745, 825-706-8697, 184-796-5750)</span>
                  <div class="stack-trace">org.openqa.selenium.NoSuchElementException: no such element: Unable to locate element: {&quot;method&quot;:&quot;xpath&quot;,&quot;selector&quot;:&quot;//*[@id=&apos;realtor1&apos;]&quot;}
  (Session info: chrome=92.0.4515.159)
For documentation on this error, please visit: https://www.seleniumhq.org/exceptions/no_such_element.html
Build info: version: &apos;3.141.59&apos;, revision: &apos;e82be7d358&apos;, time: &apos;2018-11-14T08:17:03&apos;
System info: host: &apos;DESKTOP-P8JIU9Q&apos;, ip: &apos;192.168.1.158&apos;, os.name: &apos;Windows 10&apos;, os.arch: &apos;amd64&apos;, os.version: &apos;10.0&apos;, java.version: &apos;1.8.0_281&apos;
Driver info: org.openqa.selenium.chrome.ChromeDriver
Capabilities {acceptInsecureCerts: false, browserName: chrome, browserVersion: 92.0.4515.159, chrome: {chromedriverVersion: 92.0.4515.107 (87a818b10553..., userDataDir: C:\Users\parvi\AppData\Loca...}, goog:chromeOptions: {debuggerAddress: localhost:51806}, javascriptEnabled: true, networkConnectionEnabled: false, pageLoadStrategy: normal, platform: WINDOWS, platformName: WINDOWS, proxy: Proxy(), setWindowRect: true, strictFileInteractability: false, timeouts: {implicit: 0, pageLoad: 300000, script: 30000}, unhandledPromptBehavior: dismiss and notify, webauthn:extension:credBlob: true, webauthn:extension:largeBlob: true, webauthn:virtualAuthenticators: true}
Session ID: 9172d8e6ab1849211e8b163d890e5c03
*** Element info: {Using=xpath, value=//*[@id=&apos;realtor1&apos;]}
	at sun.reflect.NativeConstructorAccessorImpl.newInstance0(Native Method)
	at sun.reflect.NativeConstructorAccessorImpl.newInstance(NativeConstructorAccessorImpl.java:62)
	at sun.reflect.DelegatingConstructorAccessorImpl.newInstance(DelegatingConstructorAccessorImpl.java:45)
	at java.lang.reflect.Constructor.newInstance(Constructor.java:423)
	at org.openqa.selenium.remote.http.W3CHttpResponseCodec.createException(W3CHttpResponseCodec.java:187)
	at org.openqa.selenium.remote.http.W3CHttpResponseCodec.decode(W3CHttpResponseCodec.java:122)
	at org.openqa.selenium.remote.http.W3CHttpResponseCodec.decode(W3CHttpResponseCodec.java:49)
	at org.openqa.selenium.remote.HttpCommandExecutor.execute(HttpCommandExecutor.java:158)
	at org.openqa.selenium.remote.service.DriverCommandExecutor.execute(DriverCommandExecutor.java:83)
	at org.openqa.selenium.remote.RemoteWebDriver.execute(RemoteWebDriver.java:552)
	at org.openqa.selenium.remote.RemoteWebDriver.findElement(RemoteWebDriver.java:323)
	at org.openqa.selenium.remote.RemoteWebDriver.findElementByXPath(RemoteWebDriver.java:428)
	at org.openqa.selenium.By$ByXPath.findElement(By.java:353)
	at org.openqa.selenium.remote.RemoteWebDriver.findElement(RemoteWebDriver.java:315)
	at org.openqa.selenium.support.pagefactory.DefaultElementLocator.findElement(DefaultElementLocator.java:69)
	at org.openqa.selenium.support.pagefactory.internal.LocatingElementHandler.invoke(LocatingElementHandler.java:38)
	at com.sun.proxy.$Proxy14.isSelected(Unknown Source)
	at tests.PreApprovalDetailsTests.positiveTestPreApprovalDetails(PreApprovalDetailsTests.java:34)
	at tests.PersonalInformationTests.loginSetup(PersonalInformationTests.java:31)
	at sun.reflect.NativeMethodAccessorImpl.invoke0(Native Method)
	at sun.reflect.NativeMethodAccessorImpl.invoke(NativeMethodAccessorImpl.java:62)
	at sun.reflect.DelegatingMethodAccessorImpl.invoke(DelegatingMethodAccessorImpl.java:43)
	at java.lang.reflect.Method.invoke(Method.java:498)
	at org.testng.internal.MethodInvocationHelper.invokeMethod(MethodInvocationHelper.java:133)
	at org.testng.internal.MethodInvocationHelper.invokeMethodConsideringTimeout(MethodInvocationHelper.java:62)
	at org.testng.internal.ConfigInvoker.invokeConfigurationMethod(ConfigInvoker.java:385)
	at org.testng.internal.ConfigInvoker.invokeConfigurations(ConfigInvoker.java:321)
	at org.testng.internal.TestInvoker.runConfigMethods(TestInvoker.java:700)
	at org.testng.internal.TestInvoker.invokeMethod(TestInvoker.java:527)
	at org.testng.internal.TestInvoker.invokeTestMethod(TestInvoker.java:173)
	at org.testng.internal.MethodRunner.runInSequence(MethodRunner.java:46)
	at org.testng.internal.TestInvoker$MethodInvocationAgent.invoke(TestInvoker.java:824)
	at org.testng.internal.TestInvoker.invokeTestMethods(TestInvoker.java:146)
	at org.testng.internal.TestMethodWorker.invokeTestMethods(TestMethodWorker.java:146)
	at org.testng.internal.TestMethodWorker.run(TestMethodWorker.java:128)
	at java.util.concurrent.ThreadPoolExecutor.runWorker(ThreadPoolExecutor.java:1149)
	at java.util.concurrent.ThreadPoolExecutor$Worker.run(ThreadPoolExecutor.java:624)
	at java.lang.Thread.run(Thread.java:748)

</div> <!-- stack-trace -->
                </div> <!-- method-content -->
              </div> <!-- method -->
              <div class="method">
                <div class="method-content">
                  <a name="verifyNameFieldsWithNumericCredentials(!@#$%^&amp;*, !@#$%^&amp;*, !@#$%^&amp;*, lsainthillh@who.int, 11/18/1996, 829-91-7489, 691-539-9138, 266-952-36...)">
                  </a> <!-- verifyNameFieldsWithNumericCredentials(!@#$%^&*, !@#$%^&*, !@#$%^&*, lsainthillh@who.int, 11/18/1996, 829-91-7489, 691-539-9138, 266-952-36...) -->
                  <span class="method-name">verifyNameFieldsWithNumericCredentials</span>
                  <span class="parameters">(!@#$%^&*, !@#$%^&*, !@#$%^&*, lsainthillh@who.int, 11/18/1996, 829-91-7489, 691-539-9138, 266-952-3602)</span>
                  <div class="stack-trace">org.openqa.selenium.NoSuchElementException: no such element: Unable to locate element: {&quot;method&quot;:&quot;xpath&quot;,&quot;selector&quot;:&quot;//*[@id=&apos;realtor1&apos;]&quot;}
  (Session info: chrome=92.0.4515.159)
For documentation on this error, please visit: https://www.seleniumhq.org/exceptions/no_such_element.html
Build info: version: &apos;3.141.59&apos;, revision: &apos;e82be7d358&apos;, time: &apos;2018-11-14T08:17:03&apos;
System info: host: &apos;DESKTOP-P8JIU9Q&apos;, ip: &apos;192.168.1.158&apos;, os.name: &apos;Windows 10&apos;, os.arch: &apos;amd64&apos;, os.version: &apos;10.0&apos;, java.version: &apos;1.8.0_281&apos;
Driver info: org.openqa.selenium.chrome.ChromeDriver
Capabilities {acceptInsecureCerts: false, browserName: chrome, browserVersion: 92.0.4515.159, chrome: {chromedriverVersion: 92.0.4515.107 (87a818b10553..., userDataDir: C:\Users\parvi\AppData\Loca...}, goog:chromeOptions: {debuggerAddress: localhost:51806}, javascriptEnabled: true, networkConnectionEnabled: false, pageLoadStrategy: normal, platform: WINDOWS, platformName: WINDOWS, proxy: Proxy(), setWindowRect: true, strictFileInteractability: false, timeouts: {implicit: 0, pageLoad: 300000, script: 30000}, unhandledPromptBehavior: dismiss and notify, webauthn:extension:credBlob: true, webauthn:extension:largeBlob: true, webauthn:virtualAuthenticators: true}
Session ID: 9172d8e6ab1849211e8b163d890e5c03
*** Element info: {Using=xpath, value=//*[@id=&apos;realtor1&apos;]}
	at sun.reflect.NativeConstructorAccessorImpl.newInstance0(Native Method)
	at sun.reflect.NativeConstructorAccessorImpl.newInstance(NativeConstructorAccessorImpl.java:62)
	at sun.reflect.DelegatingConstructorAccessorImpl.newInstance(DelegatingConstructorAccessorImpl.java:45)
	at java.lang.reflect.Constructor.newInstance(Constructor.java:423)
	at org.openqa.selenium.remote.http.W3CHttpResponseCodec.createException(W3CHttpResponseCodec.java:187)
	at org.openqa.selenium.remote.http.W3CHttpResponseCodec.decode(W3CHttpResponseCodec.java:122)
	at org.openqa.selenium.remote.http.W3CHttpResponseCodec.decode(W3CHttpResponseCodec.java:49)
	at org.openqa.selenium.remote.HttpCommandExecutor.execute(HttpCommandExecutor.java:158)
	at org.openqa.selenium.remote.service.DriverCommandExecutor.execute(DriverCommandExecutor.java:83)
	at org.openqa.selenium.remote.RemoteWebDriver.execute(RemoteWebDriver.java:552)
	at org.openqa.selenium.remote.RemoteWebDriver.findElement(RemoteWebDriver.java:323)
	at org.openqa.selenium.remote.RemoteWebDriver.findElementByXPath(RemoteWebDriver.java:428)
	at org.openqa.selenium.By$ByXPath.findElement(By.java:353)
	at org.openqa.selenium.remote.RemoteWebDriver.findElement(RemoteWebDriver.java:315)
	at org.openqa.selenium.support.pagefactory.DefaultElementLocator.findElement(DefaultElementLocator.java:69)
	at org.openqa.selenium.support.pagefactory.internal.LocatingElementHandler.invoke(LocatingElementHandler.java:38)
	at com.sun.proxy.$Proxy14.isSelected(Unknown Source)
	at tests.PreApprovalDetailsTests.positiveTestPreApprovalDetails(PreApprovalDetailsTests.java:34)
	at tests.PersonalInformationTests.loginSetup(PersonalInformationTests.java:31)
	at sun.reflect.NativeMethodAccessorImpl.invoke0(Native Method)
	at sun.reflect.NativeMethodAccessorImpl.invoke(NativeMethodAccessorImpl.java:62)
	at sun.reflect.DelegatingMethodAccessorImpl.invoke(DelegatingMethodAccessorImpl.java:43)
	at java.lang.reflect.Method.invoke(Method.java:498)
	at org.testng.internal.MethodInvocationHelper.invokeMethod(MethodInvocationHelper.java:133)
	at org.testng.internal.MethodInvocationHelper.invokeMethodConsideringTimeout(MethodInvocationHelper.java:62)
	at org.testng.internal.ConfigInvoker.invokeConfigurationMethod(ConfigInvoker.java:385)
	at org.testng.internal.ConfigInvoker.invokeConfigurations(ConfigInvoker.java:321)
	at org.testng.internal.TestInvoker.runConfigMethods(TestInvoker.java:700)
	at org.testng.internal.TestInvoker.invokeMethod(TestInvoker.java:527)
	at org.testng.internal.TestInvoker.invokeTestMethod(TestInvoker.java:173)
	at org.testng.internal.MethodRunner.runInSequence(MethodRunner.java:46)
	at org.testng.internal.TestInvoker$MethodInvocationAgent.invoke(TestInvoker.java:824)
	at org.testng.internal.TestInvoker.invokeTestMethods(TestInvoker.java:146)
	at org.testng.internal.TestMethodWorker.invokeTestMethods(TestMethodWorker.java:146)
	at org.testng.internal.TestMethodWorker.run(TestMethodWorker.java:128)
	at java.util.concurrent.ThreadPoolExecutor.runWorker(ThreadPoolExecutor.java:1149)
	at java.util.concurrent.ThreadPoolExecutor$Worker.run(ThreadPoolExecutor.java:624)
	at java.lang.Thread.run(Thread.java:748)

</div> <!-- stack-trace -->
                </div> <!-- method-content -->
              </div> <!-- method -->
              <div class="method">
                <div class="method-content">
                  <a name="verifyNameFieldsWithNumericCredentials(Jeremie 123&amp;, Britte 123&amp;, Vivians 123&amp;, bvivians0@latimes.com, 12/08/1980, 525-13-6745, 825-706-869...)">
                  </a> <!-- verifyNameFieldsWithNumericCredentials(Jeremie 123&, Britte 123&, Vivians 123&, bvivians0@latimes.com, 12/08/1980, 525-13-6745, 825-706-869...) -->
                  <span class="method-name">verifyNameFieldsWithNumericCredentials</span>
                  <span class="parameters">(Jeremie 123&, Britte 123&, Vivians 123&, bvivians0@latimes.com, 12/08/1980, 525-13-6745, 825-706-8697, 184-796-5750)</span>
                  <div class="stack-trace">org.openqa.selenium.NoSuchElementException: no such element: Unable to locate element: {&quot;method&quot;:&quot;xpath&quot;,&quot;selector&quot;:&quot;//*[@id=&apos;realtor1&apos;]&quot;}
  (Session info: chrome=92.0.4515.159)
For documentation on this error, please visit: https://www.seleniumhq.org/exceptions/no_such_element.html
Build info: version: &apos;3.141.59&apos;, revision: &apos;e82be7d358&apos;, time: &apos;2018-11-14T08:17:03&apos;
System info: host: &apos;DESKTOP-P8JIU9Q&apos;, ip: &apos;192.168.1.158&apos;, os.name: &apos;Windows 10&apos;, os.arch: &apos;amd64&apos;, os.version: &apos;10.0&apos;, java.version: &apos;1.8.0_281&apos;
Driver info: org.openqa.selenium.chrome.ChromeDriver
Capabilities {acceptInsecureCerts: false, browserName: chrome, browserVersion: 92.0.4515.159, chrome: {chromedriverVersion: 92.0.4515.107 (87a818b10553..., userDataDir: C:\Users\parvi\AppData\Loca...}, goog:chromeOptions: {debuggerAddress: localhost:51806}, javascriptEnabled: true, networkConnectionEnabled: false, pageLoadStrategy: normal, platform: WINDOWS, platformName: WINDOWS, proxy: Proxy(), setWindowRect: true, strictFileInteractability: false, timeouts: {implicit: 0, pageLoad: 300000, script: 30000}, unhandledPromptBehavior: dismiss and notify, webauthn:extension:credBlob: true, webauthn:extension:largeBlob: true, webauthn:virtualAuthenticators: true}
Session ID: 9172d8e6ab1849211e8b163d890e5c03
*** Element info: {Using=xpath, value=//*[@id=&apos;realtor1&apos;]}
	at sun.reflect.NativeConstructorAccessorImpl.newInstance0(Native Method)
	at sun.reflect.NativeConstructorAccessorImpl.newInstance(NativeConstructorAccessorImpl.java:62)
	at sun.reflect.DelegatingConstructorAccessorImpl.newInstance(DelegatingConstructorAccessorImpl.java:45)
	at java.lang.reflect.Constructor.newInstance(Constructor.java:423)
	at org.openqa.selenium.remote.http.W3CHttpResponseCodec.createException(W3CHttpResponseCodec.java:187)
	at org.openqa.selenium.remote.http.W3CHttpResponseCodec.decode(W3CHttpResponseCodec.java:122)
	at org.openqa.selenium.remote.http.W3CHttpResponseCodec.decode(W3CHttpResponseCodec.java:49)
	at org.openqa.selenium.remote.HttpCommandExecutor.execute(HttpCommandExecutor.java:158)
	at org.openqa.selenium.remote.service.DriverCommandExecutor.execute(DriverCommandExecutor.java:83)
	at org.openqa.selenium.remote.RemoteWebDriver.execute(RemoteWebDriver.java:552)
	at org.openqa.selenium.remote.RemoteWebDriver.findElement(RemoteWebDriver.java:323)
	at org.openqa.selenium.remote.RemoteWebDriver.findElementByXPath(RemoteWebDriver.java:428)
	at org.openqa.selenium.By$ByXPath.findElement(By.java:353)
	at org.openqa.selenium.remote.RemoteWebDriver.findElement(RemoteWebDriver.java:315)
	at org.openqa.selenium.support.pagefactory.DefaultElementLocator.findElement(DefaultElementLocator.java:69)
	at org.openqa.selenium.support.pagefactory.internal.LocatingElementHandler.invoke(LocatingElementHandler.java:38)
	at com.sun.proxy.$Proxy14.isSelected(Unknown Source)
	at tests.PreApprovalDetailsTests.positiveTestPreApprovalDetails(PreApprovalDetailsTests.java:34)
	at tests.PersonalInformationTests.loginSetup(PersonalInformationTests.java:31)
	at sun.reflect.NativeMethodAccessorImpl.invoke0(Native Method)
	at sun.reflect.NativeMethodAccessorImpl.invoke(NativeMethodAccessorImpl.java:62)
	at sun.reflect.DelegatingMethodAccessorImpl.invoke(DelegatingMethodAccessorImpl.java:43)
	at java.lang.reflect.Method.invoke(Method.java:498)
	at org.testng.internal.MethodInvocationHelper.invokeMethod(MethodInvocationHelper.java:133)
	at org.testng.internal.MethodInvocationHelper.invokeMethodConsideringTimeout(MethodInvocationHelper.java:62)
	at org.testng.internal.ConfigInvoker.invokeConfigurationMethod(ConfigInvoker.java:385)
	at org.testng.internal.ConfigInvoker.invokeConfigurations(ConfigInvoker.java:321)
	at org.testng.internal.TestInvoker.runConfigMethods(TestInvoker.java:700)
	at org.testng.internal.TestInvoker.invokeMethod(TestInvoker.java:527)
	at org.testng.internal.TestInvoker.invokeTestMethod(TestInvoker.java:173)
	at org.testng.internal.MethodRunner.runInSequence(MethodRunner.java:46)
	at org.testng.internal.TestInvoker$MethodInvocationAgent.invoke(TestInvoker.java:824)
	at org.testng.internal.TestInvoker.invokeTestMethods(TestInvoker.java:146)
	at org.testng.internal.TestMethodWorker.invokeTestMethods(TestMethodWorker.java:146)
	at org.testng.internal.TestMethodWorker.run(TestMethodWorker.java:128)
	at java.util.concurrent.ThreadPoolExecutor.runWorker(ThreadPoolExecutor.java:1149)
	at java.util.concurrent.ThreadPoolExecutor$Worker.run(ThreadPoolExecutor.java:624)
	at java.lang.Thread.run(Thread.java:748)

</div> <!-- stack-trace -->
                </div> <!-- method-content -->
              </div> <!-- method -->
              <div class="method">
                <div class="method-content">
                  <a name="verifyNameFieldsWithNumericCredentials(123456789, 123456789, 123456789, bkillnerd@prlog.org, 01/21/1992, 852-07-3385, 271-269-6706, 226-468...)">
                  </a> <!-- verifyNameFieldsWithNumericCredentials(123456789, 123456789, 123456789, bkillnerd@prlog.org, 01/21/1992, 852-07-3385, 271-269-6706, 226-468...) -->
                  <span class="method-name">verifyNameFieldsWithNumericCredentials</span>
                  <span class="parameters">(123456789, 123456789, 123456789, bkillnerd@prlog.org, 01/21/1992, 852-07-3385, 271-269-6706, 226-468-2448)</span>
                  <div class="stack-trace">org.openqa.selenium.NoSuchElementException: no such element: Unable to locate element: {&quot;method&quot;:&quot;xpath&quot;,&quot;selector&quot;:&quot;//*[@id=&apos;realtor1&apos;]&quot;}
  (Session info: chrome=92.0.4515.159)
For documentation on this error, please visit: https://www.seleniumhq.org/exceptions/no_such_element.html
Build info: version: &apos;3.141.59&apos;, revision: &apos;e82be7d358&apos;, time: &apos;2018-11-14T08:17:03&apos;
System info: host: &apos;DESKTOP-P8JIU9Q&apos;, ip: &apos;192.168.1.158&apos;, os.name: &apos;Windows 10&apos;, os.arch: &apos;amd64&apos;, os.version: &apos;10.0&apos;, java.version: &apos;1.8.0_281&apos;
Driver info: org.openqa.selenium.chrome.ChromeDriver
Capabilities {acceptInsecureCerts: false, browserName: chrome, browserVersion: 92.0.4515.159, chrome: {chromedriverVersion: 92.0.4515.107 (87a818b10553..., userDataDir: C:\Users\parvi\AppData\Loca...}, goog:chromeOptions: {debuggerAddress: localhost:51806}, javascriptEnabled: true, networkConnectionEnabled: false, pageLoadStrategy: normal, platform: WINDOWS, platformName: WINDOWS, proxy: Proxy(), setWindowRect: true, strictFileInteractability: false, timeouts: {implicit: 0, pageLoad: 300000, script: 30000}, unhandledPromptBehavior: dismiss and notify, webauthn:extension:credBlob: true, webauthn:extension:largeBlob: true, webauthn:virtualAuthenticators: true}
Session ID: 9172d8e6ab1849211e8b163d890e5c03
*** Element info: {Using=xpath, value=//*[@id=&apos;realtor1&apos;]}
	at sun.reflect.NativeConstructorAccessorImpl.newInstance0(Native Method)
	at sun.reflect.NativeConstructorAccessorImpl.newInstance(NativeConstructorAccessorImpl.java:62)
	at sun.reflect.DelegatingConstructorAccessorImpl.newInstance(DelegatingConstructorAccessorImpl.java:45)
	at java.lang.reflect.Constructor.newInstance(Constructor.java:423)
	at org.openqa.selenium.remote.http.W3CHttpResponseCodec.createException(W3CHttpResponseCodec.java:187)
	at org.openqa.selenium.remote.http.W3CHttpResponseCodec.decode(W3CHttpResponseCodec.java:122)
	at org.openqa.selenium.remote.http.W3CHttpResponseCodec.decode(W3CHttpResponseCodec.java:49)
	at org.openqa.selenium.remote.HttpCommandExecutor.execute(HttpCommandExecutor.java:158)
	at org.openqa.selenium.remote.service.DriverCommandExecutor.execute(DriverCommandExecutor.java:83)
	at org.openqa.selenium.remote.RemoteWebDriver.execute(RemoteWebDriver.java:552)
	at org.openqa.selenium.remote.RemoteWebDriver.findElement(RemoteWebDriver.java:323)
	at org.openqa.selenium.remote.RemoteWebDriver.findElementByXPath(RemoteWebDriver.java:428)
	at org.openqa.selenium.By$ByXPath.findElement(By.java:353)
	at org.openqa.selenium.remote.RemoteWebDriver.findElement(RemoteWebDriver.java:315)
	at org.openqa.selenium.support.pagefactory.DefaultElementLocator.findElement(DefaultElementLocator.java:69)
	at org.openqa.selenium.support.pagefactory.internal.LocatingElementHandler.invoke(LocatingElementHandler.java:38)
	at com.sun.proxy.$Proxy14.isSelected(Unknown Source)
	at tests.PreApprovalDetailsTests.positiveTestPreApprovalDetails(PreApprovalDetailsTests.java:34)
	at tests.PersonalInformationTests.loginSetup(PersonalInformationTests.java:31)
	at sun.reflect.NativeMethodAccessorImpl.invoke0(Native Method)
	at sun.reflect.NativeMethodAccessorImpl.invoke(NativeMethodAccessorImpl.java:62)
	at sun.reflect.DelegatingMethodAccessorImpl.invoke(DelegatingMethodAccessorImpl.java:43)
	at java.lang.reflect.Method.invoke(Method.java:498)
	at org.testng.internal.MethodInvocationHelper.invokeMethod(MethodInvocationHelper.java:133)
	at org.testng.internal.MethodInvocationHelper.invokeMethodConsideringTimeout(MethodInvocationHelper.java:62)
	at org.testng.internal.ConfigInvoker.invokeConfigurationMethod(ConfigInvoker.java:385)
	at org.testng.internal.ConfigInvoker.invokeConfigurations(ConfigInvoker.java:321)
	at org.testng.internal.TestInvoker.runConfigMethods(TestInvoker.java:700)
	at org.testng.internal.TestInvoker.invokeMethod(TestInvoker.java:527)
	at org.testng.internal.TestInvoker.invokeTestMethod(TestInvoker.java:173)
	at org.testng.internal.MethodRunner.runInSequence(MethodRunner.java:46)
	at org.testng.internal.TestInvoker$MethodInvocationAgent.invoke(TestInvoker.java:824)
	at org.testng.internal.TestInvoker.invokeTestMethods(TestInvoker.java:146)
	at org.testng.internal.TestMethodWorker.invokeTestMethods(TestMethodWorker.java:146)
	at org.testng.internal.TestMethodWorker.run(TestMethodWorker.java:128)
	at java.util.concurrent.ThreadPoolExecutor.runWorker(ThreadPoolExecutor.java:1149)
	at java.util.concurrent.ThreadPoolExecutor$Worker.run(ThreadPoolExecutor.java:624)
	at java.lang.Thread.run(Thread.java:748)

</div> <!-- stack-trace -->
                </div> <!-- method-content -->
              </div> <!-- method -->
              <div class="method">
                <div class="method-content">
                  <a name="verifyRequiredFields">
                  </a> <!-- verifyRequiredFields -->
                  <span class="method-name">verifyRequiredFields</span>
                  <div class="stack-trace">org.openqa.selenium.NoSuchElementException: no such element: Unable to locate element: {&quot;method&quot;:&quot;xpath&quot;,&quot;selector&quot;:&quot;//*[@id=&apos;realtor1&apos;]&quot;}
  (Session info: chrome=92.0.4515.159)
For documentation on this error, please visit: https://www.seleniumhq.org/exceptions/no_such_element.html
Build info: version: &apos;3.141.59&apos;, revision: &apos;e82be7d358&apos;, time: &apos;2018-11-14T08:17:03&apos;
System info: host: &apos;DESKTOP-P8JIU9Q&apos;, ip: &apos;192.168.1.158&apos;, os.name: &apos;Windows 10&apos;, os.arch: &apos;amd64&apos;, os.version: &apos;10.0&apos;, java.version: &apos;1.8.0_281&apos;
Driver info: org.openqa.selenium.chrome.ChromeDriver
Capabilities {acceptInsecureCerts: false, browserName: chrome, browserVersion: 92.0.4515.159, chrome: {chromedriverVersion: 92.0.4515.107 (87a818b10553..., userDataDir: C:\Users\parvi\AppData\Loca...}, goog:chromeOptions: {debuggerAddress: localhost:51806}, javascriptEnabled: true, networkConnectionEnabled: false, pageLoadStrategy: normal, platform: WINDOWS, platformName: WINDOWS, proxy: Proxy(), setWindowRect: true, strictFileInteractability: false, timeouts: {implicit: 0, pageLoad: 300000, script: 30000}, unhandledPromptBehavior: dismiss and notify, webauthn:extension:credBlob: true, webauthn:extension:largeBlob: true, webauthn:virtualAuthenticators: true}
Session ID: 9172d8e6ab1849211e8b163d890e5c03
*** Element info: {Using=xpath, value=//*[@id=&apos;realtor1&apos;]}
	at sun.reflect.NativeConstructorAccessorImpl.newInstance0(Native Method)
	at sun.reflect.NativeConstructorAccessorImpl.newInstance(NativeConstructorAccessorImpl.java:62)
	at sun.reflect.DelegatingConstructorAccessorImpl.newInstance(DelegatingConstructorAccessorImpl.java:45)
	at java.lang.reflect.Constructor.newInstance(Constructor.java:423)
	at org.openqa.selenium.remote.http.W3CHttpResponseCodec.createException(W3CHttpResponseCodec.java:187)
	at org.openqa.selenium.remote.http.W3CHttpResponseCodec.decode(W3CHttpResponseCodec.java:122)
	at org.openqa.selenium.remote.http.W3CHttpResponseCodec.decode(W3CHttpResponseCodec.java:49)
	at org.openqa.selenium.remote.HttpCommandExecutor.execute(HttpCommandExecutor.java:158)
	at org.openqa.selenium.remote.service.DriverCommandExecutor.execute(DriverCommandExecutor.java:83)
	at org.openqa.selenium.remote.RemoteWebDriver.execute(RemoteWebDriver.java:552)
	at org.openqa.selenium.remote.RemoteWebDriver.findElement(RemoteWebDriver.java:323)
	at org.openqa.selenium.remote.RemoteWebDriver.findElementByXPath(RemoteWebDriver.java:428)
	at org.openqa.selenium.By$ByXPath.findElement(By.java:353)
	at org.openqa.selenium.remote.RemoteWebDriver.findElement(RemoteWebDriver.java:315)
	at org.openqa.selenium.support.pagefactory.DefaultElementLocator.findElement(DefaultElementLocator.java:69)
	at org.openqa.selenium.support.pagefactory.internal.LocatingElementHandler.invoke(LocatingElementHandler.java:38)
	at com.sun.proxy.$Proxy14.isSelected(Unknown Source)
	at tests.PreApprovalDetailsTests.positiveTestPreApprovalDetails(PreApprovalDetailsTests.java:34)
	at tests.PersonalInformationTests.loginSetup(PersonalInformationTests.java:31)
	at sun.reflect.NativeMethodAccessorImpl.invoke0(Native Method)
	at sun.reflect.NativeMethodAccessorImpl.invoke(NativeMethodAccessorImpl.java:62)
	at sun.reflect.DelegatingMethodAccessorImpl.invoke(DelegatingMethodAccessorImpl.java:43)
	at java.lang.reflect.Method.invoke(Method.java:498)
	at org.testng.internal.MethodInvocationHelper.invokeMethod(MethodInvocationHelper.java:133)
	at org.testng.internal.MethodInvocationHelper.invokeMethodConsideringTimeout(MethodInvocationHelper.java:62)
	at org.testng.internal.ConfigInvoker.invokeConfigurationMethod(ConfigInvoker.java:385)
	at org.testng.internal.ConfigInvoker.invokeConfigurations(ConfigInvoker.java:321)
	at org.testng.internal.TestInvoker.runConfigMethods(TestInvoker.java:700)
	at org.testng.internal.TestInvoker.invokeMethod(TestInvoker.java:527)
	at org.testng.internal.TestInvoker.invokeTestMethod(TestInvoker.java:173)
	at org.testng.internal.MethodRunner.runInSequence(MethodRunner.java:46)
	at org.testng.internal.TestInvoker$MethodInvocationAgent.invoke(TestInvoker.java:824)
	at org.testng.internal.TestInvoker.invokeTestMethods(TestInvoker.java:146)
	at org.testng.internal.TestMethodWorker.invokeTestMethods(TestMethodWorker.java:146)
	at org.testng.internal.TestMethodWorker.run(TestMethodWorker.java:128)
	at java.util.concurrent.ThreadPoolExecutor.runWorker(ThreadPoolExecutor.java:1149)
	at java.util.concurrent.ThreadPoolExecutor$Worker.run(ThreadPoolExecutor.java:624)
	at java.lang.Thread.run(Thread.java:748)

</div> <!-- stack-trace -->
                </div> <!-- method-content -->
              </div> <!-- method -->
              <div class="method">
                <div class="method-content">
                  <a name="verifyWithNoCredentials">
                  </a> <!-- verifyWithNoCredentials -->
                  <span class="method-name">verifyWithNoCredentials</span>
                  <div class="stack-trace">org.openqa.selenium.NoSuchElementException: no such element: Unable to locate element: {&quot;method&quot;:&quot;xpath&quot;,&quot;selector&quot;:&quot;//*[@id=&apos;realtor1&apos;]&quot;}
  (Session info: chrome=92.0.4515.159)
For documentation on this error, please visit: https://www.seleniumhq.org/exceptions/no_such_element.html
Build info: version: &apos;3.141.59&apos;, revision: &apos;e82be7d358&apos;, time: &apos;2018-11-14T08:17:03&apos;
System info: host: &apos;DESKTOP-P8JIU9Q&apos;, ip: &apos;192.168.1.158&apos;, os.name: &apos;Windows 10&apos;, os.arch: &apos;amd64&apos;, os.version: &apos;10.0&apos;, java.version: &apos;1.8.0_281&apos;
Driver info: org.openqa.selenium.chrome.ChromeDriver
Capabilities {acceptInsecureCerts: false, browserName: chrome, browserVersion: 92.0.4515.159, chrome: {chromedriverVersion: 92.0.4515.107 (87a818b10553..., userDataDir: C:\Users\parvi\AppData\Loca...}, goog:chromeOptions: {debuggerAddress: localhost:51806}, javascriptEnabled: true, networkConnectionEnabled: false, pageLoadStrategy: normal, platform: WINDOWS, platformName: WINDOWS, proxy: Proxy(), setWindowRect: true, strictFileInteractability: false, timeouts: {implicit: 0, pageLoad: 300000, script: 30000}, unhandledPromptBehavior: dismiss and notify, webauthn:extension:credBlob: true, webauthn:extension:largeBlob: true, webauthn:virtualAuthenticators: true}
Session ID: 9172d8e6ab1849211e8b163d890e5c03
*** Element info: {Using=xpath, value=//*[@id=&apos;realtor1&apos;]}
	at sun.reflect.NativeConstructorAccessorImpl.newInstance0(Native Method)
	at sun.reflect.NativeConstructorAccessorImpl.newInstance(NativeConstructorAccessorImpl.java:62)
	at sun.reflect.DelegatingConstructorAccessorImpl.newInstance(DelegatingConstructorAccessorImpl.java:45)
	at java.lang.reflect.Constructor.newInstance(Constructor.java:423)
	at org.openqa.selenium.remote.http.W3CHttpResponseCodec.createException(W3CHttpResponseCodec.java:187)
	at org.openqa.selenium.remote.http.W3CHttpResponseCodec.decode(W3CHttpResponseCodec.java:122)
	at org.openqa.selenium.remote.http.W3CHttpResponseCodec.decode(W3CHttpResponseCodec.java:49)
	at org.openqa.selenium.remote.HttpCommandExecutor.execute(HttpCommandExecutor.java:158)
	at org.openqa.selenium.remote.service.DriverCommandExecutor.execute(DriverCommandExecutor.java:83)
	at org.openqa.selenium.remote.RemoteWebDriver.execute(RemoteWebDriver.java:552)
	at org.openqa.selenium.remote.RemoteWebDriver.findElement(RemoteWebDriver.java:323)
	at org.openqa.selenium.remote.RemoteWebDriver.findElementByXPath(RemoteWebDriver.java:428)
	at org.openqa.selenium.By$ByXPath.findElement(By.java:353)
	at org.openqa.selenium.remote.RemoteWebDriver.findElement(RemoteWebDriver.java:315)
	at org.openqa.selenium.support.pagefactory.DefaultElementLocator.findElement(DefaultElementLocator.java:69)
	at org.openqa.selenium.support.pagefactory.internal.LocatingElementHandler.invoke(LocatingElementHandler.java:38)
	at com.sun.proxy.$Proxy14.isSelected(Unknown Source)
	at tests.PreApprovalDetailsTests.positiveTestPreApprovalDetails(PreApprovalDetailsTests.java:34)
	at tests.PersonalInformationTests.loginSetup(PersonalInformationTests.java:31)
	at sun.reflect.NativeMethodAccessorImpl.invoke0(Native Method)
	at sun.reflect.NativeMethodAccessorImpl.invoke(NativeMethodAccessorImpl.java:62)
	at sun.reflect.DelegatingMethodAccessorImpl.invoke(DelegatingMethodAccessorImpl.java:43)
	at java.lang.reflect.Method.invoke(Method.java:498)
	at org.testng.internal.MethodInvocationHelper.invokeMethod(MethodInvocationHelper.java:133)
	at org.testng.internal.MethodInvocationHelper.invokeMethodConsideringTimeout(MethodInvocationHelper.java:62)
	at org.testng.internal.ConfigInvoker.invokeConfigurationMethod(ConfigInvoker.java:385)
	at org.testng.internal.ConfigInvoker.invokeConfigurations(ConfigInvoker.java:321)
	at org.testng.internal.TestInvoker.runConfigMethods(TestInvoker.java:700)
	at org.testng.internal.TestInvoker.invokeMethod(TestInvoker.java:527)
	at org.testng.internal.TestInvoker.invokeTestMethod(TestInvoker.java:173)
	at org.testng.internal.MethodRunner.runInSequence(MethodRunner.java:46)
	at org.testng.internal.TestInvoker$MethodInvocationAgent.invoke(TestInvoker.java:824)
	at org.testng.internal.TestInvoker.invokeTestMethods(TestInvoker.java:146)
	at org.testng.internal.TestMethodWorker.invokeTestMethods(TestMethodWorker.java:146)
	at org.testng.internal.TestMethodWorker.run(TestMethodWorker.java:128)
	at java.util.concurrent.ThreadPoolExecutor.runWorker(ThreadPoolExecutor.java:1149)
	at java.util.concurrent.ThreadPoolExecutor$Worker.run(ThreadPoolExecutor.java:624)
	at java.lang.Thread.run(Thread.java:748)

</div> <!-- stack-trace -->
                </div> <!-- method-content -->
              </div> <!-- method -->
              <div class="method">
                <div class="method-content">
                  <a name="verifyWithValidCredentials">
                  </a> <!-- verifyWithValidCredentials -->
                  <span class="method-name">verifyWithValidCredentials</span>
                  <div class="stack-trace">org.openqa.selenium.NoSuchElementException: no such element: Unable to locate element: {&quot;method&quot;:&quot;xpath&quot;,&quot;selector&quot;:&quot;//*[@id=&apos;realtor1&apos;]&quot;}
  (Session info: chrome=92.0.4515.159)
For documentation on this error, please visit: https://www.seleniumhq.org/exceptions/no_such_element.html
Build info: version: &apos;3.141.59&apos;, revision: &apos;e82be7d358&apos;, time: &apos;2018-11-14T08:17:03&apos;
System info: host: &apos;DESKTOP-P8JIU9Q&apos;, ip: &apos;192.168.1.158&apos;, os.name: &apos;Windows 10&apos;, os.arch: &apos;amd64&apos;, os.version: &apos;10.0&apos;, java.version: &apos;1.8.0_281&apos;
Driver info: org.openqa.selenium.chrome.ChromeDriver
Capabilities {acceptInsecureCerts: false, browserName: chrome, browserVersion: 92.0.4515.159, chrome: {chromedriverVersion: 92.0.4515.107 (87a818b10553..., userDataDir: C:\Users\parvi\AppData\Loca...}, goog:chromeOptions: {debuggerAddress: localhost:51806}, javascriptEnabled: true, networkConnectionEnabled: false, pageLoadStrategy: normal, platform: WINDOWS, platformName: WINDOWS, proxy: Proxy(), setWindowRect: true, strictFileInteractability: false, timeouts: {implicit: 0, pageLoad: 300000, script: 30000}, unhandledPromptBehavior: dismiss and notify, webauthn:extension:credBlob: true, webauthn:extension:largeBlob: true, webauthn:virtualAuthenticators: true}
Session ID: 9172d8e6ab1849211e8b163d890e5c03
*** Element info: {Using=xpath, value=//*[@id=&apos;realtor1&apos;]}
	at sun.reflect.NativeConstructorAccessorImpl.newInstance0(Native Method)
	at sun.reflect.NativeConstructorAccessorImpl.newInstance(NativeConstructorAccessorImpl.java:62)
	at sun.reflect.DelegatingConstructorAccessorImpl.newInstance(DelegatingConstructorAccessorImpl.java:45)
	at java.lang.reflect.Constructor.newInstance(Constructor.java:423)
	at org.openqa.selenium.remote.http.W3CHttpResponseCodec.createException(W3CHttpResponseCodec.java:187)
	at org.openqa.selenium.remote.http.W3CHttpResponseCodec.decode(W3CHttpResponseCodec.java:122)
	at org.openqa.selenium.remote.http.W3CHttpResponseCodec.decode(W3CHttpResponseCodec.java:49)
	at org.openqa.selenium.remote.HttpCommandExecutor.execute(HttpCommandExecutor.java:158)
	at org.openqa.selenium.remote.service.DriverCommandExecutor.execute(DriverCommandExecutor.java:83)
	at org.openqa.selenium.remote.RemoteWebDriver.execute(RemoteWebDriver.java:552)
	at org.openqa.selenium.remote.RemoteWebDriver.findElement(RemoteWebDriver.java:323)
	at org.openqa.selenium.remote.RemoteWebDriver.findElementByXPath(RemoteWebDriver.java:428)
	at org.openqa.selenium.By$ByXPath.findElement(By.java:353)
	at org.openqa.selenium.remote.RemoteWebDriver.findElement(RemoteWebDriver.java:315)
	at org.openqa.selenium.support.pagefactory.DefaultElementLocator.findElement(DefaultElementLocator.java:69)
	at org.openqa.selenium.support.pagefactory.internal.LocatingElementHandler.invoke(LocatingElementHandler.java:38)
	at com.sun.proxy.$Proxy14.isSelected(Unknown Source)
	at tests.PreApprovalDetailsTests.positiveTestPreApprovalDetails(PreApprovalDetailsTests.java:34)
	at tests.PersonalInformationTests.loginSetup(PersonalInformationTests.java:31)
	at sun.reflect.NativeMethodAccessorImpl.invoke0(Native Method)
	at sun.reflect.NativeMethodAccessorImpl.invoke(NativeMethodAccessorImpl.java:62)
	at sun.reflect.DelegatingMethodAccessorImpl.invoke(DelegatingMethodAccessorImpl.java:43)
	at java.lang.reflect.Method.invoke(Method.java:498)
	at org.testng.internal.MethodInvocationHelper.invokeMethod(MethodInvocationHelper.java:133)
	at org.testng.internal.MethodInvocationHelper.invokeMethodConsideringTimeout(MethodInvocationHelper.java:62)
	at org.testng.internal.ConfigInvoker.invokeConfigurationMethod(ConfigInvoker.java:385)
	at org.testng.internal.ConfigInvoker.invokeConfigurations(ConfigInvoker.java:321)
	at org.testng.internal.TestInvoker.runConfigMethods(TestInvoker.java:700)
	at org.testng.internal.TestInvoker.invokeMethod(TestInvoker.java:527)
	at org.testng.internal.TestInvoker.invokeTestMethod(TestInvoker.java:173)
	at org.testng.internal.MethodRunner.runInSequence(MethodRunner.java:46)
	at org.testng.internal.TestInvoker$MethodInvocationAgent.invoke(TestInvoker.java:824)
	at org.testng.internal.TestInvoker.invokeTestMethods(TestInvoker.java:146)
	at org.testng.internal.TestMethodWorker.invokeTestMethods(TestMethodWorker.java:146)
	at org.testng.internal.TestMethodWorker.run(TestMethodWorker.java:128)
	at java.util.concurrent.ThreadPoolExecutor.runWorker(ThreadPoolExecutor.java:1149)
	at java.util.concurrent.ThreadPoolExecutor$Worker.run(ThreadPoolExecutor.java:624)
	at java.lang.Thread.run(Thread.java:748)

</div> <!-- stack-trace -->
                </div> <!-- method-content -->
              </div> <!-- method -->
              <div class="method">
                <div class="method-content">
                  <a name="verifyWithValidCredentialsFromCsvFile(Janenna, Lotta, Sainthill, lsainthillh@who.int, 11/18/1996, 829-91-7489, 691-539-9138, 266-952-3602)">
                  </a> <!-- verifyWithValidCredentialsFromCsvFile(Janenna, Lotta, Sainthill, lsainthillh@who.int, 11/18/1996, 829-91-7489, 691-539-9138, 266-952-3602) -->
                  <span class="method-name">verifyWithValidCredentialsFromCsvFile</span>
                  <span class="parameters">(Janenna, Lotta, Sainthill, lsainthillh@who.int, 11/18/1996, 829-91-7489, 691-539-9138, 266-952-3602)</span>
                  <div class="stack-trace">org.openqa.selenium.NoSuchElementException: no such element: Unable to locate element: {&quot;method&quot;:&quot;xpath&quot;,&quot;selector&quot;:&quot;//*[@id=&apos;realtor1&apos;]&quot;}
  (Session info: chrome=92.0.4515.159)
For documentation on this error, please visit: https://www.seleniumhq.org/exceptions/no_such_element.html
Build info: version: &apos;3.141.59&apos;, revision: &apos;e82be7d358&apos;, time: &apos;2018-11-14T08:17:03&apos;
System info: host: &apos;DESKTOP-P8JIU9Q&apos;, ip: &apos;192.168.1.158&apos;, os.name: &apos;Windows 10&apos;, os.arch: &apos;amd64&apos;, os.version: &apos;10.0&apos;, java.version: &apos;1.8.0_281&apos;
Driver info: org.openqa.selenium.chrome.ChromeDriver
Capabilities {acceptInsecureCerts: false, browserName: chrome, browserVersion: 92.0.4515.159, chrome: {chromedriverVersion: 92.0.4515.107 (87a818b10553..., userDataDir: C:\Users\parvi\AppData\Loca...}, goog:chromeOptions: {debuggerAddress: localhost:51806}, javascriptEnabled: true, networkConnectionEnabled: false, pageLoadStrategy: normal, platform: WINDOWS, platformName: WINDOWS, proxy: Proxy(), setWindowRect: true, strictFileInteractability: false, timeouts: {implicit: 0, pageLoad: 300000, script: 30000}, unhandledPromptBehavior: dismiss and notify, webauthn:extension:credBlob: true, webauthn:extension:largeBlob: true, webauthn:virtualAuthenticators: true}
Session ID: 9172d8e6ab1849211e8b163d890e5c03
*** Element info: {Using=xpath, value=//*[@id=&apos;realtor1&apos;]}
	at sun.reflect.NativeConstructorAccessorImpl.newInstance0(Native Method)
	at sun.reflect.NativeConstructorAccessorImpl.newInstance(NativeConstructorAccessorImpl.java:62)
	at sun.reflect.DelegatingConstructorAccessorImpl.newInstance(DelegatingConstructorAccessorImpl.java:45)
	at java.lang.reflect.Constructor.newInstance(Constructor.java:423)
	at org.openqa.selenium.remote.http.W3CHttpResponseCodec.createException(W3CHttpResponseCodec.java:187)
	at org.openqa.selenium.remote.http.W3CHttpResponseCodec.decode(W3CHttpResponseCodec.java:122)
	at org.openqa.selenium.remote.http.W3CHttpResponseCodec.decode(W3CHttpResponseCodec.java:49)
	at org.openqa.selenium.remote.HttpCommandExecutor.execute(HttpCommandExecutor.java:158)
	at org.openqa.selenium.remote.service.DriverCommandExecutor.execute(DriverCommandExecutor.java:83)
	at org.openqa.selenium.remote.RemoteWebDriver.execute(RemoteWebDriver.java:552)
	at org.openqa.selenium.remote.RemoteWebDriver.findElement(RemoteWebDriver.java:323)
	at org.openqa.selenium.remote.RemoteWebDriver.findElementByXPath(RemoteWebDriver.java:428)
	at org.openqa.selenium.By$ByXPath.findElement(By.java:353)
	at org.openqa.selenium.remote.RemoteWebDriver.findElement(RemoteWebDriver.java:315)
	at org.openqa.selenium.support.pagefactory.DefaultElementLocator.findElement(DefaultElementLocator.java:69)
	at org.openqa.selenium.support.pagefactory.internal.LocatingElementHandler.invoke(LocatingElementHandler.java:38)
	at com.sun.proxy.$Proxy14.isSelected(Unknown Source)
	at tests.PreApprovalDetailsTests.positiveTestPreApprovalDetails(PreApprovalDetailsTests.java:34)
	at tests.PersonalInformationTests.loginSetup(PersonalInformationTests.java:31)
	at sun.reflect.NativeMethodAccessorImpl.invoke0(Native Method)
	at sun.reflect.NativeMethodAccessorImpl.invoke(NativeMethodAccessorImpl.java:62)
	at sun.reflect.DelegatingMethodAccessorImpl.invoke(DelegatingMethodAccessorImpl.java:43)
	at java.lang.reflect.Method.invoke(Method.java:498)
	at org.testng.internal.MethodInvocationHelper.invokeMethod(MethodInvocationHelper.java:133)
	at org.testng.internal.MethodInvocationHelper.invokeMethodConsideringTimeout(MethodInvocationHelper.java:62)
	at org.testng.internal.ConfigInvoker.invokeConfigurationMethod(ConfigInvoker.java:385)
	at org.testng.internal.ConfigInvoker.invokeConfigurations(ConfigInvoker.java:321)
	at org.testng.internal.TestInvoker.runConfigMethods(TestInvoker.java:700)
	at org.testng.internal.TestInvoker.invokeMethod(TestInvoker.java:527)
	at org.testng.internal.TestInvoker.invokeTestMethod(TestInvoker.java:173)
	at org.testng.internal.MethodRunner.runInSequence(MethodRunner.java:46)
	at org.testng.internal.TestInvoker$MethodInvocationAgent.invoke(TestInvoker.java:824)
	at org.testng.internal.TestInvoker.invokeTestMethods(TestInvoker.java:146)
	at org.testng.internal.TestMethodWorker.invokeTestMethods(TestMethodWorker.java:146)
	at org.testng.internal.TestMethodWorker.run(TestMethodWorker.java:128)
	at java.util.concurrent.ThreadPoolExecutor.runWorker(ThreadPoolExecutor.java:1149)
	at java.util.concurrent.ThreadPoolExecutor$Worker.run(ThreadPoolExecutor.java:624)
	at java.lang.Thread.run(Thread.java:748)

</div> <!-- stack-trace -->
                </div> <!-- method-content -->
              </div> <!-- method -->
              <div class="method">
                <div class="method-content">
                  <a name="verifyWithValidCredentialsFromCsvFile(Jeremie, Britte, Vivians, bvivians0@latimes.com, 12/08/1980, 525-13-6745, 825-706-8697, 184-796-5750)">
                  </a> <!-- verifyWithValidCredentialsFromCsvFile(Jeremie, Britte, Vivians, bvivians0@latimes.com, 12/08/1980, 525-13-6745, 825-706-8697, 184-796-5750) -->
                  <span class="method-name">verifyWithValidCredentialsFromCsvFile</span>
                  <span class="parameters">(Jeremie, Britte, Vivians, bvivians0@latimes.com, 12/08/1980, 525-13-6745, 825-706-8697, 184-796-5750)</span>
                  <div class="stack-trace">org.openqa.selenium.NoSuchElementException: no such element: Unable to locate element: {&quot;method&quot;:&quot;xpath&quot;,&quot;selector&quot;:&quot;//*[@id=&apos;realtor1&apos;]&quot;}
  (Session info: chrome=92.0.4515.159)
For documentation on this error, please visit: https://www.seleniumhq.org/exceptions/no_such_element.html
Build info: version: &apos;3.141.59&apos;, revision: &apos;e82be7d358&apos;, time: &apos;2018-11-14T08:17:03&apos;
System info: host: &apos;DESKTOP-P8JIU9Q&apos;, ip: &apos;192.168.1.158&apos;, os.name: &apos;Windows 10&apos;, os.arch: &apos;amd64&apos;, os.version: &apos;10.0&apos;, java.version: &apos;1.8.0_281&apos;
Driver info: org.openqa.selenium.chrome.ChromeDriver
Capabilities {acceptInsecureCerts: false, browserName: chrome, browserVersion: 92.0.4515.159, chrome: {chromedriverVersion: 92.0.4515.107 (87a818b10553..., userDataDir: C:\Users\parvi\AppData\Loca...}, goog:chromeOptions: {debuggerAddress: localhost:51806}, javascriptEnabled: true, networkConnectionEnabled: false, pageLoadStrategy: normal, platform: WINDOWS, platformName: WINDOWS, proxy: Proxy(), setWindowRect: true, strictFileInteractability: false, timeouts: {implicit: 0, pageLoad: 300000, script: 30000}, unhandledPromptBehavior: dismiss and notify, webauthn:extension:credBlob: true, webauthn:extension:largeBlob: true, webauthn:virtualAuthenticators: true}
Session ID: 9172d8e6ab1849211e8b163d890e5c03
*** Element info: {Using=xpath, value=//*[@id=&apos;realtor1&apos;]}
	at sun.reflect.NativeConstructorAccessorImpl.newInstance0(Native Method)
	at sun.reflect.NativeConstructorAccessorImpl.newInstance(NativeConstructorAccessorImpl.java:62)
	at sun.reflect.DelegatingConstructorAccessorImpl.newInstance(DelegatingConstructorAccessorImpl.java:45)
	at java.lang.reflect.Constructor.newInstance(Constructor.java:423)
	at org.openqa.selenium.remote.http.W3CHttpResponseCodec.createException(W3CHttpResponseCodec.java:187)
	at org.openqa.selenium.remote.http.W3CHttpResponseCodec.decode(W3CHttpResponseCodec.java:122)
	at org.openqa.selenium.remote.http.W3CHttpResponseCodec.decode(W3CHttpResponseCodec.java:49)
	at org.openqa.selenium.remote.HttpCommandExecutor.execute(HttpCommandExecutor.java:158)
	at org.openqa.selenium.remote.service.DriverCommandExecutor.execute(DriverCommandExecutor.java:83)
	at org.openqa.selenium.remote.RemoteWebDriver.execute(RemoteWebDriver.java:552)
	at org.openqa.selenium.remote.RemoteWebDriver.findElement(RemoteWebDriver.java:323)
	at org.openqa.selenium.remote.RemoteWebDriver.findElementByXPath(RemoteWebDriver.java:428)
	at org.openqa.selenium.By$ByXPath.findElement(By.java:353)
	at org.openqa.selenium.remote.RemoteWebDriver.findElement(RemoteWebDriver.java:315)
	at org.openqa.selenium.support.pagefactory.DefaultElementLocator.findElement(DefaultElementLocator.java:69)
	at org.openqa.selenium.support.pagefactory.internal.LocatingElementHandler.invoke(LocatingElementHandler.java:38)
	at com.sun.proxy.$Proxy14.isSelected(Unknown Source)
	at tests.PreApprovalDetailsTests.positiveTestPreApprovalDetails(PreApprovalDetailsTests.java:34)
	at tests.PersonalInformationTests.loginSetup(PersonalInformationTests.java:31)
	at sun.reflect.NativeMethodAccessorImpl.invoke0(Native Method)
	at sun.reflect.NativeMethodAccessorImpl.invoke(NativeMethodAccessorImpl.java:62)
	at sun.reflect.DelegatingMethodAccessorImpl.invoke(DelegatingMethodAccessorImpl.java:43)
	at java.lang.reflect.Method.invoke(Method.java:498)
	at org.testng.internal.MethodInvocationHelper.invokeMethod(MethodInvocationHelper.java:133)
	at org.testng.internal.MethodInvocationHelper.invokeMethodConsideringTimeout(MethodInvocationHelper.java:62)
	at org.testng.internal.ConfigInvoker.invokeConfigurationMethod(ConfigInvoker.java:385)
	at org.testng.internal.ConfigInvoker.invokeConfigurations(ConfigInvoker.java:321)
	at org.testng.internal.TestInvoker.runConfigMethods(TestInvoker.java:700)
	at org.testng.internal.TestInvoker.invokeMethod(TestInvoker.java:527)
	at org.testng.internal.TestInvoker.invokeTestMethod(TestInvoker.java:173)
	at org.testng.internal.MethodRunner.runInSequence(MethodRunner.java:46)
	at org.testng.internal.TestInvoker$MethodInvocationAgent.invoke(TestInvoker.java:824)
	at org.testng.internal.TestInvoker.invokeTestMethods(TestInvoker.java:146)
	at org.testng.internal.TestMethodWorker.invokeTestMethods(TestMethodWorker.java:146)
	at org.testng.internal.TestMethodWorker.run(TestMethodWorker.java:128)
	at java.util.concurrent.ThreadPoolExecutor.runWorker(ThreadPoolExecutor.java:1149)
	at java.util.concurrent.ThreadPoolExecutor$Worker.run(ThreadPoolExecutor.java:624)
	at java.lang.Thread.run(Thread.java:748)

</div> <!-- stack-trace -->
                </div> <!-- method-content -->
              </div> <!-- method -->
              <div class="method">
                <div class="method-content">
                  <a name="verifyWithValidCredentialsFromCsvFile(Rudy, Bride, Killner, bkillnerd@prlog.org, 01/21/1992, 852-07-3385, 271-269-6706, 226-468-2448)">
                  </a> <!-- verifyWithValidCredentialsFromCsvFile(Rudy, Bride, Killner, bkillnerd@prlog.org, 01/21/1992, 852-07-3385, 271-269-6706, 226-468-2448) -->
                  <span class="method-name">verifyWithValidCredentialsFromCsvFile</span>
                  <span class="parameters">(Rudy, Bride, Killner, bkillnerd@prlog.org, 01/21/1992, 852-07-3385, 271-269-6706, 226-468-2448)</span>
                  <div class="stack-trace">org.openqa.selenium.NoSuchElementException: no such element: Unable to locate element: {&quot;method&quot;:&quot;xpath&quot;,&quot;selector&quot;:&quot;//*[@id=&apos;realtor1&apos;]&quot;}
  (Session info: chrome=92.0.4515.159)
For documentation on this error, please visit: https://www.seleniumhq.org/exceptions/no_such_element.html
Build info: version: &apos;3.141.59&apos;, revision: &apos;e82be7d358&apos;, time: &apos;2018-11-14T08:17:03&apos;
System info: host: &apos;DESKTOP-P8JIU9Q&apos;, ip: &apos;192.168.1.158&apos;, os.name: &apos;Windows 10&apos;, os.arch: &apos;amd64&apos;, os.version: &apos;10.0&apos;, java.version: &apos;1.8.0_281&apos;
Driver info: org.openqa.selenium.chrome.ChromeDriver
Capabilities {acceptInsecureCerts: false, browserName: chrome, browserVersion: 92.0.4515.159, chrome: {chromedriverVersion: 92.0.4515.107 (87a818b10553..., userDataDir: C:\Users\parvi\AppData\Loca...}, goog:chromeOptions: {debuggerAddress: localhost:51806}, javascriptEnabled: true, networkConnectionEnabled: false, pageLoadStrategy: normal, platform: WINDOWS, platformName: WINDOWS, proxy: Proxy(), setWindowRect: true, strictFileInteractability: false, timeouts: {implicit: 0, pageLoad: 300000, script: 30000}, unhandledPromptBehavior: dismiss and notify, webauthn:extension:credBlob: true, webauthn:extension:largeBlob: true, webauthn:virtualAuthenticators: true}
Session ID: 9172d8e6ab1849211e8b163d890e5c03
*** Element info: {Using=xpath, value=//*[@id=&apos;realtor1&apos;]}
	at sun.reflect.NativeConstructorAccessorImpl.newInstance0(Native Method)
	at sun.reflect.NativeConstructorAccessorImpl.newInstance(NativeConstructorAccessorImpl.java:62)
	at sun.reflect.DelegatingConstructorAccessorImpl.newInstance(DelegatingConstructorAccessorImpl.java:45)
	at java.lang.reflect.Constructor.newInstance(Constructor.java:423)
	at org.openqa.selenium.remote.http.W3CHttpResponseCodec.createException(W3CHttpResponseCodec.java:187)
	at org.openqa.selenium.remote.http.W3CHttpResponseCodec.decode(W3CHttpResponseCodec.java:122)
	at org.openqa.selenium.remote.http.W3CHttpResponseCodec.decode(W3CHttpResponseCodec.java:49)
	at org.openqa.selenium.remote.HttpCommandExecutor.execute(HttpCommandExecutor.java:158)
	at org.openqa.selenium.remote.service.DriverCommandExecutor.execute(DriverCommandExecutor.java:83)
	at org.openqa.selenium.remote.RemoteWebDriver.execute(RemoteWebDriver.java:552)
	at org.openqa.selenium.remote.RemoteWebDriver.findElement(RemoteWebDriver.java:323)
	at org.openqa.selenium.remote.RemoteWebDriver.findElementByXPath(RemoteWebDriver.java:428)
	at org.openqa.selenium.By$ByXPath.findElement(By.java:353)
	at org.openqa.selenium.remote.RemoteWebDriver.findElement(RemoteWebDriver.java:315)
	at org.openqa.selenium.support.pagefactory.DefaultElementLocator.findElement(DefaultElementLocator.java:69)
	at org.openqa.selenium.support.pagefactory.internal.LocatingElementHandler.invoke(LocatingElementHandler.java:38)
	at com.sun.proxy.$Proxy14.isSelected(Unknown Source)
	at tests.PreApprovalDetailsTests.positiveTestPreApprovalDetails(PreApprovalDetailsTests.java:34)
	at tests.PersonalInformationTests.loginSetup(PersonalInformationTests.java:31)
	at sun.reflect.NativeMethodAccessorImpl.invoke0(Native Method)
	at sun.reflect.NativeMethodAccessorImpl.invoke(NativeMethodAccessorImpl.java:62)
	at sun.reflect.DelegatingMethodAccessorImpl.invoke(DelegatingMethodAccessorImpl.java:43)
	at java.lang.reflect.Method.invoke(Method.java:498)
	at org.testng.internal.MethodInvocationHelper.invokeMethod(MethodInvocationHelper.java:133)
	at org.testng.internal.MethodInvocationHelper.invokeMethodConsideringTimeout(MethodInvocationHelper.java:62)
	at org.testng.internal.ConfigInvoker.invokeConfigurationMethod(ConfigInvoker.java:385)
	at org.testng.internal.ConfigInvoker.invokeConfigurations(ConfigInvoker.java:321)
	at org.testng.internal.TestInvoker.runConfigMethods(TestInvoker.java:700)
	at org.testng.internal.TestInvoker.invokeMethod(TestInvoker.java:527)
	at org.testng.internal.TestInvoker.invokeTestMethod(TestInvoker.java:173)
	at org.testng.internal.MethodRunner.runInSequence(MethodRunner.java:46)
	at org.testng.internal.TestInvoker$MethodInvocationAgent.invoke(TestInvoker.java:824)
	at org.testng.internal.TestInvoker.invokeTestMethods(TestInvoker.java:146)
	at org.testng.internal.TestMethodWorker.invokeTestMethods(TestMethodWorker.java:146)
	at org.testng.internal.TestMethodWorker.run(TestMethodWorker.java:128)
	at java.util.concurrent.ThreadPoolExecutor.runWorker(ThreadPoolExecutor.java:1149)
	at java.util.concurrent.ThreadPoolExecutor$Worker.run(ThreadPoolExecutor.java:624)
	at java.lang.Thread.run(Thread.java:748)

</div> <!-- stack-trace -->
                </div> <!-- method-content -->
              </div> <!-- method -->
            </div> <!-- main-panel-content rounded-window-bottom -->
          </div> <!-- suite-Sprint_2_Parallel_Test_Suite-class-skipped -->
          <div class="suite-Sprint_2_Parallel_Test_Suite-class-passed">
            <div class="main-panel-header rounded-window-top">
              <img src="passed.png"/>
              <span class="class-name">tests.ExpensesTests</span>
            </div> <!-- main-panel-header rounded-window-top -->
            <div class="main-panel-content rounded-window-bottom">
              <div class="method">
                <div class="method-content">
                  <a name="verifyWithOwnCheckBox">
                  </a> <!-- verifyWithOwnCheckBox -->
                  <span class="method-name">verifyWithOwnCheckBox</span>
                </div> <!-- method-content -->
              </div> <!-- method -->
            </div> <!-- main-panel-content rounded-window-bottom -->
          </div> <!-- suite-Sprint_2_Parallel_Test_Suite-class-passed -->
          <div class="suite-Sprint_2_Parallel_Test_Suite-class-passed">
            <div class="main-panel-header rounded-window-top">
              <img src="passed.png"/>
              <span class="class-name">tests.EconsentTests</span>
            </div> <!-- main-panel-header rounded-window-top -->
            <div class="main-panel-content rounded-window-bottom">
              <div class="method">
                <div class="method-content">
                  <a name="EconsentWithInValidCredentials">
                  </a> <!-- EconsentWithInValidCredentials -->
                  <span class="method-name">EconsentWithInValidCredentials</span>
                </div> <!-- method-content -->
              </div> <!-- method -->
              <div class="method">
                <div class="method-content">
                  <a name="EconsentWithValidCredentials">
                  </a> <!-- EconsentWithValidCredentials -->
                  <span class="method-name">EconsentWithValidCredentials</span>
                </div> <!-- method-content -->
              </div> <!-- method -->
            </div> <!-- main-panel-content rounded-window-bottom -->
          </div> <!-- suite-Sprint_2_Parallel_Test_Suite-class-passed -->
          <div class="suite-Sprint_2_Parallel_Test_Suite-class-passed">
            <div class="main-panel-header rounded-window-top">
              <img src="passed.png"/>
              <span class="class-name">tests.PreApprovalDetailsTests</span>
            </div> <!-- main-panel-header rounded-window-top -->
            <div class="main-panel-content rounded-window-bottom">
              <div class="method">
                <div class="method-content">
                  <a name="negativeTestPreApprovalDetailsWithoutData">
                  </a> <!-- negativeTestPreApprovalDetailsWithoutData -->
                  <span class="method-name">negativeTestPreApprovalDetailsWithoutData</span>
                </div> <!-- method-content -->
              </div> <!-- method -->
              <div class="method">
                <div class="method-content">
                  <a name="positiveTestPreApprovalDetails">
                  </a> <!-- positiveTestPreApprovalDetails -->
                  <span class="method-name">positiveTestPreApprovalDetails</span>
                </div> <!-- method-content -->
              </div> <!-- method -->
            </div> <!-- main-panel-content rounded-window-bottom -->
          </div> <!-- suite-Sprint_2_Parallel_Test_Suite-class-passed -->
          <div class="suite-Sprint_2_Parallel_Test_Suite-class-passed">
            <div class="main-panel-header rounded-window-top">
              <img src="passed.png"/>
              <span class="class-name">tests.SignUpTests</span>
            </div> <!-- main-panel-header rounded-window-top -->
            <div class="main-panel-content rounded-window-bottom">
              <div class="method">
                <div class="method-content">
                  <a name="signUpWithFaker">
                  </a> <!-- signUpWithFaker -->
                  <span class="method-name">signUpWithFaker</span>
                </div> <!-- method-content -->
              </div> <!-- method -->
              <div class="method">
                <div class="method-content">
                  <a name="signUpWithWrongEmailInput">
                  </a> <!-- signUpWithWrongEmailInput -->
                  <span class="method-name">signUpWithWrongEmailInput</span>
                </div> <!-- method-content -->
              </div> <!-- method -->
              <div class="method">
                <div class="method-content">
                  <a name="signUpWithoutData">
                  </a> <!-- signUpWithoutData -->
                  <span class="method-name">signUpWithoutData</span>
                </div> <!-- method-content -->
              </div> <!-- method -->
            </div> <!-- main-panel-content rounded-window-bottom -->
          </div> <!-- suite-Sprint_2_Parallel_Test_Suite-class-passed -->
          <div class="suite-Sprint_2_Parallel_Test_Suite-class-passed">
            <div class="main-panel-header rounded-window-top">
              <img src="passed.png"/>
              <span class="class-name">tests.EmploymentAndIncomeTests</span>
            </div> <!-- main-panel-header rounded-window-top -->
            <div class="main-panel-content rounded-window-bottom">
              <div class="method">
                <div class="method-content">
                  <a name="verifyWithValidDataEmploymentAndIncome">
                  </a> <!-- verifyWithValidDataEmploymentAndIncome -->
                  <span class="method-name">verifyWithValidDataEmploymentAndIncome</span>
                </div> <!-- method-content -->
              </div> <!-- method -->
            </div> <!-- main-panel-content rounded-window-bottom -->
          </div> <!-- suite-Sprint_2_Parallel_Test_Suite-class-passed -->
          <div class="suite-Sprint_2_Parallel_Test_Suite-class-passed">
            <div class="main-panel-header rounded-window-top">
              <img src="passed.png"/>
              <span class="class-name">tests.LoginTests</span>
            </div> <!-- main-panel-header rounded-window-top -->
            <div class="main-panel-content rounded-window-bottom">
              <div class="method">
                <div class="method-content">
                  <a name="appHealthCheck">
                  </a> <!-- appHealthCheck -->
                  <span class="method-name">appHealthCheck</span>
                </div> <!-- method-content -->
              </div> <!-- method -->
              <div class="method">
                <div class="method-content">
                  <a name="loginWithInvalidPassword">
                  </a> <!-- loginWithInvalidPassword -->
                  <span class="method-name">loginWithInvalidPassword</span>
                </div> <!-- method-content -->
              </div> <!-- method -->
              <div class="method">
                <div class="method-content">
                  <a name="loginWithInvalidUsername">
                  </a> <!-- loginWithInvalidUsername -->
                  <span class="method-name">loginWithInvalidUsername</span>
                </div> <!-- method-content -->
              </div> <!-- method -->
              <div class="method">
                <div class="method-content">
                  <a name="loginWithNoCredentials">
                  </a> <!-- loginWithNoCredentials -->
                  <span class="method-name">loginWithNoCredentials</span>
                </div> <!-- method-content -->
              </div> <!-- method -->
              <div class="method">
                <div class="method-content">
                  <a name="loginWithValidCredentials">
                  </a> <!-- loginWithValidCredentials -->
                  <span class="method-name">loginWithValidCredentials</span>
                </div> <!-- method-content -->
              </div> <!-- method -->
            </div> <!-- main-panel-content rounded-window-bottom -->
          </div> <!-- suite-Sprint_2_Parallel_Test_Suite-class-passed -->
          <div class="suite-Sprint_2_Parallel_Test_Suite-class-passed">
            <div class="main-panel-header rounded-window-top">
              <img src="passed.png"/>
              <span class="class-name">tests.PersonalInformationTests</span>
            </div> <!-- main-panel-header rounded-window-top -->
            <div class="main-panel-content rounded-window-bottom">
              <div class="method">
                <div class="method-content">
                  <a name="verifyEmailFieldWithInvalidEmailAddress(Jeremie, Britte, Vivians, gmail.com, 12/08/1980, 525-13-6745, 825-706-8697, 184-796-5750)">
                  </a> <!-- verifyEmailFieldWithInvalidEmailAddress(Jeremie, Britte, Vivians, gmail.com, 12/08/1980, 525-13-6745, 825-706-8697, 184-796-5750) -->
                  <span class="method-name">verifyEmailFieldWithInvalidEmailAddress</span>
                  <span class="parameters">(Jeremie, Britte, Vivians, gmail.com, 12/08/1980, 525-13-6745, 825-706-8697, 184-796-5750)</span>
                </div> <!-- method-content -->
              </div> <!-- method -->
            </div> <!-- main-panel-content rounded-window-bottom -->
          </div> <!-- suite-Sprint_2_Parallel_Test_Suite-class-passed -->
        </div> <!-- panel Sprint_2_Parallel_Test_Suite -->
        <div panel-name="test-xml-Sprint_2_Parallel_Test_Suite" class="panel">
          <div class="main-panel-header rounded-window-top">
            <span class="header-content">C:\Users\parvi\IdeaProjects\duo_bank_project\sprint_2_parallel_classes.xml</span>
          </div> <!-- main-panel-header rounded-window-top -->
          <div class="main-panel-content rounded-window-bottom">
            <pre>
&lt;?xml version=&quot;1.0&quot; encoding=&quot;UTF-8&quot;?&gt;
&lt;!DOCTYPE suite SYSTEM &quot;https://testng.org/testng-1.0.dtd&quot;&gt;
&lt;suite guice-stage=&quot;DEVELOPMENT&quot; verbose=&quot;0&quot; name=&quot;Sprint 2 Parallel Test Suite&quot;&gt;
  &lt;test thread-count=&quot;8&quot; verbose=&quot;2&quot; name=&quot;Sprint 2 Parallel Classes&quot; parallel=&quot;classes&quot;&gt;
    &lt;classes&gt;
      &lt;class name=&quot;tests.CreditReportTest&quot;/&gt;
      &lt;class name=&quot;tests.EconsentTests&quot;/&gt;
      &lt;class name=&quot;tests.EmploymentAndIncomeTests&quot;/&gt;
      &lt;class name=&quot;tests.ExpensesTests&quot;/&gt;
      &lt;class name=&quot;tests.LoginTests&quot;/&gt;
      &lt;class name=&quot;tests.PersonalInformationTests&quot;/&gt;
      &lt;class name=&quot;tests.PreApprovalDetailsTests&quot;/&gt;
      &lt;class name=&quot;tests.SignUpTests&quot;/&gt;
    &lt;/classes&gt;
  &lt;/test&gt; &lt;!-- Sprint 2 Parallel Classes --&gt;
&lt;/suite&gt; &lt;!-- Sprint 2 Parallel Test Suite --&gt;
            </pre>
          </div> <!-- main-panel-content rounded-window-bottom -->
        </div> <!-- panel -->
        <div panel-name="testlist-Sprint_2_Parallel_Test_Suite" class="panel">
          <div class="main-panel-header rounded-window-top">
            <span class="header-content">Tests for Sprint 2 Parallel Test Suite</span>
          </div> <!-- main-panel-header rounded-window-top -->
          <div class="main-panel-content rounded-window-bottom">
            <ul>
              <li>
                <span class="test-name">Sprint 2 Parallel Classes (8 classes)</span>
              </li>
            </ul>
          </div> <!-- main-panel-content rounded-window-bottom -->
        </div> <!-- panel -->
        <div panel-name="group-Sprint_2_Parallel_Test_Suite" class="panel">
          <div class="main-panel-header rounded-window-top">
            <span class="header-content">Groups for Sprint 2 Parallel Test Suite</span>
          </div> <!-- main-panel-header rounded-window-top -->
          <div class="main-panel-content rounded-window-bottom">
            <div class="test-group">
              <span class="test-group-name">smoke</span>
              <br/>
              <div class="method-in-group">
                <span class="method-in-group-name">appHealthCheck</span>
                <br/>
              </div> <!-- method-in-group -->
              <div class="method-in-group">
                <span class="method-in-group-name">loginWithInvalidPassword</span>
                <br/>
              </div> <!-- method-in-group -->
              <div class="method-in-group">
                <span class="method-in-group-name">loginWithInvalidUsername</span>
                <br/>
              </div> <!-- method-in-group -->
              <div class="method-in-group">
                <span class="method-in-group-name">loginWithNoCredentials</span>
                <br/>
              </div> <!-- method-in-group -->
              <div class="method-in-group">
                <span class="method-in-group-name">loginWithValidCredentials</span>
                <br/>
              </div> <!-- method-in-group -->
              <div class="method-in-group">
                <span class="method-in-group-name">signUpWithFaker</span>
                <br/>
              </div> <!-- method-in-group -->
              <div class="method-in-group">
                <span class="method-in-group-name">signUpWithWrongEmailInput</span>
                <br/>
              </div> <!-- method-in-group -->
              <div class="method-in-group">
                <span class="method-in-group-name">signUpWithoutData</span>
                <br/>
              </div> <!-- method-in-group -->
            </div> <!-- test-group -->
          </div> <!-- main-panel-content rounded-window-bottom -->
        </div> <!-- panel -->
        <div panel-name="times-Sprint_2_Parallel_Test_Suite" class="panel">
          <div class="main-panel-header rounded-window-top">
            <span class="header-content">Times for Sprint 2 Parallel Test Suite</span>
          </div> <!-- main-panel-header rounded-window-top -->
          <div class="main-panel-content rounded-window-bottom">
            <div class="times-div">
              <script type="text/javascript">
suiteTableInitFunctions.push('tableData_Sprint_2_Parallel_Test_Suite');
function tableData_Sprint_2_Parallel_Test_Suite() {
var data = new google.visualization.DataTable();
data.addColumn('number', 'Number');
data.addColumn('string', 'Method');
data.addColumn('string', 'Class');
data.addColumn('number', 'Time (ms)');
data.addRows(36);
data.setCell(0, 0, 0)
data.setCell(0, 1, 'verifyWithNoCredentials')
data.setCell(0, 2, 'tests.EmploymentAndIncomeTests')
data.setCell(0, 3, 14991);
data.setCell(1, 0, 1)
data.setCell(1, 1, 'verifyWithNoCredentials')
data.setCell(1, 2, 'tests.ExpensesTests')
data.setCell(1, 3, 12978);
data.setCell(2, 0, 2)
data.setCell(2, 1, 'signUpWithFaker')
data.setCell(2, 2, 'tests.SignUpTests')
data.setCell(2, 3, 9131);
data.setCell(3, 0, 3)
data.setCell(3, 1, 'signUpWithoutData')
data.setCell(3, 2, 'tests.SignUpTests')
data.setCell(3, 3, 6979);
data.setCell(4, 0, 4)
data.setCell(4, 1, 'verifyEmailFieldWithInvalidEmailAddress')
data.setCell(4, 2, 'tests.PersonalInformationTests')
data.setCell(4, 3, 4777);
data.setCell(5, 0, 5)
data.setCell(5, 1, 'loginWithInvalidUsername')
data.setCell(5, 2, 'tests.LoginTests')
data.setCell(5, 3, 4776);
data.setCell(6, 0, 6)
data.setCell(6, 1, 'positiveTestPreApprovalDetails')
data.setCell(6, 2, 'tests.PreApprovalDetailsTests')
data.setCell(6, 3, 3698);
data.setCell(7, 0, 7)
data.setCell(7, 1, 'EconsentWithInValidCredentials')
data.setCell(7, 2, 'tests.EconsentTests')
data.setCell(7, 3, 3207);
data.setCell(8, 0, 8)
data.setCell(8, 1, 'negativeAnswerForCreditReport')
data.setCell(8, 2, 'tests.CreditReportTest')
data.setCell(8, 3, 3073);
data.setCell(9, 0, 9)
data.setCell(9, 1, 'negativeTestPreApprovalDetailsWithoutData')
data.setCell(9, 2, 'tests.PreApprovalDetailsTests')
data.setCell(9, 3, 2867);
data.setCell(10, 0, 10)
data.setCell(10, 1, 'verifyWithValidDataEmploymentAndIncome')
data.setCell(10, 2, 'tests.EmploymentAndIncomeTests')
data.setCell(10, 3, 2028);
data.setCell(11, 0, 11)
data.setCell(11, 1, 'loginWithInvalidPassword')
data.setCell(11, 2, 'tests.LoginTests')
data.setCell(11, 3, 1769);
data.setCell(12, 0, 12)
data.setCell(12, 1, 'signUpWithWrongEmailInput')
data.setCell(12, 2, 'tests.SignUpTests')
data.setCell(12, 3, 1492);
data.setCell(13, 0, 13)
data.setCell(13, 1, 'loginWithValidCredentials')
data.setCell(13, 2, 'tests.LoginTests')
data.setCell(13, 3, 1473);
data.setCell(14, 0, 14)
data.setCell(14, 1, 'EconsentWithValidCredentials')
data.setCell(14, 2, 'tests.EconsentTests')
data.setCell(14, 3, 840);
data.setCell(15, 0, 15)
data.setCell(15, 1, 'verifyWithOwnCheckBox')
data.setCell(15, 2, 'tests.ExpensesTests')
data.setCell(15, 3, 644);
data.setCell(16, 0, 16)
data.setCell(16, 1, 'loginWithNoCredentials')
data.setCell(16, 2, 'tests.LoginTests')
data.setCell(16, 3, 529);
data.setCell(17, 0, 17)
data.setCell(17, 1, 'EconsentWithNoCredetials')
data.setCell(17, 2, 'tests.EconsentTests')
data.setCell(17, 3, 276);
data.setCell(18, 0, 18)
data.setCell(18, 1, 'appHealthCheck')
data.setCell(18, 2, 'tests.LoginTests')
data.setCell(18, 3, 18);
data.setCell(19, 0, 19)
data.setCell(19, 1, 'verifyEmailFieldWithInvalidEmailAddress')
data.setCell(19, 2, 'tests.PersonalInformationTests')
data.setCell(19, 3, 0);
data.setCell(20, 0, 20)
data.setCell(20, 1, 'verifyNameFieldsWithNumericCredentials')
data.setCell(20, 2, 'tests.PersonalInformationTests')
data.setCell(20, 3, 0);
data.setCell(21, 0, 21)
data.setCell(21, 1, 'verifyWithValidCredentialsFromCsvFile')
data.setCell(21, 2, 'tests.PersonalInformationTests')
data.setCell(21, 3, 0);
data.setCell(22, 0, 22)
data.setCell(22, 1, 'positiveAnswerForCreditReport')
data.setCell(22, 2, 'tests.CreditReportTest')
data.setCell(22, 3, 0);
data.setCell(23, 0, 23)
data.setCell(23, 1, 'verifyEmailFieldWithInvalidEmailAddress')
data.setCell(23, 2, 'tests.PersonalInformationTests')
data.setCell(23, 3, 0);
data.setCell(24, 0, 24)
data.setCell(24, 1, 'verifyWithValidCredentials')
data.setCell(24, 2, 'tests.PersonalInformationTests')
data.setCell(24, 3, 0);
data.setCell(25, 0, 25)
data.setCell(25, 1, 'verifyWithRentCheckBox')
data.setCell(25, 2, 'tests.ExpensesTests')
data.setCell(25, 3, 0);
data.setCell(26, 0, 26)
data.setCell(26, 1, 'verifyEmailFieldWithInvalidEmailAddress')
data.setCell(26, 2, 'tests.PersonalInformationTests')
data.setCell(26, 3, 0);
data.setCell(27, 0, 27)
data.setCell(27, 1, 'verifyRequiredFields')
data.setCell(27, 2, 'tests.PersonalInformationTests')
data.setCell(27, 3, 0);
data.setCell(28, 0, 28)
data.setCell(28, 1, 'verifyEmailFieldWithInvalidEmailAddress')
data.setCell(28, 2, 'tests.PersonalInformationTests')
data.setCell(28, 3, 0);
data.setCell(29, 0, 29)
data.setCell(29, 1, 'verifyWithValidCredentialsFromCsvFile')
data.setCell(29, 2, 'tests.PersonalInformationTests')
data.setCell(29, 3, 0);
data.setCell(30, 0, 30)
data.setCell(30, 1, 'verifyNameFieldsWithNumericCredentials')
data.setCell(30, 2, 'tests.PersonalInformationTests')
data.setCell(30, 3, 0);
data.setCell(31, 0, 31)
data.setCell(31, 1, 'verifyNameFieldsWithNumericCredentials')
data.setCell(31, 2, 'tests.PersonalInformationTests')
data.setCell(31, 3, 0);
data.setCell(32, 0, 32)
data.setCell(32, 1, 'verifyWithValidCredentialsFromCsvFile')
data.setCell(32, 2, 'tests.PersonalInformationTests')
data.setCell(32, 3, 0);
data.setCell(33, 0, 33)
data.setCell(33, 1, 'verifyEmailFieldWithInvalidEmailAddress')
data.setCell(33, 2, 'tests.PersonalInformationTests')
data.setCell(33, 3, 0);
data.setCell(34, 0, 34)
data.setCell(34, 1, 'verifyWithNoCredentials')
data.setCell(34, 2, 'tests.PersonalInformationTests')
data.setCell(34, 3, 0);
data.setCell(35, 0, 35)
data.setCell(35, 1, 'verifyEmailFieldWithInvalidEmailAddress')
data.setCell(35, 2, 'tests.PersonalInformationTests')
data.setCell(35, 3, 0);
window.suiteTableData['Sprint_2_Parallel_Test_Suite']= { tableData: data, tableDiv: 'times-div-Sprint_2_Parallel_Test_Suite'}
return data;
}
              </script>
              <span class="suite-total-time">Total running time: 1 minutes</span>
              <div id="times-div-Sprint_2_Parallel_Test_Suite">
              </div> <!-- times-div-Sprint_2_Parallel_Test_Suite -->
            </div> <!-- times-div -->
          </div> <!-- main-panel-content rounded-window-bottom -->
        </div> <!-- panel -->
        <div panel-name="reporter-Sprint_2_Parallel_Test_Suite" class="panel">
          <div class="main-panel-header rounded-window-top">
            <span class="header-content">Reporter output for Sprint 2 Parallel Test Suite</span>
          </div> <!-- main-panel-header rounded-window-top -->
          <div class="main-panel-content rounded-window-bottom">
          </div> <!-- main-panel-content rounded-window-bottom -->
        </div> <!-- panel -->
        <div panel-name="ignored-methods-Sprint_2_Parallel_Test_Suite" class="panel">
          <div class="main-panel-header rounded-window-top">
            <span class="header-content">14 ignored methods</span>
          </div> <!-- main-panel-header rounded-window-top -->
          <div class="main-panel-content rounded-window-bottom">
            <div class="ignored-class-div">
              <span class="ignored-class-name">tests.ExpensesTests</span>
              <div class="ignored-methods-div">
                <span class="ignored-method-name">tearDownReport</span>
                <br/>
                <span class="ignored-method-name">setupReport</span>
                <br/>
              </div> <!-- ignored-methods-div -->
            </div> <!-- ignored-class-div -->
            <div class="ignored-class-div">
              <span class="ignored-class-name">tests.EconsentTests</span>
              <div class="ignored-methods-div">
                <span class="ignored-method-name">tearDownReport</span>
                <br/>
                <span class="ignored-method-name">setupReport</span>
                <br/>
              </div> <!-- ignored-methods-div -->
            </div> <!-- ignored-class-div -->
            <div class="ignored-class-div">
              <span class="ignored-class-name">tests.PreApprovalDetailsTests</span>
              <div class="ignored-methods-div">
                <span class="ignored-method-name">tearDownReport</span>
                <br/>
                <span class="ignored-method-name">setupReport</span>
                <br/>
              </div> <!-- ignored-methods-div -->
            </div> <!-- ignored-class-div -->
            <div class="ignored-class-div">
              <span class="ignored-class-name">tests.SignUpTests</span>
              <div class="ignored-methods-div">
                <span class="ignored-method-name">tearDownReport</span>
                <br/>
                <span class="ignored-method-name">setupReport</span>
                <br/>
              </div> <!-- ignored-methods-div -->
            </div> <!-- ignored-class-div -->
            <div class="ignored-class-div">
              <span class="ignored-class-name">tests.EmploymentAndIncomeTests</span>
              <div class="ignored-methods-div">
                <span class="ignored-method-name">tearDownReport</span>
                <br/>
                <span class="ignored-method-name">setupReport</span>
                <br/>
              </div> <!-- ignored-methods-div -->
            </div> <!-- ignored-class-div -->
            <div class="ignored-class-div">
              <span class="ignored-class-name">tests.LoginTests</span>
              <div class="ignored-methods-div">
                <span class="ignored-method-name">tearDownReport</span>
                <br/>
                <span class="ignored-method-name">setupReport</span>
                <br/>
              </div> <!-- ignored-methods-div -->
            </div> <!-- ignored-class-div -->
            <div class="ignored-class-div">
              <span class="ignored-class-name">tests.PersonalInformationTests</span>
              <div class="ignored-methods-div">
                <span class="ignored-method-name">tearDownReport</span>
                <br/>
                <span class="ignored-method-name">setupReport</span>
                <br/>
              </div> <!-- ignored-methods-div -->
            </div> <!-- ignored-class-div -->
          </div> <!-- main-panel-content rounded-window-bottom -->
        </div> <!-- panel -->
        <div panel-name="chronological-Sprint_2_Parallel_Test_Suite" class="panel">
          <div class="main-panel-header rounded-window-top">
            <span class="header-content">Methods in chronological order</span>
          </div> <!-- main-panel-header rounded-window-top -->
          <div class="main-panel-content rounded-window-bottom">
            <div class="chronological-class">
              <div class="chronological-class-name">tests.CreditReportTest</div> <!-- chronological-class-name -->
              <div class="configuration-suite before">
                <span class="method-name">setupReport</span>
                <span class="method-start">0 ms</span>
              </div> <!-- configuration-suite before -->
            </div> <!-- chronological-class -->
            <div class="chronological-class">
              <div class="chronological-class-name">tests.EconsentTests</div> <!-- chronological-class-name -->
              <div class="configuration-method before">
                <span class="method-name">setupMethod(null, public void tests.EconsentTests.EconsentWithInValidCredentials())</span>
                <span class="method-start">243 ms</span>
              </div> <!-- configuration-method before -->
            </div> <!-- chronological-class -->
            <div class="chronological-class">
              <div class="chronological-class-name">tests.PreApprovalDetailsTests</div> <!-- chronological-class-name -->
              <div class="configuration-method before">
                <span class="method-name">setupMethod(null, public void tests.PreApprovalDetailsTests.negativeTestPreApprovalDetailsWithoutData())</span>
                <span class="method-start">243 ms</span>
              </div> <!-- configuration-method before -->
            </div> <!-- chronological-class -->
            <div class="chronological-class">
              <div class="chronological-class-name">tests.LoginTests</div> <!-- chronological-class-name -->
              <div class="configuration-method before">
                <span class="method-name">setupMethod(null, public void tests.LoginTests.appHealthCheck())</span>
                <span class="method-start">243 ms</span>
              </div> <!-- configuration-method before -->
            </div> <!-- chronological-class -->
            <div class="chronological-class">
              <div class="chronological-class-name">tests.PersonalInformationTests</div> <!-- chronological-class-name -->
              <div class="configuration-method before">
                <span class="method-name">setupMethod(null, public void tests.PersonalInformationTests.verifyEmailFieldWithInvalidEmailAddress(java.lang.S...)</span>
                <span class="method-start">243 ms</span>
              </div> <!-- configuration-method before -->
            </div> <!-- chronological-class -->
            <div class="chronological-class">
              <div class="chronological-class-name">tests.ExpensesTests</div> <!-- chronological-class-name -->
              <div class="configuration-method before">
                <span class="method-name">setupMethod(null, public void tests.ExpensesTests.verifyWithNoCredentials())</span>
                <span class="method-start">244 ms</span>
              </div> <!-- configuration-method before -->
            </div> <!-- chronological-class -->
            <div class="chronological-class">
              <div class="chronological-class-name">tests.CreditReportTest</div> <!-- chronological-class-name -->
              <div class="configuration-method before">
                <span class="method-name">setupMethod(null, public void tests.CreditReportTest.negativeAnswerForCreditReport())</span>
                <span class="method-start">244 ms</span>
              </div> <!-- configuration-method before -->
            </div> <!-- chronological-class -->
            <div class="chronological-class">
              <div class="chronological-class-name">tests.SignUpTests</div> <!-- chronological-class-name -->
              <div class="configuration-method before">
                <span class="method-name">setupMethod(null, public void tests.SignUpTests.signUpWithFaker())</span>
                <span class="method-start">244 ms</span>
              </div> <!-- configuration-method before -->
            </div> <!-- chronological-class -->
            <div class="chronological-class">
              <div class="chronological-class-name">tests.EmploymentAndIncomeTests</div> <!-- chronological-class-name -->
              <div class="configuration-method before">
                <span class="method-name">setupMethod(null, public void tests.EmploymentAndIncomeTests.verifyWithNoCredentials())</span>
                <span class="method-start">244 ms</span>
              </div> <!-- configuration-method before -->
            </div> <!-- chronological-class -->
            <div class="chronological-class">
              <div class="chronological-class-name">tests.CreditReportTest</div> <!-- chronological-class-name -->
              <div class="configuration-method before">
                <span class="method-name">loginSetup</span>
                <span class="method-start">3331 ms</span>
              </div> <!-- configuration-method before -->
            </div> <!-- chronological-class -->
            <div class="chronological-class">
              <div class="chronological-class-name">tests.EconsentTests</div> <!-- chronological-class-name -->
              <div class="configuration-method before">
                <span class="method-name">loginSetup</span>
                <span class="method-start">4651 ms</span>
              </div> <!-- configuration-method before -->
            </div> <!-- chronological-class -->
            <div class="chronological-class">
              <div class="chronological-class-name">tests.EmploymentAndIncomeTests</div> <!-- chronological-class-name -->
              <div class="configuration-method before">
                <span class="method-name">loginSetup</span>
                <span class="method-start">5826 ms</span>
              </div> <!-- configuration-method before -->
            </div> <!-- chronological-class -->
            <div class="chronological-class">
              <div class="chronological-class-name">tests.SignUpTests</div> <!-- chronological-class-name -->
              <div class="configuration-method before">
                <span class="method-name">setupMethod</span>
                <span class="method-start">7109 ms</span>
              </div> <!-- configuration-method before -->
            </div> <!-- chronological-class -->
            <div class="chronological-class">
              <div class="chronological-class-name">tests.PreApprovalDetailsTests</div> <!-- chronological-class-name -->
              <div class="configuration-method before">
                <span class="method-name">preApprovalTestsSetup</span>
                <span class="method-start">8428 ms</span>
              </div> <!-- configuration-method before -->
            </div> <!-- chronological-class -->
            <div class="chronological-class">
              <div class="chronological-class-name">tests.PersonalInformationTests</div> <!-- chronological-class-name -->
              <div class="configuration-method before">
                <span class="method-name">loginSetup</span>
                <span class="method-start">9871 ms</span>
              </div> <!-- configuration-method before -->
            </div> <!-- chronological-class -->
            <div class="chronological-class">
              <div class="chronological-class-name">tests.LoginTests</div> <!-- chronological-class-name -->
              <div class="test-method">
                <span class="method-name">appHealthCheck</span>
                <span class="method-start">11241 ms</span>
              </div> <!-- test-method -->
              <div class="configuration-method after">
                <span class="method-name">tearDownMethod([TestResult name=appHealthCheck status=SUCCESS method=LoginTests.appHealthCheck()[pri:0, instance:te...)</span>
                <span class="method-start">11259 ms</span>
              </div> <!-- configuration-method after -->
            </div> <!-- chronological-class -->
            <div class="chronological-class">
              <div class="chronological-class-name">tests.ExpensesTests</div> <!-- chronological-class-name -->
              <div class="configuration-method before">
                <span class="method-name">loginSetup</span>
                <span class="method-start">12675 ms</span>
              </div> <!-- configuration-method before -->
            </div> <!-- chronological-class -->
            <div class="chronological-class">
              <div class="chronological-class-name">tests.LoginTests</div> <!-- chronological-class-name -->
              <div class="configuration-method before">
                <span class="method-name">setupMethod(null, public void tests.LoginTests.loginWithInvalidPassword())</span>
                <span class="method-start">13598 ms</span>
              </div> <!-- configuration-method before -->
            </div> <!-- chronological-class -->
            <div class="chronological-class">
              <div class="chronological-class-name">tests.SignUpTests</div> <!-- chronological-class-name -->
              <div class="test-method">
                <span class="method-name">signUpWithFaker</span>
                <span class="method-start">14450 ms</span>
              </div> <!-- test-method -->
            </div> <!-- chronological-class -->
            <div class="chronological-class">
              <div class="chronological-class-name">tests.LoginTests</div> <!-- chronological-class-name -->
              <div class="test-method">
                <span class="method-name">loginWithInvalidPassword</span>
                <span class="method-start">18650 ms</span>
              </div> <!-- test-method -->
              <div class="configuration-method after">
                <span class="method-name">tearDownMethod([TestResult name=loginWithInvalidPassword status=SUCCESS method=LoginTests.loginWithInvalidPassword(...)</span>
                <span class="method-start">20420 ms</span>
              </div> <!-- configuration-method after -->
              <div class="configuration-method before">
                <span class="method-name">setupMethod(null, public void tests.LoginTests.loginWithInvalidUsername())</span>
                <span class="method-start">22392 ms</span>
              </div> <!-- configuration-method before -->
            </div> <!-- chronological-class -->
            <div class="chronological-class">
              <div class="chronological-class-name">tests.SignUpTests</div> <!-- chronological-class-name -->
              <div class="configuration-method after">
                <span class="method-name">tearDownMethod([TestResult name=signUpWithFaker status=SUCCESS method=SignUpTests.signUpWithFaker()[pri:0, instance...)</span>
                <span class="method-start">23582 ms</span>
              </div> <!-- configuration-method after -->
            </div> <!-- chronological-class -->
            <div class="chronological-class">
              <div class="chronological-class-name">tests.PreApprovalDetailsTests</div> <!-- chronological-class-name -->
              <div class="test-method">
                <span class="method-name">negativeTestPreApprovalDetailsWithoutData</span>
                <span class="method-start">23951 ms</span>
              </div> <!-- test-method -->
            </div> <!-- chronological-class -->
            <div class="chronological-class">
              <div class="chronological-class-name">tests.PersonalInformationTests</div> <!-- chronological-class-name -->
              <div class="test-method">
                <span class="method-name">verifyEmailFieldWithInvalidEmailAddress(Jeremie, Britte, Vivians, gmail.com, 12/08/1980, 525-13-6745, 825-706-8697, 184-796-5750)</span>
                <span class="method-start">25085 ms</span>
              </div> <!-- test-method -->
            </div> <!-- chronological-class -->
            <div class="chronological-class">
              <div class="chronological-class-name">tests.LoginTests</div> <!-- chronological-class-name -->
              <div class="test-method">
                <span class="method-name">loginWithInvalidUsername</span>
                <span class="method-start">26791 ms</span>
              </div> <!-- test-method -->
            </div> <!-- chronological-class -->
            <div class="chronological-class">
              <div class="chronological-class-name">tests.PreApprovalDetailsTests</div> <!-- chronological-class-name -->
              <div class="configuration-method after">
                <span class="method-name">tearDownMethod([TestResult name=negativeTestPreApprovalDetailsWithoutData status=SUCCESS method=PreApprovalDetailsT...)</span>
                <span class="method-start">26818 ms</span>
              </div> <!-- configuration-method after -->
            </div> <!-- chronological-class -->
            <div class="chronological-class">
              <div class="chronological-class-name">tests.SignUpTests</div> <!-- chronological-class-name -->
              <div class="configuration-method before">
                <span class="method-name">setupMethod(null, public void tests.SignUpTests.signUpWithWrongEmailInput())</span>
                <span class="method-start">29304 ms</span>
              </div> <!-- configuration-method before -->
            </div> <!-- chronological-class -->
            <div class="chronological-class">
              <div class="chronological-class-name">tests.ExpensesTests</div> <!-- chronological-class-name -->
              <div class="test-method">
                <img src="failed.png">
                </img>
                <span class="method-name">verifyWithNoCredentials</span>
                <span class="method-start">29423 ms</span>
              </div> <!-- test-method -->
            </div> <!-- chronological-class -->
            <div class="chronological-class">
              <div class="chronological-class-name">tests.PersonalInformationTests</div> <!-- chronological-class-name -->
              <div class="configuration-method after">
                <span class="method-name">tearDownMethod([TestResult name=verifyEmailFieldWithInvalidEmailAddress status=SUCCESS method=PersonalInformationTe...)</span>
                <span class="method-start">29865 ms</span>
              </div> <!-- configuration-method after -->
            </div> <!-- chronological-class -->
            <div class="chronological-class">
              <div class="chronological-class-name">tests.PreApprovalDetailsTests</div> <!-- chronological-class-name -->
              <div class="configuration-method before">
                <span class="method-name">setupMethod(null, public void tests.PreApprovalDetailsTests.positiveTestPreApprovalDetails())</span>
                <span class="method-start">30866 ms</span>
              </div> <!-- configuration-method before -->
            </div> <!-- chronological-class -->
            <div class="chronological-class">
              <div class="chronological-class-name">tests.LoginTests</div> <!-- chronological-class-name -->
              <div class="configuration-method after">
                <span class="method-name">tearDownMethod([TestResult name=loginWithInvalidUsername status=SUCCESS method=LoginTests.loginWithInvalidUsername(...)</span>
                <span class="method-start">31568 ms</span>
              </div> <!-- configuration-method after -->
            </div> <!-- chronological-class -->
            <div class="chronological-class">
              <div class="chronological-class-name">tests.PersonalInformationTests</div> <!-- chronological-class-name -->
              <div class="configuration-method before">
                <span class="method-name">setupMethod(null, public void tests.PersonalInformationTests.verifyEmailFieldWithInvalidEmailAddress(java.lang.S...)</span>
                <span class="method-start">32073 ms</span>
              </div> <!-- configuration-method before -->
              <div class="configuration-method before">
                <img src="failed.png">
                </img>
                <span class="method-name">loginSetup</span>
                <span class="method-start">34354 ms</span>
              </div> <!-- configuration-method before -->
            </div> <!-- chronological-class -->
            <div class="chronological-class">
              <div class="chronological-class-name">tests.EmploymentAndIncomeTests</div> <!-- chronological-class-name -->
              <div class="test-method">
                <img src="failed.png">
                </img>
                <span class="method-name">verifyWithNoCredentials</span>
                <span class="method-start">35945 ms</span>
              </div> <!-- test-method -->
            </div> <!-- chronological-class -->
            <div class="chronological-class">
              <div class="chronological-class-name">tests.SignUpTests</div> <!-- chronological-class-name -->
              <div class="configuration-method before">
                <span class="method-name">setupMethod</span>
                <span class="method-start">36029 ms</span>
              </div> <!-- configuration-method before -->
            </div> <!-- chronological-class -->
            <div class="chronological-class">
              <div class="chronological-class-name">tests.LoginTests</div> <!-- chronological-class-name -->
              <div class="configuration-method before">
                <span class="method-name">setupMethod(null, public void tests.LoginTests.loginWithNoCredentials())</span>
                <span class="method-start">37692 ms</span>
              </div> <!-- configuration-method before -->
            </div> <!-- chronological-class -->
            <div class="chronological-class">
              <div class="chronological-class-name">tests.PreApprovalDetailsTests</div> <!-- chronological-class-name -->
              <div class="configuration-method before">
                <span class="method-name">preApprovalTestsSetup</span>
                <span class="method-start">39654 ms</span>
              </div> <!-- configuration-method before -->
            </div> <!-- chronological-class -->
            <div class="chronological-class">
              <div class="chronological-class-name">tests.SignUpTests</div> <!-- chronological-class-name -->
              <div class="test-method">
                <span class="method-name">signUpWithWrongEmailInput</span>
                <span class="method-start">40984 ms</span>
              </div> <!-- test-method -->
            </div> <!-- chronological-class -->
            <div class="chronological-class">
              <div class="chronological-class-name">tests.LoginTests</div> <!-- chronological-class-name -->
              <div class="test-method">
                <span class="method-name">loginWithNoCredentials</span>
                <span class="method-start">41546 ms</span>
              </div> <!-- test-method -->
              <div class="configuration-method after">
                <span class="method-name">tearDownMethod([TestResult name=loginWithNoCredentials status=SUCCESS method=LoginTests.loginWithNoCredentials()[pr...)</span>
                <span class="method-start">42076 ms</span>
              </div> <!-- configuration-method after -->
            </div> <!-- chronological-class -->
            <div class="chronological-class">
              <div class="chronological-class-name">tests.ExpensesTests</div> <!-- chronological-class-name -->
              <div class="configuration-method after">
                <span class="method-name">tearDownMethod([TestResult name=verifyWithNoCredentials status=FAILURE method=ExpensesTests.verifyWithNoCredentials...)</span>
                <span class="method-start">42417 ms</span>
              </div> <!-- configuration-method after -->
            </div> <!-- chronological-class -->
            <div class="chronological-class">
              <div class="chronological-class-name">tests.SignUpTests</div> <!-- chronological-class-name -->
              <div class="configuration-method after">
                <span class="method-name">tearDownMethod([TestResult name=signUpWithWrongEmailInput status=SUCCESS method=SignUpTests.signUpWithWrongEmailInp...)</span>
                <span class="method-start">42476 ms</span>
              </div> <!-- configuration-method after -->
            </div> <!-- chronological-class -->
            <div class="chronological-class">
              <div class="chronological-class-name">tests.LoginTests</div> <!-- chronological-class-name -->
              <div class="configuration-method before">
                <span class="method-name">setupMethod(null, public void tests.LoginTests.loginWithValidCredentials())</span>
                <span class="method-start">43961 ms</span>
              </div> <!-- configuration-method before -->
            </div> <!-- chronological-class -->
            <div class="chronological-class">
              <div class="chronological-class-name">tests.CreditReportTest</div> <!-- chronological-class-name -->
              <div class="test-method">
                <img src="failed.png">
                </img>
                <span class="method-name">negativeAnswerForCreditReport</span>
                <span class="method-start">44400 ms</span>
              </div> <!-- test-method -->
            </div> <!-- chronological-class -->
            <div class="chronological-class">
              <div class="chronological-class-name">tests.LoginTests</div> <!-- chronological-class-name -->
              <div class="test-method">
                <span class="method-name">loginWithValidCredentials</span>
                <span class="method-start">46355 ms</span>
              </div> <!-- test-method -->
            </div> <!-- chronological-class -->
            <div class="chronological-class">
              <div class="chronological-class-name">tests.SignUpTests</div> <!-- chronological-class-name -->
              <div class="configuration-method before">
                <span class="method-name">setupMethod(null, public void tests.SignUpTests.signUpWithoutData())</span>
                <span class="method-start">47007 ms</span>
              </div> <!-- configuration-method before -->
            </div> <!-- chronological-class -->
            <div class="chronological-class">
              <div class="chronological-class-name">tests.PreApprovalDetailsTests</div> <!-- chronological-class-name -->
              <div class="test-method">
                <span class="method-name">positiveTestPreApprovalDetails</span>
                <span class="method-start">47064 ms</span>
              </div> <!-- test-method -->
            </div> <!-- chronological-class -->
            <div class="chronological-class">
              <div class="chronological-class-name">tests.EconsentTests</div> <!-- chronological-class-name -->
              <div class="test-method">
                <span class="method-name">EconsentWithInValidCredentials</span>
                <span class="method-start">47388 ms</span>
              </div> <!-- test-method -->
            </div> <!-- chronological-class -->
            <div class="chronological-class">
              <div class="chronological-class-name">tests.CreditReportTest</div> <!-- chronological-class-name -->
              <div class="configuration-method after">
                <span class="method-name">tearDownMethod([TestResult name=negativeAnswerForCreditReport status=FAILURE method=CreditReportTest.negativeAnswer...)</span>
                <span class="method-start">47474 ms</span>
              </div> <!-- configuration-method after -->
            </div> <!-- chronological-class -->
            <div class="chronological-class">
              <div class="chronological-class-name">tests.LoginTests</div> <!-- chronological-class-name -->
              <div class="configuration-method after">
                <span class="method-name">tearDownMethod([TestResult name=loginWithValidCredentials status=SUCCESS method=LoginTests.loginWithValidCredential...)</span>
                <span class="method-start">47828 ms</span>
              </div> <!-- configuration-method after -->
            </div> <!-- chronological-class -->
            <div class="chronological-class">
              <div class="chronological-class-name">tests.SignUpTests</div> <!-- chronological-class-name -->
              <div class="configuration-method before">
                <span class="method-name">setupMethod</span>
                <span class="method-start">48996 ms</span>
              </div> <!-- configuration-method before -->
            </div> <!-- chronological-class -->
            <div class="chronological-class">
              <div class="chronological-class-name">tests.PersonalInformationTests</div> <!-- chronological-class-name -->
              <div class="configuration-method after">
                <span class="method-name">tearDownMethod([TestResult name={null} status=CREATED method=PersonalInformationTests.verifyEmailFieldWithInvalidEm...)</span>
                <span class="method-start">49100 ms</span>
              </div> <!-- configuration-method after -->
              <div class="test-method">
                <span class="method-name">verifyEmailFieldWithInvalidEmailAddress(Jeremie, Britte, Vivians, bv@ivi@ans0gmail.com, 12/08/1980, 525-13-6745, 825-706-8697, 184-796-5750)</span>
                <span class="method-start">49100 ms</span>
              </div> <!-- test-method -->
            </div> <!-- chronological-class -->
            <div class="chronological-class">
              <div class="chronological-class-name">tests.ExpensesTests</div> <!-- chronological-class-name -->
              <div class="configuration-method before">
                <span class="method-name">setupMethod(null, public void tests.ExpensesTests.verifyWithOwnCheckBox())</span>
                <span class="method-start">49858 ms</span>
              </div> <!-- configuration-method before -->
            </div> <!-- chronological-class -->
            <div class="chronological-class">
              <div class="chronological-class-name">tests.EconsentTests</div> <!-- chronological-class-name -->
              <div class="configuration-method after">
                <span class="method-name">tearDownMethod([TestResult name=EconsentWithInValidCredentials status=SUCCESS method=EconsentTests.EconsentWithInVa...)</span>
                <span class="method-start">50595 ms</span>
              </div> <!-- configuration-method after -->
            </div> <!-- chronological-class -->
            <div class="chronological-class">
              <div class="chronological-class-name">tests.CreditReportTest</div> <!-- chronological-class-name -->
              <div class="configuration-method before">
                <span class="method-name">setupMethod(null, public void tests.CreditReportTest.positiveAnswerForCreditReport())</span>
                <span class="method-start">50668 ms</span>
              </div> <!-- configuration-method before -->
            </div> <!-- chronological-class -->
            <div class="chronological-class">
              <div class="chronological-class-name">tests.PreApprovalDetailsTests</div> <!-- chronological-class-name -->
              <div class="configuration-method after">
                <span class="method-name">tearDownMethod([TestResult name=positiveTestPreApprovalDetails status=SUCCESS method=PreApprovalDetailsTests.positi...)</span>
                <span class="method-start">50762 ms</span>
              </div> <!-- configuration-method after -->
            </div> <!-- chronological-class -->
            <div class="chronological-class">
              <div class="chronological-class-name">tests.EmploymentAndIncomeTests</div> <!-- chronological-class-name -->
              <div class="configuration-method after">
                <span class="method-name">tearDownMethod([TestResult name=verifyWithNoCredentials status=FAILURE method=EmploymentAndIncomeTests.verifyWithNo...)</span>
                <span class="method-start">50936 ms</span>
              </div> <!-- configuration-method after -->
            </div> <!-- chronological-class -->
            <div class="chronological-class">
              <div class="chronological-class-name">tests.PersonalInformationTests</div> <!-- chronological-class-name -->
              <div class="configuration-method before">
                <span class="method-name">setupMethod(null, public void tests.PersonalInformationTests.verifyEmailFieldWithInvalidEmailAddress(java.lang.S...)</span>
                <span class="method-start">51378 ms</span>
              </div> <!-- configuration-method before -->
            </div> <!-- chronological-class -->
            <div class="chronological-class">
              <div class="chronological-class-name">tests.SignUpTests</div> <!-- chronological-class-name -->
              <div class="test-method">
                <span class="method-name">signUpWithoutData</span>
                <span class="method-start">51669 ms</span>
              </div> <!-- test-method -->
            </div> <!-- chronological-class -->
            <div class="chronological-class">
              <div class="chronological-class-name">tests.CreditReportTest</div> <!-- chronological-class-name -->
              <div class="configuration-method before">
                <img src="failed.png">
                </img>
                <span class="method-name">loginSetup</span>
                <span class="method-start">54292 ms</span>
              </div> <!-- configuration-method before -->
            </div> <!-- chronological-class -->
            <div class="chronological-class">
              <div class="chronological-class-name">tests.EconsentTests</div> <!-- chronological-class-name -->
              <div class="configuration-method before">
                <span class="method-name">setupMethod(null, public void tests.EconsentTests.EconsentWithNoCredetials())</span>
                <span class="method-start">54393 ms</span>
              </div> <!-- configuration-method before -->
            </div> <!-- chronological-class -->
            <div class="chronological-class">
              <div class="chronological-class-name">tests.ExpensesTests</div> <!-- chronological-class-name -->
              <div class="configuration-method before">
                <span class="method-name">loginSetup</span>
                <span class="method-start">56351 ms</span>
              </div> <!-- configuration-method before -->
            </div> <!-- chronological-class -->
            <div class="chronological-class">
              <div class="chronological-class-name">tests.EconsentTests</div> <!-- chronological-class-name -->
              <div class="configuration-method before">
                <span class="method-name">loginSetup</span>
                <span class="method-start">57774 ms</span>
              </div> <!-- configuration-method before -->
            </div> <!-- chronological-class -->
            <div class="chronological-class">
              <div class="chronological-class-name">tests.EmploymentAndIncomeTests</div> <!-- chronological-class-name -->
              <div class="configuration-method before">
                <span class="method-name">setupMethod(null, public void tests.EmploymentAndIncomeTests.verifyWithValidDataEmploymentAndIncome())</span>
                <span class="method-start">58294 ms</span>
              </div> <!-- configuration-method before -->
            </div> <!-- chronological-class -->
            <div class="chronological-class">
              <div class="chronological-class-name">tests.SignUpTests</div> <!-- chronological-class-name -->
              <div class="configuration-method after">
                <span class="method-name">tearDownMethod([TestResult name=signUpWithoutData status=SUCCESS method=SignUpTests.signUpWithoutData()[pri:0, inst...)</span>
                <span class="method-start">58649 ms</span>
              </div> <!-- configuration-method after -->
            </div> <!-- chronological-class -->
            <div class="chronological-class">
              <div class="chronological-class-name">tests.PersonalInformationTests</div> <!-- chronological-class-name -->
              <div class="configuration-method before">
                <span class="method-name">loginSetup</span>
                <span class="method-start">60305 ms</span>
              </div> <!-- configuration-method before -->
            </div> <!-- chronological-class -->
            <div class="chronological-class">
              <div class="chronological-class-name">tests.EmploymentAndIncomeTests</div> <!-- chronological-class-name -->
              <div class="configuration-method before">
                <span class="method-name">loginSetup</span>
                <span class="method-start">63436 ms</span>
              </div> <!-- configuration-method before -->
            </div> <!-- chronological-class -->
            <div class="chronological-class">
              <div class="chronological-class-name">tests.PersonalInformationTests</div> <!-- chronological-class-name -->
              <div class="test-method">
                <span class="method-name">verifyEmailFieldWithInvalidEmailAddress(Jeremie, Britte, Vivians, bvivians, 12/08/1980, 525-13-6745, 825-706-8697, 184-796-5750)</span>
                <span class="method-start">69435 ms</span>
              </div> <!-- test-method -->
              <div class="configuration-method after">
                <span class="method-name">tearDownMethod([TestResult name={null} status=CREATED method=PersonalInformationTests.verifyEmailFieldWithInvalidEm...)</span>
                <span class="method-start">69436 ms</span>
              </div> <!-- configuration-method after -->
            </div> <!-- chronological-class -->
            <div class="chronological-class">
              <div class="chronological-class-name">tests.CreditReportTest</div> <!-- chronological-class-name -->
              <div class="test-method">
                <span class="method-name">positiveAnswerForCreditReport</span>
                <span class="method-start">69712 ms</span>
              </div> <!-- test-method -->
              <div class="configuration-method after">
                <span class="method-name">tearDownMethod([TestResult name={null} status=CREATED method=CreditReportTest.positiveAnswerForCreditReport()[pri:0...)</span>
                <span class="method-start">69712 ms</span>
              </div> <!-- configuration-method after -->
            </div> <!-- chronological-class -->
            <div class="chronological-class">
              <div class="chronological-class-name">tests.PersonalInformationTests</div> <!-- chronological-class-name -->
              <div class="configuration-method before">
                <span class="method-name">setupMethod(null, public void tests.PersonalInformationTests.verifyEmailFieldWithInvalidEmailAddress(java.lang.S...)</span>
                <span class="method-start">70287 ms</span>
              </div> <!-- configuration-method before -->
              <div class="configuration-method before">
                <img src="failed.png">
                </img>
                <span class="method-name">loginSetup</span>
                <span class="method-start">73309 ms</span>
              </div> <!-- configuration-method before -->
            </div> <!-- chronological-class -->
            <div class="chronological-class">
              <div class="chronological-class-name">tests.ExpensesTests</div> <!-- chronological-class-name -->
              <div class="test-method">
                <span class="method-name">verifyWithOwnCheckBox</span>
                <span class="method-start">75072 ms</span>
              </div> <!-- test-method -->
            </div> <!-- chronological-class -->
            <div class="chronological-class">
              <div class="chronological-class-name">tests.EconsentTests</div> <!-- chronological-class-name -->
              <div class="test-method">
                <img src="failed.png">
                </img>
                <span class="method-name">EconsentWithNoCredetials</span>
                <span class="method-start">75193 ms</span>
              </div> <!-- test-method -->
              <div class="configuration-method after">
                <span class="method-name">tearDownMethod([TestResult name=EconsentWithNoCredetials status=FAILURE method=EconsentTests.EconsentWithNoCredetia...)</span>
                <span class="method-start">75469 ms</span>
              </div> <!-- configuration-method after -->
            </div> <!-- chronological-class -->
            <div class="chronological-class">
              <div class="chronological-class-name">tests.ExpensesTests</div> <!-- chronological-class-name -->
              <div class="configuration-method after">
                <span class="method-name">tearDownMethod([TestResult name=verifyWithOwnCheckBox status=SUCCESS method=ExpensesTests.verifyWithOwnCheckBox()[p...)</span>
                <span class="method-start">75716 ms</span>
              </div> <!-- configuration-method after -->
            </div> <!-- chronological-class -->
            <div class="chronological-class">
              <div class="chronological-class-name">tests.EmploymentAndIncomeTests</div> <!-- chronological-class-name -->
              <div class="test-method">
                <span class="method-name">verifyWithValidDataEmploymentAndIncome</span>
                <span class="method-start">75861 ms</span>
              </div> <!-- test-method -->
            </div> <!-- chronological-class -->
            <div class="chronological-class">
              <div class="chronological-class-name">tests.ExpensesTests</div> <!-- chronological-class-name -->
              <div class="configuration-method before">
                <span class="method-name">setupMethod(null, public void tests.ExpensesTests.verifyWithRentCheckBox())</span>
                <span class="method-start">76440 ms</span>
              </div> <!-- configuration-method before -->
            </div> <!-- chronological-class -->
            <div class="chronological-class">
              <div class="chronological-class-name">tests.EconsentTests</div> <!-- chronological-class-name -->
              <div class="configuration-method before">
                <span class="method-name">setupMethod(null, public void tests.EconsentTests.EconsentWithValidCredentials())</span>
                <span class="method-start">77196 ms</span>
              </div> <!-- configuration-method before -->
            </div> <!-- chronological-class -->
            <div class="chronological-class">
              <div class="chronological-class-name">tests.EmploymentAndIncomeTests</div> <!-- chronological-class-name -->
              <div class="configuration-method after">
                <span class="method-name">tearDownMethod([TestResult name=verifyWithValidDataEmploymentAndIncome status=SUCCESS method=EmploymentAndIncomeTes...)</span>
                <span class="method-start">77891 ms</span>
              </div> <!-- configuration-method after -->
            </div> <!-- chronological-class -->
            <div class="chronological-class">
              <div class="chronological-class-name">tests.ExpensesTests</div> <!-- chronological-class-name -->
              <div class="configuration-method before">
                <img src="failed.png">
                </img>
                <span class="method-name">loginSetup</span>
                <span class="method-start">79029 ms</span>
              </div> <!-- configuration-method before -->
            </div> <!-- chronological-class -->
            <div class="chronological-class">
              <div class="chronological-class-name">tests.EconsentTests</div> <!-- chronological-class-name -->
              <div class="configuration-method before">
                <span class="method-name">loginSetup</span>
                <span class="method-start">81109 ms</span>
              </div> <!-- configuration-method before -->
            </div> <!-- chronological-class -->
            <div class="chronological-class">
              <div class="chronological-class-name">tests.PersonalInformationTests</div> <!-- chronological-class-name -->
              <div class="test-method">
                <span class="method-name">verifyEmailFieldWithInvalidEmailAddress(Jeremie, Britte, Vivians, "bvivians0"gmail.com, 12/08/1980, 525-13-6745, 825-706-8697, 184-796-5750)</span>
                <span class="method-start">85596 ms</span>
              </div> <!-- test-method -->
              <div class="configuration-method after">
                <span class="method-name">tearDownMethod([TestResult name={null} status=CREATED method=PersonalInformationTests.verifyEmailFieldWithInvalidEm...)</span>
                <span class="method-start">85596 ms</span>
              </div> <!-- configuration-method after -->
              <div class="configuration-method before">
                <span class="method-name">setupMethod(null, public void tests.PersonalInformationTests.verifyEmailFieldWithInvalidEmailAddress(java.lang.S...)</span>
                <span class="method-start">86285 ms</span>
              </div> <!-- configuration-method before -->
              <div class="configuration-method before">
                <span class="method-name">loginSetup</span>
                <span class="method-start">88149 ms</span>
              </div> <!-- configuration-method before -->
            </div> <!-- chronological-class -->
            <div class="chronological-class">
              <div class="chronological-class-name">tests.EconsentTests</div> <!-- chronological-class-name -->
              <div class="test-method">
                <span class="method-name">EconsentWithValidCredentials</span>
                <span class="method-start">90010 ms</span>
              </div> <!-- test-method -->
              <div class="configuration-method after">
                <span class="method-name">tearDownMethod([TestResult name=EconsentWithValidCredentials status=SUCCESS method=EconsentTests.EconsentWithValidC...)</span>
                <span class="method-start">90850 ms</span>
              </div> <!-- configuration-method after -->
            </div> <!-- chronological-class -->
            <div class="chronological-class">
              <div class="chronological-class-name">tests.ExpensesTests</div> <!-- chronological-class-name -->
              <div class="configuration-method after">
                <span class="method-name">tearDownMethod([TestResult name={null} status=CREATED method=ExpensesTests.verifyWithRentCheckBox()[pri:0, instance...)</span>
                <span class="method-start">91974 ms</span>
              </div> <!-- configuration-method after -->
              <div class="test-method">
                <span class="method-name">verifyWithRentCheckBox</span>
                <span class="method-start">91974 ms</span>
              </div> <!-- test-method -->
            </div> <!-- chronological-class -->
            <div class="chronological-class">
              <div class="chronological-class-name">tests.PersonalInformationTests</div> <!-- chronological-class-name -->
              <div class="test-method">
                <span class="method-name">verifyEmailFieldWithInvalidEmailAddress(Jeremie, Britte, Vivians, b vivians 0gmail.com, 12/08/1980, 525-13-6745, 825-706-8697, 184-796-5750)</span>
                <span class="method-start">92250 ms</span>
              </div> <!-- test-method -->
              <div class="configuration-method after">
                <span class="method-name">tearDownMethod([TestResult name={null} status=CREATED method=PersonalInformationTests.verifyEmailFieldWithInvalidEm...)</span>
                <span class="method-start">92251 ms</span>
              </div> <!-- configuration-method after -->
              <div class="configuration-method before">
                <span class="method-name">setupMethod(null, public void tests.PersonalInformationTests.verifyEmailFieldWithInvalidEmailAddress(java.lang.S...)</span>
                <span class="method-start">93424 ms</span>
              </div> <!-- configuration-method before -->
              <div class="configuration-method before">
                <span class="method-name">loginSetup</span>
                <span class="method-start">95261 ms</span>
              </div> <!-- configuration-method before -->
              <div class="configuration-method after">
                <span class="method-name">tearDownMethod([TestResult name={null} status=CREATED method=PersonalInformationTests.verifyEmailFieldWithInvalidEm...)</span>
                <span class="method-start">99536 ms</span>
              </div> <!-- configuration-method after -->
              <div class="test-method">
                <span class="method-name">verifyEmailFieldWithInvalidEmailAddress(Jeremie, Britte, Vivians, bvivians0gmail..com, 12/08/1980, 525-13-6745, 825-706-8697, 184-796-5750)</span>
                <span class="method-start">99536 ms</span>
              </div> <!-- test-method -->
              <div class="configuration-method before">
                <span class="method-name">setupMethod(null, public void tests.PersonalInformationTests.verifyEmailFieldWithInvalidEmailAddress(java.lang.S...)</span>
                <span class="method-start">100274 ms</span>
              </div> <!-- configuration-method before -->
              <div class="configuration-method before">
                <span class="method-name">loginSetup</span>
                <span class="method-start">102160 ms</span>
              </div> <!-- configuration-method before -->
              <div class="test-method">
                <span class="method-name">verifyEmailFieldWithInvalidEmailAddress(Jeremie, Britte, Vivians, ..bvivians0gmail.com, 12/08/1980, 525-13-6745, 825-706-8697, 184-796-5750)</span>
                <span class="method-start">106231 ms</span>
              </div> <!-- test-method -->
              <div class="configuration-method after">
                <span class="method-name">tearDownMethod([TestResult name={null} status=CREATED method=PersonalInformationTests.verifyEmailFieldWithInvalidEm...)</span>
                <span class="method-start">106231 ms</span>
              </div> <!-- configuration-method after -->
              <div class="configuration-method before">
                <span class="method-name">setupMethod(null, public void tests.PersonalInformationTests.verifyNameFieldsWithNumericCredentials(java.lang.St...)</span>
                <span class="method-start">106911 ms</span>
              </div> <!-- configuration-method before -->
              <div class="configuration-method before">
                <img src="failed.png">
                </img>
                <span class="method-name">loginSetup</span>
                <span class="method-start">108832 ms</span>
              </div> <!-- configuration-method before -->
              <div class="test-method">
                <span class="method-name">verifyNameFieldsWithNumericCredentials(Jeremie 123&, Britte 123&, Vivians 123&, bvivians0@latimes.com, 12/08/1980, 525-13-6745, 825-706-869...)</span>
                <span class="method-start">121142 ms</span>
              </div> <!-- test-method -->
              <div class="configuration-method after">
                <span class="method-name">tearDownMethod([TestResult name={null} status=CREATED method=PersonalInformationTests.verifyNameFieldsWithNumericCr...)</span>
                <span class="method-start">121142 ms</span>
              </div> <!-- configuration-method after -->
              <div class="configuration-method before">
                <span class="method-name">setupMethod(null, public void tests.PersonalInformationTests.verifyNameFieldsWithNumericCredentials(java.lang.St...)</span>
                <span class="method-start">121837 ms</span>
              </div> <!-- configuration-method before -->
              <div class="configuration-method before">
                <span class="method-name">loginSetup</span>
                <span class="method-start">123697 ms</span>
              </div> <!-- configuration-method before -->
              <div class="configuration-method after">
                <span class="method-name">tearDownMethod([TestResult name={null} status=CREATED method=PersonalInformationTests.verifyNameFieldsWithNumericCr...)</span>
                <span class="method-start">127994 ms</span>
              </div> <!-- configuration-method after -->
              <div class="test-method">
                <span class="method-name">verifyNameFieldsWithNumericCredentials(123456789, 123456789, 123456789, bkillnerd@prlog.org, 01/21/1992, 852-07-3385, 271-269-6706, 226-468...)</span>
                <span class="method-start">127994 ms</span>
              </div> <!-- test-method -->
              <div class="configuration-method before">
                <span class="method-name">setupMethod(null, public void tests.PersonalInformationTests.verifyNameFieldsWithNumericCredentials(java.lang.St...)</span>
                <span class="method-start">128669 ms</span>
              </div> <!-- configuration-method before -->
              <div class="configuration-method before">
                <span class="method-name">loginSetup</span>
                <span class="method-start">130684 ms</span>
              </div> <!-- configuration-method before -->
              <div class="test-method">
                <span class="method-name">verifyNameFieldsWithNumericCredentials(!@#$%^&*, !@#$%^&*, !@#$%^&*, lsainthillh@who.int, 11/18/1996, 829-91-7489, 691-539-9138, 266-952-36...)</span>
                <span class="method-start">134860 ms</span>
              </div> <!-- test-method -->
              <div class="configuration-method after">
                <span class="method-name">tearDownMethod([TestResult name={null} status=CREATED method=PersonalInformationTests.verifyNameFieldsWithNumericCr...)</span>
                <span class="method-start">134861 ms</span>
              </div> <!-- configuration-method after -->
              <div class="configuration-method before">
                <span class="method-name">setupMethod(null, public void tests.PersonalInformationTests.verifyRequiredFields())</span>
                <span class="method-start">135600 ms</span>
              </div> <!-- configuration-method before -->
              <div class="configuration-method before">
                <span class="method-name">loginSetup</span>
                <span class="method-start">137684 ms</span>
              </div> <!-- configuration-method before -->
              <div class="configuration-method after">
                <span class="method-name">tearDownMethod([TestResult name={null} status=CREATED method=PersonalInformationTests.verifyRequiredFields()[pri:0,...)</span>
                <span class="method-start">142351 ms</span>
              </div> <!-- configuration-method after -->
              <div class="test-method">
                <span class="method-name">verifyRequiredFields</span>
                <span class="method-start">142351 ms</span>
              </div> <!-- test-method -->
              <div class="configuration-method before">
                <span class="method-name">setupMethod(null, public void tests.PersonalInformationTests.verifyWithNoCredentials())</span>
                <span class="method-start">143019 ms</span>
              </div> <!-- configuration-method before -->
              <div class="configuration-method before">
                <img src="failed.png">
                </img>
                <span class="method-name">loginSetup</span>
                <span class="method-start">144836 ms</span>
              </div> <!-- configuration-method before -->
              <div class="test-method">
                <span class="method-name">verifyWithNoCredentials</span>
                <span class="method-start">156353 ms</span>
              </div> <!-- test-method -->
              <div class="configuration-method after">
                <span class="method-name">tearDownMethod([TestResult name={null} status=CREATED method=PersonalInformationTests.verifyWithNoCredentials()[pri...)</span>
                <span class="method-start">156354 ms</span>
              </div> <!-- configuration-method after -->
              <div class="configuration-method before">
                <span class="method-name">setupMethod(null, public void tests.PersonalInformationTests.verifyWithValidCredentials())</span>
                <span class="method-start">157042 ms</span>
              </div> <!-- configuration-method before -->
              <div class="configuration-method before">
                <img src="failed.png">
                </img>
                <span class="method-name">loginSetup</span>
                <span class="method-start">159004 ms</span>
              </div> <!-- configuration-method before -->
              <div class="test-method">
                <span class="method-name">verifyWithValidCredentials</span>
                <span class="method-start">170585 ms</span>
              </div> <!-- test-method -->
              <div class="configuration-method after">
                <span class="method-name">tearDownMethod([TestResult name={null} status=CREATED method=PersonalInformationTests.verifyWithValidCredentials()[...)</span>
                <span class="method-start">170585 ms</span>
              </div> <!-- configuration-method after -->
              <div class="configuration-method before">
                <span class="method-name">setupMethod(null, public void tests.PersonalInformationTests.verifyWithValidCredentialsFromCsvFile(java.lang.Str...)</span>
                <span class="method-start">171245 ms</span>
              </div> <!-- configuration-method before -->
              <div class="configuration-method before">
                <img src="failed.png">
                </img>
                <span class="method-name">loginSetup</span>
                <span class="method-start">173080 ms</span>
              </div> <!-- configuration-method before -->
              <div class="configuration-method after">
                <span class="method-name">tearDownMethod([TestResult name={null} status=CREATED method=PersonalInformationTests.verifyWithValidCredentialsFro...)</span>
                <span class="method-start">184621 ms</span>
              </div> <!-- configuration-method after -->
              <div class="test-method">
                <span class="method-name">verifyWithValidCredentialsFromCsvFile(Jeremie, Britte, Vivians, bvivians0@latimes.com, 12/08/1980, 525-13-6745, 825-706-8697, 184-796-5750)</span>
                <span class="method-start">184621 ms</span>
              </div> <!-- test-method -->
              <div class="configuration-method before">
                <span class="method-name">setupMethod(null, public void tests.PersonalInformationTests.verifyWithValidCredentialsFromCsvFile(java.lang.Str...)</span>
                <span class="method-start">185327 ms</span>
              </div> <!-- configuration-method before -->
              <div class="configuration-method before">
                <span class="method-name">loginSetup</span>
                <span class="method-start">187160 ms</span>
              </div> <!-- configuration-method before -->
              <div class="test-method">
                <span class="method-name">verifyWithValidCredentialsFromCsvFile(Rudy, Bride, Killner, bkillnerd@prlog.org, 01/21/1992, 852-07-3385, 271-269-6706, 226-468-2448)</span>
                <span class="method-start">191573 ms</span>
              </div> <!-- test-method -->
              <div class="configuration-method after">
                <span class="method-name">tearDownMethod([TestResult name={null} status=CREATED method=PersonalInformationTests.verifyWithValidCredentialsFro...)</span>
                <span class="method-start">191573 ms</span>
              </div> <!-- configuration-method after -->
              <div class="configuration-method before">
                <span class="method-name">setupMethod(null, public void tests.PersonalInformationTests.verifyWithValidCredentialsFromCsvFile(java.lang.Str...)</span>
                <span class="method-start">192236 ms</span>
              </div> <!-- configuration-method before -->
              <div class="configuration-method before">
                <span class="method-name">loginSetup</span>
                <span class="method-start">194324 ms</span>
              </div> <!-- configuration-method before -->
              <div class="test-method">
                <span class="method-name">verifyWithValidCredentialsFromCsvFile(Janenna, Lotta, Sainthill, lsainthillh@who.int, 11/18/1996, 829-91-7489, 691-539-9138, 266-952-3602)</span>
                <span class="method-start">198720 ms</span>
              </div> <!-- test-method -->
              <div class="configuration-method after">
                <span class="method-name">tearDownMethod([TestResult name={null} status=CREATED method=PersonalInformationTests.verifyWithValidCredentialsFro...)</span>
                <span class="method-start">198721 ms</span>
              </div> <!-- configuration-method after -->
            </div> <!-- chronological-class -->
            <div class="chronological-class">
              <div class="chronological-class-name">tests.CreditReportTest</div> <!-- chronological-class-name -->
              <div class="configuration-suite after">
                <span class="method-name">tearDownReport</span>
                <span class="method-start">199776 ms</span>
              </div> <!-- configuration-suite after -->
          </div> <!-- main-panel-content rounded-window-bottom -->
        </div> <!-- panel -->
      </div> <!-- main-panel-root -->
    </div> <!-- wrapper -->
  </body>
<script type="text/javascript" src="testng-reports2.js"></script>
</html>
